\BOOKMARK [0][-]{chapter.1}{Introduction to -Ray Astronomy}{}% 1
\BOOKMARK [1][-]{section.1.1}{Cosmic-ray physics}{chapter.1}% 2
\BOOKMARK [1][-]{section.1.2}{Acceleration mechanisms}{chapter.1}% 3
\BOOKMARK [2][-]{subsection.1.2.1}{Electric field acceleration}{section.1.2}% 4
\BOOKMARK [2][-]{subsection.1.2.2}{Stochastic acceleration}{section.1.2}% 5
\BOOKMARK [2][-]{subsection.1.2.3}{Diffusive Shock Acceleration}{section.1.2}% 6
\BOOKMARK [1][-]{section.1.3}{Production of -rays}{chapter.1}% 7
\BOOKMARK [2][-]{subsection.1.3.1}{Bremsstrahlung}{section.1.3}% 8
\BOOKMARK [2][-]{subsection.1.3.2}{Inverse Compton scattering}{section.1.3}% 9
\BOOKMARK [2][-]{subsection.1.3.3}{Synchrotron emission}{section.1.3}% 10
\BOOKMARK [2][-]{subsection.1.3.4}{Curvature radiation}{section.1.3}% 11
\BOOKMARK [2][-]{subsection.1.3.5}{Matter-Antimatter annihilation}{section.1.3}% 12
\BOOKMARK [2][-]{subsection.1.3.6}{Hadronic collisions}{section.1.3}% 13
\BOOKMARK [1][-]{section.1.4}{-ray Absorption mechanisms}{chapter.1}% 14
\BOOKMARK [2][-]{subsection.1.4.1}{Interaction with electrons: Compton effect}{section.1.4}% 15
\BOOKMARK [2][-]{subsection.1.4.2}{Pair production processes}{section.1.4}% 16
\BOOKMARK [2][-]{subsection.1.4.3}{The Extragalactic Background Light}{section.1.4}% 17
\BOOKMARK [1][-]{section.1.5}{Dark Matter and -rays: WIMP annihilation}{chapter.1}% 18
\BOOKMARK [1][-]{section.1.6}{-ray sources}{chapter.1}% 19
\BOOKMARK [2][-]{subsection.1.6.1}{Galactic sources}{section.1.6}% 20
\BOOKMARK [2][-]{subsection.1.6.2}{Extragalactic sources}{section.1.6}% 21
\BOOKMARK [2][-]{subsection.1.6.3}{Potential Dark Matter annihilation emission sources}{section.1.6}% 22
\BOOKMARK [0][-]{chapter.2}{Detection of -rays}{}% 23
\BOOKMARK [1][-]{section.2.1}{Space detectors}{chapter.2}% 24
\BOOKMARK [2][-]{subsection.2.1.1}{Compton detectors}{section.2.1}% 25
\BOOKMARK [2][-]{subsection.2.1.2}{Pair production detectors}{section.2.1}% 26
\BOOKMARK [1][-]{section.2.2}{Extensive Air Showers}{chapter.2}% 27
\BOOKMARK [2][-]{subsection.2.2.1}{Electromagnetic Showers}{section.2.2}% 28
\BOOKMARK [2][-]{subsection.2.2.2}{Hadronic showers}{section.2.2}% 29
\BOOKMARK [2][-]{subsection.2.2.3}{Electronic showers}{section.2.2}% 30
\BOOKMARK [1][-]{section.2.3}{Cherenkov radiation}{chapter.2}% 31
\BOOKMARK [1][-]{section.2.4}{Ground-based detectors}{chapter.2}% 32
\BOOKMARK [2][-]{subsection.2.4.1}{Particle detectors}{section.2.4}% 33
\BOOKMARK [2][-]{subsection.2.4.2}{Atmospheric Cherenkov Telescopes}{section.2.4}% 34
