CHEKING BIT 7 RATE 0 1111111 127
CHEKING BIT 6 RATE 0 111111 63
CHEKING BIT 5 RATE 0 11111 31
CHEKING BIT 4 RATE 0 1111 15
CHEKING BIT 3 RATE 2485 111 7
CHEKING BIT 2 RATE 1752 1011 11
CHEKING BIT 1 RATE 112 1101 13
CHEKING BIT 0 RATE 705 1100 12
###########################1152 111
>>>>> IP 192.168.1.10 Adder 0 Pixels 1 50%Eff 1152
CHEKING BIT 7 RATE 0 1111111 127
CHEKING BIT 6 RATE 0 111111 63
CHEKING BIT 5 RATE 139 11111 31
CHEKING BIT 4 RATE 2485 1111 15
CHEKING BIT 3 RATE 2485 10111 23
CHEKING BIT 2 RATE 2398 11011 27
CHEKING BIT 1 RATE 1352 11101 29
CHEKING BIT 0 RATE 562 11110 30
###########################2916 1111
>>>>> IP 192.168.1.10 Adder 0 Pixels 2 50%Eff 2916
CHEKING BIT 7 RATE 0 1111111 127
CHEKING BIT 6 RATE 0 111111 63
CHEKING BIT 5 RATE 2485 11111 31
CHEKING BIT 4 RATE 1947 101111 47
CHEKING BIT 3 RATE 0 110111 55
CHEKING BIT 2 RATE 56 110011 51
CHEKING BIT 1 RATE 660 110001 49
CHEKING BIT 0 RATE 1369 110000 48
###########################4814 11111
>>>>> IP 192.168.1.10 Adder 0 Pixels 3 50%Eff 4814
CHEKING BIT 7 RATE 0 1111111 127
CHEKING BIT 6 RATE 2482 111111 63
CHEKING BIT 5 RATE 0 1011111 95
CHEKING BIT 4 RATE 0 1001111 79
CHEKING BIT 3 RATE 48 1000111 71
CHEKING BIT 2 RATE 1768 1000011 67
CHEKING BIT 1 RATE 588 1000101 69
CHEKING BIT 0 RATE 1203 1000100 68
###########################6786 111111
>>>>> IP 192.168.1.10 Adder 0 Pixels 4 50%Eff 6786
CHEKING BIT 7 RATE 0 1111111 127
CHEKING BIT 6 RATE 2484 111111 63
CHEKING BIT 5 RATE 0 1011111 95
CHEKING BIT 4 RATE 2485 1001111 79
CHEKING BIT 3 RATE 1274 1010111 87
CHEKING BIT 2 RATE 15 1011011 91
CHEKING BIT 1 RATE 346 1011001 89
CHEKING BIT 0 RATE 751 1011000 88
###########################8705 1111111
>>>>> IP 192.168.1.10 Adder 0 Pixels 5 50%Eff 8705
CHEKING BIT 7 RATE 0 1111111 127
CHEKING BIT 6 RATE 2484 111111 63
CHEKING BIT 5 RATE 2485 1011111 95
CHEKING BIT 4 RATE 0 1101111 111
CHEKING BIT 3 RATE 2275 1100111 103
CHEKING BIT 2 RATE 367 1101011 107
CHEKING BIT 1 RATE 1478 1101001 105
CHEKING BIT 0 RATE 876 1101010 106
###########################10537 11111111
>>>>> IP 192.168.1.10 Adder 0 Pixels 6 50%Eff 10537
