CHEKING BIT 7 RATE 0 1111111 127
CHEKING BIT 6 RATE 0 111111 63
CHEKING BIT 5 RATE 0 11111 31
CHEKING BIT 4 RATE 0 1111 15
CHEKING BIT 3 RATE 2468 111 7
CHEKING BIT 2 RATE 0 1011 11
CHEKING BIT 1 RATE 99 1001 9
CHEKING BIT 0 RATE 1609 1000 8
###########################825 111
>>>>> IP 192.168.1.142 Adder 0 Pixels 1 50%Eff 825
CHEKING BIT 7 RATE 0 1111111 127
CHEKING BIT 6 RATE 0 111111 63
CHEKING BIT 5 RATE 0 11111 31
CHEKING BIT 4 RATE 2485 1111 15
CHEKING BIT 3 RATE 0 10111 23
CHEKING BIT 2 RATE 1253 10011 19
CHEKING BIT 1 RATE 1 10101 21
CHEKING BIT 0 RATE 95 10100 20
###########################1897 1111
>>>>> IP 192.168.1.142 Adder 0 Pixels 2 50%Eff 1897
CHEKING BIT 7 RATE 0 1111111 127
CHEKING BIT 6 RATE 0 111111 63
CHEKING BIT 5 RATE 11 11111 31
CHEKING BIT 4 RATE 2485 1111 15
CHEKING BIT 3 RATE 2485 10111 23
CHEKING BIT 2 RATE 2483 11011 27
CHEKING BIT 1 RATE 1713 11101 29
CHEKING BIT 0 RATE 358 11110 30
###########################2932 11111
>>>>> IP 192.168.1.142 Adder 0 Pixels 3 50%Eff 2932
CHEKING BIT 7 RATE 0 1111111 127
CHEKING BIT 6 RATE 0 111111 63
CHEKING BIT 5 RATE 2485 11111 31
CHEKING BIT 4 RATE 0 101111 47
CHEKING BIT 3 RATE 1595 100111 39
CHEKING BIT 2 RATE 0 101011 43
CHEKING BIT 1 RATE 18 101001 41
CHEKING BIT 0 RATE 400 101000 40
###########################3929 111111
>>>>> IP 192.168.1.142 Adder 0 Pixels 4 50%Eff 3929
CHEKING BIT 7 RATE 0 1111111 127
CHEKING BIT 6 RATE 0 111111 63
CHEKING BIT 5 RATE 2485 11111 31
CHEKING BIT 4 RATE 2485 101111 47
CHEKING BIT 3 RATE 0 110111 55
CHEKING BIT 2 RATE 74 110011 51
CHEKING BIT 1 RATE 1867 110001 49
CHEKING BIT 0 RATE 610 110010 50
###########################4948 1111111
>>>>> IP 192.168.1.142 Adder 0 Pixels 5 50%Eff 4948
CHEKING BIT 7 RATE 0 1111111 127
CHEKING BIT 6 RATE 0 111111 63
CHEKING BIT 5 RATE 2485 11111 31
CHEKING BIT 4 RATE 2484 101111 47
CHEKING BIT 3 RATE 2485 110111 55
CHEKING BIT 2 RATE 1813 111011 59
CHEKING BIT 1 RATE 90 111101 61
CHEKING BIT 0 RATE 709 111100 60
###########################5953 11111111
>>>>> IP 192.168.1.142 Adder 0 Pixels 6 50%Eff 5953
