CHEKING BIT 7 RATE 0 1111111 127
CHEKING BIT 6 RATE 0 111111 63
CHEKING BIT 5 RATE 0 11111 31
CHEKING BIT 4 RATE 0 1111 15
CHEKING BIT 3 RATE 2485 111 7
CHEKING BIT 2 RATE 1795 1011 11
CHEKING BIT 1 RATE 20 1101 13
CHEKING BIT 0 RATE 434 1100 12
###########################1142 111
>>>>> IP 192.168.1.73 Adder 0 Pixels 1 50%Eff 1142
CHEKING BIT 7 RATE 0 1111111 127
CHEKING BIT 6 RATE 0 111111 63
CHEKING BIT 5 RATE 0 11111 31
CHEKING BIT 4 RATE 2485 1111 15
CHEKING BIT 3 RATE 2472 10111 23
CHEKING BIT 2 RATE 12 11011 27
CHEKING BIT 1 RATE 1365 11001 25
CHEKING BIT 0 RATE 294 11010 26
###########################2513 1111
>>>>> IP 192.168.1.73 Adder 0 Pixels 2 50%Eff 2513
CHEKING BIT 7 RATE 0 1111111 127
CHEKING BIT 6 RATE 0 111111 63
CHEKING BIT 5 RATE 2485 11111 31
CHEKING BIT 4 RATE 0 101111 47
CHEKING BIT 3 RATE 791 100111 39
CHEKING BIT 2 RATE 2484 100011 35
CHEKING BIT 1 RATE 2393 100101 37
CHEKING BIT 0 RATE 1800 100110 38
###########################3854 11111
>>>>> IP 192.168.1.73 Adder 0 Pixels 3 50%Eff 3854
CHEKING BIT 7 RATE 0 1111111 127
CHEKING BIT 6 RATE 0 111111 63
CHEKING BIT 5 RATE 2485 11111 31
CHEKING BIT 4 RATE 2485 101111 47
CHEKING BIT 3 RATE 1 110111 55
CHEKING BIT 2 RATE 2064 110011 51
CHEKING BIT 1 RATE 287 110101 53
CHEKING BIT 0 RATE 1141 110100 52
###########################5188 111111
>>>>> IP 192.168.1.73 Adder 0 Pixels 4 50%Eff 5188
CHEKING BIT 7 RATE 0 1111111 127
CHEKING BIT 6 RATE 2345 111111 63
CHEKING BIT 5 RATE 0 1011111 95
CHEKING BIT 4 RATE 0 1001111 79
CHEKING BIT 3 RATE 0 1000111 71
CHEKING BIT 2 RATE 14 1000011 67
CHEKING BIT 1 RATE 866 1000001 65
CHEKING BIT 0 RATE 1771 1000000 64
###########################6456 1111111
>>>>> IP 192.168.1.73 Adder 0 Pixels 5 50%Eff 6456
CHEKING BIT 7 RATE 0 1111111 127
CHEKING BIT 6 RATE 2485 111111 63
CHEKING BIT 5 RATE 0 1011111 95
CHEKING BIT 4 RATE 59 1001111 79
CHEKING BIT 3 RATE 2485 1000111 71
CHEKING BIT 2 RATE 2418 1001011 75
CHEKING BIT 1 RATE 1175 1001101 77
CHEKING BIT 0 RATE 2041 1001100 76
###########################7700 11111111
>>>>> IP 192.168.1.73 Adder 0 Pixels 6 50%Eff 7700
