CHEKING BIT 7 RATE 0 1111111 127
CHEKING BIT 6 RATE 0 111111 63
CHEKING BIT 5 RATE 0 11111 31
CHEKING BIT 4 RATE 0 1111 15
CHEKING BIT 3 RATE 2485 111 7
CHEKING BIT 2 RATE 2430 1011 11
CHEKING BIT 1 RATE 351 1101 13
CHEKING BIT 0 RATE 1702 1100 12
###########################1236 111
>>>>> IP 192.168.1.57 Adder 0 Pixels 1 50%Eff 1236
CHEKING BIT 7 RATE 0 1111111 127
CHEKING BIT 6 RATE 0 111111 63
CHEKING BIT 5 RATE 0 11111 31
CHEKING BIT 4 RATE 2484 1111 15
CHEKING BIT 3 RATE 2307 10111 23
CHEKING BIT 2 RATE 0 11011 27
CHEKING BIT 1 RATE 261 11001 25
CHEKING BIT 0 RATE 1393 11000 24
###########################2412 1111
>>>>> IP 192.168.1.57 Adder 0 Pixels 2 50%Eff 2412
CHEKING BIT 7 RATE 0 1111111 127
CHEKING BIT 6 RATE 0 111111 63
CHEKING BIT 5 RATE 2485 11111 31
CHEKING BIT 4 RATE 0 101111 47
CHEKING BIT 3 RATE 0 100111 39
CHEKING BIT 2 RATE 1650 100011 35
CHEKING BIT 1 RATE 68 100101 37
CHEKING BIT 0 RATE 558 100100 36
###########################3535 11111
>>>>> IP 192.168.1.57 Adder 0 Pixels 3 50%Eff 3535
CHEKING BIT 7 RATE 0 1111111 127
CHEKING BIT 6 RATE 0 111111 63
CHEKING BIT 5 RATE 2485 11111 31
CHEKING BIT 4 RATE 733 101111 47
CHEKING BIT 3 RATE 2485 100111 39
CHEKING BIT 2 RATE 2485 101011 43
CHEKING BIT 1 RATE 2408 101101 45
CHEKING BIT 0 RATE 1845 101110 46
###########################4657 111111
>>>>> IP 192.168.1.57 Adder 0 Pixels 4 50%Eff 4657
CHEKING BIT 7 RATE 0 1111111 127
CHEKING BIT 6 RATE 0 111111 63
CHEKING BIT 5 RATE 2485 11111 31
CHEKING BIT 4 RATE 2485 101111 47
CHEKING BIT 3 RATE 2468 110111 55
CHEKING BIT 2 RATE 98 111011 59
CHEKING BIT 1 RATE 1620 111001 57
CHEKING BIT 0 RATE 661 111010 58
###########################5742 1111111
>>>>> IP 192.168.1.57 Adder 0 Pixels 5 50%Eff 5742
CHEKING BIT 7 RATE 0 1111111 127
CHEKING BIT 6 RATE 2485 111111 63
CHEKING BIT 5 RATE 0 1011111 95
CHEKING BIT 4 RATE 0 1001111 79
CHEKING BIT 3 RATE 9 1000111 71
CHEKING BIT 2 RATE 2204 1000011 67
CHEKING BIT 1 RATE 484 1000101 69
CHEKING BIT 0 RATE 1430 1000100 68
###########################6821 11111111
>>>>> IP 192.168.1.57 Adder 0 Pixels 6 50%Eff 6821
