CHEKING BIT 7 RATE 0 1111111 127
CHEKING BIT 6 RATE 0 111111 63
CHEKING BIT 5 RATE 0 11111 31
CHEKING BIT 4 RATE 0 1111 15
CHEKING BIT 3 RATE 1006 111 7
CHEKING BIT 2 RATE 2484 11 3
CHEKING BIT 1 RATE 2485 101 5
CHEKING BIT 0 RATE 2441 110 6
###########################686 111
>>>>> IP 192.168.1.83 Adder 0 Pixels 1 50%Eff 686
CHEKING BIT 7 RATE 0 1111111 127
CHEKING BIT 6 RATE 0 111111 63
CHEKING BIT 5 RATE 0 11111 31
CHEKING BIT 4 RATE 2485 1111 15
CHEKING BIT 3 RATE 0 10111 23
CHEKING BIT 2 RATE 0 10011 19
CHEKING BIT 1 RATE 1267 10001 17
CHEKING BIT 0 RATE 71 10010 18
###########################1702 1111
>>>>> IP 192.168.1.83 Adder 0 Pixels 2 50%Eff 1702
CHEKING BIT 7 RATE 0 1111111 127
CHEKING BIT 6 RATE 0 111111 63
CHEKING BIT 5 RATE 0 11111 31
CHEKING BIT 4 RATE 2484 1111 15
CHEKING BIT 3 RATE 2485 10111 23
CHEKING BIT 2 RATE 445 11011 27
CHEKING BIT 1 RATE 2454 11001 25
CHEKING BIT 0 RATE 1864 11010 26
###########################2643 11111
>>>>> IP 192.168.1.83 Adder 0 Pixels 3 50%Eff 2643
CHEKING BIT 7 RATE 0 1111111 127
CHEKING BIT 6 RATE 0 111111 63
CHEKING BIT 5 RATE 2485 11111 31
CHEKING BIT 4 RATE 0 101111 47
CHEKING BIT 3 RATE 0 100111 39
CHEKING BIT 2 RATE 2101 100011 35
CHEKING BIT 1 RATE 80 100101 37
CHEKING BIT 0 RATE 879 100100 36
###########################3575 111111
>>>>> IP 192.168.1.83 Adder 0 Pixels 4 50%Eff 3575
CHEKING BIT 7 RATE 0 1111111 127
CHEKING BIT 6 RATE 0 111111 63
CHEKING BIT 5 RATE 2485 11111 31
CHEKING BIT 4 RATE 91 101111 47
CHEKING BIT 3 RATE 2485 100111 39
CHEKING BIT 2 RATE 2484 101011 43
CHEKING BIT 1 RATE 1972 101101 45
CHEKING BIT 0 RATE 775 101110 46
###########################4565 1111111
>>>>> IP 192.168.1.83 Adder 0 Pixels 5 50%Eff 4565
CHEKING BIT 7 RATE 0 1111111 127
CHEKING BIT 6 RATE 0 111111 63
CHEKING BIT 5 RATE 2485 11111 31
CHEKING BIT 4 RATE 2485 101111 47
CHEKING BIT 3 RATE 1448 110111 55
CHEKING BIT 2 RATE 0 111011 59
CHEKING BIT 1 RATE 26 111001 57
CHEKING BIT 0 RATE 391 111000 56
###########################5521 11111111
>>>>> IP 192.168.1.83 Adder 0 Pixels 6 50%Eff 5521
