CHEKING BIT 7 RATE 0 1111111 127
CHEKING BIT 6 RATE 0 111111 63
CHEKING BIT 5 RATE 0 11111 31
CHEKING BIT 4 RATE 0 1111 15
CHEKING BIT 3 RATE 0 111 7
CHEKING BIT 2 RATE 2484 11 3
CHEKING BIT 1 RATE 1746 101 5
CHEKING BIT 0 RATE 51 110 6
###########################531 111
>>>>> IP 192.168.1.24 Adder 0 Pixels 1 50%Eff 531
CHEKING BIT 7 RATE 0 1111111 127
CHEKING BIT 6 RATE 0 111111 63
CHEKING BIT 5 RATE 0 11111 31
CHEKING BIT 4 RATE 4 1111 15
CHEKING BIT 3 RATE 2485 111 7
CHEKING BIT 2 RATE 2484 1011 11
CHEKING BIT 1 RATE 2295 1101 13
CHEKING BIT 0 RATE 593 1110 14
###########################1361 1111
>>>>> IP 192.168.1.24 Adder 0 Pixels 2 50%Eff 1361
CHEKING BIT 7 RATE 0 1111111 127
CHEKING BIT 6 RATE 0 111111 63
CHEKING BIT 5 RATE 0 11111 31
CHEKING BIT 4 RATE 2484 1111 15
CHEKING BIT 3 RATE 83 10111 23
CHEKING BIT 2 RATE 2485 10011 19
CHEKING BIT 1 RATE 2388 10101 21
CHEKING BIT 0 RATE 1168 10110 22
###########################2194 11111
>>>>> IP 192.168.1.24 Adder 0 Pixels 3 50%Eff 2194
CHEKING BIT 7 RATE 0 1111111 127
CHEKING BIT 6 RATE 0 111111 63
CHEKING BIT 5 RATE 859 11111 31
CHEKING BIT 4 RATE 2484 1111 15
CHEKING BIT 3 RATE 2485 10111 23
CHEKING BIT 2 RATE 2485 11011 27
CHEKING BIT 1 RATE 2480 11101 29
CHEKING BIT 0 RATE 2212 11110 30
###########################3075 111111
>>>>> IP 192.168.1.24 Adder 0 Pixels 4 50%Eff 3075
CHEKING BIT 7 RATE 0 1111111 127
CHEKING BIT 6 RATE 0 111111 63
CHEKING BIT 5 RATE 2485 11111 31
CHEKING BIT 4 RATE 0 101111 47
CHEKING BIT 3 RATE 2040 100111 39
CHEKING BIT 2 RATE 0 101011 43
CHEKING BIT 1 RATE 99 101001 41
CHEKING BIT 0 RATE 872 101000 40
###########################3970 1111111
>>>>> IP 192.168.1.24 Adder 0 Pixels 5 50%Eff 3970
CHEKING BIT 7 RATE 0 1111111 127
CHEKING BIT 6 RATE 0 111111 63
CHEKING BIT 5 RATE 2484 11111 31
CHEKING BIT 4 RATE 2469 101111 47
CHEKING BIT 3 RATE 0 110111 55
CHEKING BIT 2 RATE 7 110011 51
CHEKING BIT 1 RATE 1209 110001 49
CHEKING BIT 0 RATE 2247 110000 48
###########################4894 11111111
>>>>> IP 192.168.1.24 Adder 0 Pixels 6 50%Eff 4894
