CHEKING BIT 7 RATE 0 1111111 127
CHEKING BIT 6 RATE 0 111111 63
CHEKING BIT 5 RATE 0 11111 31
CHEKING BIT 4 RATE 168 1111 15
CHEKING BIT 3 RATE 2485 111 7
CHEKING BIT 2 RATE 2485 1011 11
CHEKING BIT 1 RATE 2341 1101 13
CHEKING BIT 0 RATE 1297 1110 14
###########################1401 111
>>>>> IP 192.168.1.78 Adder 0 Pixels 1 50%Eff 1401
CHEKING BIT 7 RATE 0 1111111 127
CHEKING BIT 6 RATE 0 111111 63
CHEKING BIT 5 RATE 0 11111 31
CHEKING BIT 4 RATE  1111 15
CHEKING BIT 3 RATE  111 7
CHEKING BIT 2 RATE 65535 11 3
CHEKING BIT 1 RATE 65535 101 5
CHEKING BIT 0 RATE 22516 110 6
###########################706 1111
>>>>> IP 192.168.1.78 Adder 0 Pixels 2 50%Eff 706
CHEKING BIT 7 RATE 0 1111111 127
CHEKING BIT 6 RATE 0 111111 63
CHEKING BIT 5 RATE 2484 11111 31
CHEKING BIT 4 RATE 0 101111 47
CHEKING BIT 3 RATE 0 100111 39
CHEKING BIT 2 RATE 2133 100011 35
CHEKING BIT 1 RATE 192 100101 37
CHEKING BIT 0 RATE 1065 100100 36
###########################3582 11111
>>>>> IP 192.168.1.78 Adder 0 Pixels 3 50%Eff 3582
CHEKING BIT 7 RATE 0 1111111 127
CHEKING BIT 6 RATE 0 111111 63
CHEKING BIT 5 RATE 2485 11111 31
CHEKING BIT 4 RATE 836 101111 47
CHEKING BIT 3 RATE 2484 100111 39
CHEKING BIT 2 RATE 2485 101011 43
CHEKING BIT 1 RATE 2413 101101 45
CHEKING BIT 0 RATE 1871 101110 46
###########################4657 111111
>>>>> IP 192.168.1.78 Adder 0 Pixels 4 50%Eff 4657
CHEKING BIT 7 RATE 0 1111111 127
CHEKING BIT 6 RATE 0 111111 63
CHEKING BIT 5 RATE 2485 11111 31
CHEKING BIT 4 RATE 2485 101111 47
CHEKING BIT 3 RATE 2481 110111 55
CHEKING BIT 2 RATE 215 111011 59
CHEKING BIT 1 RATE 1959 111001 57
CHEKING BIT 0 RATE 953 111010 58
###########################5773 1111111
>>>>> IP 192.168.1.78 Adder 0 Pixels 5 50%Eff 5773
CHEKING BIT 7 RATE 0 1111111 127
CHEKING BIT 6 RATE 2485 111111 63
CHEKING BIT 5 RATE 0 1011111 95
CHEKING BIT 4 RATE 0 1001111 79
CHEKING BIT 3 RATE 20 1000111 71
CHEKING BIT 2 RATE 2360 1000011 67
CHEKING BIT 1 RATE 872 1000101 69
CHEKING BIT 0 RATE 1832 1000100 68
###########################6865 11111111
>>>>> IP 192.168.1.78 Adder 0 Pixels 6 50%Eff 6865
