CHEKING BIT 7 RATE 0 1111111 127
CHEKING BIT 6 RATE 0 111111 63
CHEKING BIT 5 RATE 0 11111 31
CHEKING BIT 4 RATE 0 1111 15
CHEKING BIT 3 RATE 261 111 7
CHEKING BIT 2 RATE 2564 11 3
CHEKING BIT 1 RATE 2483 101 5
CHEKING BIT 0 RATE 1920 110 6
###########################640 111
>>>>> IP 192.168.1.89 Adder 0 Pixels 1 50%Eff 640
CHEKING BIT 7 RATE 0 1111111 127
CHEKING BIT 6 RATE 0 111111 63
CHEKING BIT 5 RATE 0 11111 31
CHEKING BIT 4 RATE 2485 1111 15
CHEKING BIT 3 RATE 0 10111 23
CHEKING BIT 2 RATE 5 10011 19
CHEKING BIT 1 RATE 1847 10001 17
CHEKING BIT 0 RATE 301 10010 18
###########################1737 1111
>>>>> IP 192.168.1.89 Adder 0 Pixels 2 50%Eff 1737
CHEKING BIT 7 RATE 0 1111111 127
CHEKING BIT 6 RATE 0 111111 63
CHEKING BIT 5 RATE 0 11111 31
CHEKING BIT 4 RATE 2485 1111 15
CHEKING BIT 3 RATE 2484 10111 23
CHEKING BIT 2 RATE 2052 11011 27
CHEKING BIT 1 RATE 41 11101 29
CHEKING BIT 0 RATE 715 11100 28
###########################2759 11111
>>>>> IP 192.168.1.89 Adder 0 Pixels 3 50%Eff 2759
CHEKING BIT 7 RATE 0 1111111 127
CHEKING BIT 6 RATE 0 111111 63
CHEKING BIT 5 RATE 2484 11111 31
CHEKING BIT 4 RATE 0 101111 47
CHEKING BIT 3 RATE 167 100111 39
CHEKING BIT 2 RATE 2485 100011 35
CHEKING BIT 1 RATE 2267 100101 37
CHEKING BIT 0 RATE 1181 100110 38
###########################3790 111111
>>>>> IP 192.168.1.89 Adder 0 Pixels 4 50%Eff 3790
CHEKING BIT 7 RATE 0 1111111 127
CHEKING BIT 6 RATE 0 111111 63
CHEKING BIT 5 RATE 2484 11111 31
CHEKING BIT 4 RATE 2292 101111 47
CHEKING BIT 3 RATE 0 110111 55
CHEKING BIT 2 RATE 0 110011 51
CHEKING BIT 1 RATE 315 110001 49
CHEKING BIT 0 RATE 1439 110000 48
###########################4821 1111111
>>>>> IP 192.168.1.89 Adder 0 Pixels 5 50%Eff 4821
CHEKING BIT 7 RATE 0 1111111 127
CHEKING BIT 6 RATE 0 111111 63
CHEKING BIT 5 RATE 2484 11111 31
CHEKING BIT 4 RATE 2485 101111 47
CHEKING BIT 3 RATE 2484 110111 55
CHEKING BIT 2 RATE 269 111011 59
CHEKING BIT 1 RATE 2193 111001 57
CHEKING BIT 0 RATE 1266 111010 58
###########################5798 11111111
>>>>> IP 192.168.1.89 Adder 0 Pixels 6 50%Eff 5798
