CHEKING BIT 7 RATE 0 1111111 127
CHEKING BIT 6 RATE 0 111111 63
CHEKING BIT 5 RATE 0 11111 31
CHEKING BIT 4 RATE 0 1111 15
CHEKING BIT 3 RATE 2484 111 7
CHEKING BIT 2 RATE 8 1011 11
CHEKING BIT 1 RATE 1759 1001 9
CHEKING BIT 0 RATE 322 1010 10
###########################935 111
>>>>> IP 192.168.1.145 Adder 0 Pixels 1 50%Eff 935
CHEKING BIT 7 RATE 0 1111111 127
CHEKING BIT 6 RATE 0 111111 63
CHEKING BIT 5 RATE 0 11111 31
CHEKING BIT 4 RATE 2485 1111 15
CHEKING BIT 3 RATE 8 10111 23
CHEKING BIT 2 RATE 2480 10011 19
CHEKING BIT 1 RATE 1387 10101 21
CHEKING BIT 0 RATE 239 10110 22
###########################2112 1111
>>>>> IP 192.168.1.145 Adder 0 Pixels 2 50%Eff 2112
CHEKING BIT 7 RATE 0 1111111 127
CHEKING BIT 6 RATE 0 111111 63
CHEKING BIT 5 RATE 2205 11111 31
CHEKING BIT 4 RATE 0 101111 47
CHEKING BIT 3 RATE 0 100111 39
CHEKING BIT 2 RATE 1 100011 35
CHEKING BIT 1 RATE 223 100001 33
CHEKING BIT 0 RATE 1224 100000 32
###########################3198 11111
>>>>> IP 192.168.1.145 Adder 0 Pixels 3 50%Eff 3198
CHEKING BIT 7 RATE 0 1111111 127
CHEKING BIT 6 RATE 0 111111 63
CHEKING BIT 5 RATE 2485 11111 31
CHEKING BIT 4 RATE 0 101111 47
CHEKING BIT 3 RATE 2485 100111 39
CHEKING BIT 2 RATE 1038 101011 43
CHEKING BIT 1 RATE 2458 101001 41
CHEKING BIT 0 RATE 2045 101010 42
###########################4281 111111
>>>>> IP 192.168.1.145 Adder 0 Pixels 4 50%Eff 4281
CHEKING BIT 7 RATE 0 1111111 127
CHEKING BIT 6 RATE 0 111111 63
CHEKING BIT 5 RATE 2485 11111 31
CHEKING BIT 4 RATE 2484 101111 47
CHEKING BIT 3 RATE 146 110111 55
CHEKING BIT 2 RATE 2480 110011 51
CHEKING BIT 1 RATE 1857 110101 53
CHEKING BIT 0 RATE 856 110110 54
###########################5361 1111111
>>>>> IP 192.168.1.145 Adder 0 Pixels 5 50%Eff 5361
CHEKING BIT 7 RATE 0 1111111 127
CHEKING BIT 6 RATE 2281 111111 63
CHEKING BIT 5 RATE 0 1011111 95
CHEKING BIT 4 RATE 0 1001111 79
CHEKING BIT 3 RATE 0 1000111 71
CHEKING BIT 2 RATE 4 1000011 67
CHEKING BIT 1 RATE 618 1000001 65
CHEKING BIT 0 RATE 1623 1000000 64
###########################6439 11111111
>>>>> IP 192.168.1.145 Adder 0 Pixels 6 50%Eff 6439
