CHEKING BIT 7 RATE 0 1111111 127
CHEKING BIT 6 RATE 0 111111 63
CHEKING BIT 5 RATE 0 11111 31
CHEKING BIT 4 RATE 0 1111 15
CHEKING BIT 3 RATE 2245 111 7
CHEKING BIT 2 RATE 0 1011 11
CHEKING BIT 1 RATE 209 1001 9
CHEKING BIT 0 RATE 1257 1000 8
###########################800 111
>>>>> IP 192.168.1.135 Adder 0 Pixels 1 50%Eff 800
CHEKING BIT 7 RATE 0 1111111 127
CHEKING BIT 6 RATE 0 111111 63
CHEKING BIT 5 RATE 0 11111 31
CHEKING BIT 4 RATE 2484 1111 15
CHEKING BIT 3 RATE 56 10111 23
CHEKING BIT 2 RATE 2477 10011 19
CHEKING BIT 1 RATE 1614 10101 21
CHEKING BIT 0 RATE 523 10110 22
###########################2136 1111
>>>>> IP 192.168.1.135 Adder 0 Pixels 2 50%Eff 2136
CHEKING BIT 7 RATE 0 1111111 127
CHEKING BIT 6 RATE 0 111111 63
CHEKING BIT 5 RATE 2485 11111 31
CHEKING BIT 4 RATE 0 101111 47
CHEKING BIT 3 RATE 0 100111 39
CHEKING BIT 2 RATE 698 100011 35
CHEKING BIT 1 RATE 2342 100001 33
CHEKING BIT 0 RATE 1714 100010 34
###########################3450 11111
>>>>> IP 192.168.1.135 Adder 0 Pixels 3 50%Eff 3450
CHEKING BIT 7 RATE 0 1111111 127
CHEKING BIT 6 RATE 0 111111 63
CHEKING BIT 5 RATE 2485 11111 31
CHEKING BIT 4 RATE 1162 101111 47
CHEKING BIT 3 RATE 2485 100111 39
CHEKING BIT 2 RATE 2485 101011 43
CHEKING BIT 1 RATE 2431 101101 45
CHEKING BIT 0 RATE 2018 101110 46
###########################4686 111111
>>>>> IP 192.168.1.135 Adder 0 Pixels 4 50%Eff 4686
CHEKING BIT 7 RATE 0 1111111 127
CHEKING BIT 6 RATE 1 111111 63
CHEKING BIT 5 RATE 2485 11111 31
CHEKING BIT 4 RATE 2485 101111 47
CHEKING BIT 3 RATE 2485 110111 55
CHEKING BIT 2 RATE 1633 111011 59
CHEKING BIT 1 RATE 157 111101 61
CHEKING BIT 0 RATE 722 111100 60
###########################5941 1111111
>>>>> IP 192.168.1.135 Adder 0 Pixels 5 50%Eff 5941
CHEKING BIT 7 RATE 0 1111111 127
CHEKING BIT 6 RATE 2485 111111 63
CHEKING BIT 5 RATE 0 1011111 95
CHEKING BIT 4 RATE 0 1001111 79
CHEKING BIT 3 RATE 1995 1000111 71
CHEKING BIT 2 RATE 6 1001011 75
CHEKING BIT 1 RATE 376 1001001 73
CHEKING BIT 0 RATE 1142 1001000 72
###########################7186 11111111
>>>>> IP 192.168.1.135 Adder 0 Pixels 6 50%Eff 7186
