CHEKING BIT 7 RATE 0 1111111 127
CHEKING BIT 6 RATE 0 111111 63
CHEKING BIT 5 RATE 0 11111 31
CHEKING BIT 4 RATE 0 1111 15
CHEKING BIT 3 RATE 2273 111 7
CHEKING BIT 2 RATE 0 1011 11
CHEKING BIT 1 RATE 160 1001 9
CHEKING BIT 0 RATE 1213 1000 8
###########################796 111
>>>>> IP 192.168.1.74 Adder 0 Pixels 1 50%Eff 796
CHEKING BIT 7 RATE 0 1111111 127
CHEKING BIT 6 RATE 0 111111 63
CHEKING BIT 5 RATE 0 11111 31
CHEKING BIT 4 RATE 2485 1111 15
CHEKING BIT 3 RATE 0 10111 23
CHEKING BIT 2 RATE 2220 10011 19
CHEKING BIT 1 RATE 262 10101 21
CHEKING BIT 0 RATE 1313 10100 20
###########################2004 1111
>>>>> IP 192.168.1.74 Adder 0 Pixels 2 50%Eff 2004
CHEKING BIT 7 RATE 0 1111111 127
CHEKING BIT 6 RATE 0 111111 63
CHEKING BIT 5 RATE 2079 11111 31
CHEKING BIT 4 RATE 0 101111 47
CHEKING BIT 3 RATE 0 100111 39
CHEKING BIT 2 RATE 0 100011 35
CHEKING BIT 1 RATE 207 100001 33
CHEKING BIT 0 RATE 1053 100000 32
###########################3183 11111
>>>>> IP 192.168.1.74 Adder 0 Pixels 3 50%Eff 3183
CHEKING BIT 7 RATE 0 1111111 127
CHEKING BIT 6 RATE 0 111111 63
CHEKING BIT 5 RATE 2484 11111 31
CHEKING BIT 4 RATE 1 101111 47
CHEKING BIT 3 RATE 2485 100111 39
CHEKING BIT 2 RATE 1883 101011 43
CHEKING BIT 1 RATE 201 101101 45
CHEKING BIT 0 RATE 966 101100 44
###########################4372 111111
>>>>> IP 192.168.1.74 Adder 0 Pixels 4 50%Eff 4372
CHEKING BIT 7 RATE 0 1111111 127
CHEKING BIT 6 RATE 0 111111 63
CHEKING BIT 5 RATE 2485 11111 31
CHEKING BIT 4 RATE 2485 101111 47
CHEKING BIT 3 RATE 1383 110111 55
CHEKING BIT 2 RATE 0 111011 59
CHEKING BIT 1 RATE 76 111001 57
CHEKING BIT 0 RATE 516 111000 56
###########################5514 1111111
>>>>> IP 192.168.1.74 Adder 0 Pixels 5 50%Eff 5514
CHEKING BIT 7 RATE 0 1111111 127
CHEKING BIT 6 RATE 2484 111111 63
CHEKING BIT 5 RATE 0 1011111 95
CHEKING BIT 4 RATE 0 1001111 79
CHEKING BIT 3 RATE 0 1000111 71
CHEKING BIT 2 RATE 620 1000011 67
CHEKING BIT 1 RATE 2236 1000001 65
CHEKING BIT 0 RATE 1548 1000010 66
###########################6631 11111111
>>>>> IP 192.168.1.74 Adder 0 Pixels 6 50%Eff 6631
