CHEKING BIT 7 RATE 0 1111111 127
CHEKING BIT 6 RATE 0 111111 63
CHEKING BIT 5 RATE 0 11111 31
CHEKING BIT 4 RATE 0 1111 15
CHEKING BIT 3 RATE 491 111 7
CHEKING BIT 2 RATE 2484 11 3
CHEKING BIT 1 RATE 2483 101 5
CHEKING BIT 0 RATE 2241 110 6
###########################657 111
>>>>> IP 192.168.1.30 Adder 0 Pixels 1 50%Eff 657
CHEKING BIT 7 RATE 0 1111111 127
CHEKING BIT 6 RATE 0 111111 63
CHEKING BIT 5 RATE 0 11111 31
CHEKING BIT 4 RATE 2484 1111 15
CHEKING BIT 3 RATE 0 10111 23
CHEKING BIT 2 RATE 0 10011 19
CHEKING BIT 1 RATE 829 10001 17
CHEKING BIT 0 RATE 2247 10000 16
###########################1673 1111
>>>>> IP 192.168.1.30 Adder 0 Pixels 2 50%Eff 1673
CHEKING BIT 7 RATE 0 1111111 127
CHEKING BIT 6 RATE 0 111111 63
CHEKING BIT 5 RATE 0 11111 31
CHEKING BIT 4 RATE 2484 1111 15
CHEKING BIT 3 RATE  10111 23
CHEKING BIT 2 RATE 2484 10011 19
CHEKING BIT 1 RATE 2485 10101 21
CHEKING BIT 0 RATE 2484 10110 22
###########################-121200 11111
>>>>> IP 192.168.1.30 Adder 0 Pixels 3 50%Eff -121200
CHEKING BIT 7 RATE 0 1111111 127
CHEKING BIT 6 RATE 0 111111 63
CHEKING BIT 5 RATE 2485 11111 31
CHEKING BIT 4 RATE 0 101111 47
CHEKING BIT 3 RATE 1 100111 39
CHEKING BIT 2 RATE 2442 100011 35
CHEKING BIT 1 RATE 546 100101 37
CHEKING BIT 0 RATE 1869 100100 36
###########################3647 111111
>>>>> IP 192.168.1.30 Adder 0 Pixels 4 50%Eff 3647
CHEKING BIT 7 RATE 0 1111111 127
CHEKING BIT 6 RATE 0 111111 63
CHEKING BIT 5 RATE 2485 11111 31
CHEKING BIT 4 RATE 190 101111 47
CHEKING BIT 3 RATE 2485 100111 39
CHEKING BIT 2 RATE 2485 101011 43
CHEKING BIT 1 RATE 2204 101101 45
CHEKING BIT 0 RATE 1081 101110 46
###########################4588 1111111
>>>>> IP 192.168.1.30 Adder 0 Pixels 5 50%Eff 4588
CHEKING BIT 7 RATE 0 1111111 127
CHEKING BIT 6 RATE 0 111111 63
CHEKING BIT 5 RATE 2485 11111 31
CHEKING BIT 4 RATE 2485 101111 47
CHEKING BIT 3 RATE 1697 110111 55
CHEKING BIT 2 RATE 0 111011 59
CHEKING BIT 1 RATE 54 111001 57
CHEKING BIT 0 RATE 605 111000 56
###########################5539 11111111
>>>>> IP 192.168.1.30 Adder 0 Pixels 6 50%Eff 5539
