CHEKING BIT 7 RATE 0 1111111 127
CHEKING BIT 6 RATE 0 111111 63
CHEKING BIT 5 RATE 0 11111 31
CHEKING BIT 4 RATE 0 1111 15
CHEKING BIT 3 RATE 2485 111 7
CHEKING BIT 2 RATE 103 1011 11
CHEKING BIT 1 RATE 2296 1001 9
CHEKING BIT 0 RATE 1217 1010 10
###########################995 111
>>>>> IP 192.168.1.20 Adder 0 Pixels 1 50%Eff 995
CHEKING BIT 7 RATE 0 1111111 127
CHEKING BIT 6 RATE 0 111111 63
CHEKING BIT 5 RATE 0 11111 31
CHEKING BIT 4 RATE 2485 1111 15
CHEKING BIT 3 RATE 5 10111 23
CHEKING BIT 2 RATE 2470 10011 19
CHEKING BIT 1 RATE 1023 10101 21
CHEKING BIT 0 RATE 2191 10100 20
###########################2080 1111
>>>>> IP 192.168.1.20 Adder 0 Pixels 2 50%Eff 2080
CHEKING BIT 7 RATE 0 1111111 127
CHEKING BIT 6 RATE 0 111111 63
CHEKING BIT 5 RATE 1704 11111 31
CHEKING BIT 4 RATE 0 101111 47
CHEKING BIT 3 RATE 0 100111 39
CHEKING BIT 2 RATE 0 100011 35
CHEKING BIT 1 RATE 41 100001 33
CHEKING BIT 0 RATE 503 100000 32
###########################3139 11111
>>>>> IP 192.168.1.20 Adder 0 Pixels 3 50%Eff 3139
CHEKING BIT 7 RATE 0 1111111 127
CHEKING BIT 6 RATE 0 111111 63
CHEKING BIT 5 RATE 2485 11111 31
CHEKING BIT 4 RATE 0 101111 47
CHEKING BIT 3 RATE 2482 100111 39
CHEKING BIT 2 RATE 97 101011 43
CHEKING BIT 1 RATE 1785 101001 41
CHEKING BIT 0 RATE 666 101010 42
###########################4149 111111
>>>>> IP 192.168.1.20 Adder 0 Pixels 4 50%Eff 4149
CHEKING BIT 7 RATE 0 1111111 127
CHEKING BIT 6 RATE 0 111111 63
CHEKING BIT 5 RATE 2485 11111 31
CHEKING BIT 4 RATE 2484 101111 47
CHEKING BIT 3 RATE 1 110111 55
CHEKING BIT 2 RATE 2047 110011 51
CHEKING BIT 1 RATE 245 110101 53
CHEKING BIT 0 RATE 1085 110100 52
###########################5173 1111111
>>>>> IP 192.168.1.20 Adder 0 Pixels 5 50%Eff 5173
CHEKING BIT 7 RATE 0 1111111 127
CHEKING BIT 6 RATE 345 111111 63
CHEKING BIT 5 RATE 2485 11111 31
CHEKING BIT 4 RATE 2484 101111 47
CHEKING BIT 3 RATE 2485 110111 55
CHEKING BIT 2 RATE 2483 111011 59
CHEKING BIT 1 RATE 2074 111101 61
CHEKING BIT 0 RATE 1244 111110 62
###########################6193 11111111
>>>>> IP 192.168.1.20 Adder 0 Pixels 6 50%Eff 6193
