CHEKING BIT 7 RATE 0 1111111 127
CHEKING BIT 6 RATE 0 111111 63
CHEKING BIT 5 RATE 0 11111 31
CHEKING BIT 4 RATE 0 1111 15
CHEKING BIT 3 RATE 2484 111 7
CHEKING BIT 2 RATE 18 1011 11
CHEKING BIT 1 RATE 2159 1001 9
CHEKING BIT 0 RATE 580 1010 10
###########################960 111
>>>>> IP 192.168.1.12 Adder 0 Pixels 1 50%Eff 960
CHEKING BIT 7 RATE 0 1111111 127
CHEKING BIT 6 RATE 0 111111 63
CHEKING BIT 5 RATE 0 11111 31
CHEKING BIT 4 RATE 2485 1111 15
CHEKING BIT 3 RATE 0 10111 23
CHEKING BIT 2 RATE 2035 10011 19
CHEKING BIT 1 RATE 25 10101 21
CHEKING BIT 0 RATE 657 10100 20
###########################1955 1111
>>>>> IP 192.168.1.12 Adder 0 Pixels 2 50%Eff 1955
CHEKING BIT 7 RATE 0 1111111 127
CHEKING BIT 6 RATE 0 111111 63
CHEKING BIT 5 RATE 36 11111 31
CHEKING BIT 4 RATE 2485 1111 15
CHEKING BIT 3 RATE 2485 10111 23
CHEKING BIT 2 RATE 2484 11011 27
CHEKING BIT 1 RATE 1919 11101 29
CHEKING BIT 0 RATE 518 11110 30
###########################2950 11111
>>>>> IP 192.168.1.12 Adder 0 Pixels 3 50%Eff 2950
CHEKING BIT 7 RATE 0 1111111 127
CHEKING BIT 6 RATE 0 111111 63
CHEKING BIT 5 RATE 2485 11111 31
CHEKING BIT 4 RATE 0 101111 47
CHEKING BIT 3 RATE 1552 100111 39
CHEKING BIT 2 RATE 0 101011 43
CHEKING BIT 1 RATE 33 101001 41
CHEKING BIT 0 RATE 395 101000 40
###########################3927 111111
>>>>> IP 192.168.1.12 Adder 0 Pixels 4 50%Eff 3927
CHEKING BIT 7 RATE 0 1111111 127
CHEKING BIT 6 RATE 0 111111 63
CHEKING BIT 5 RATE 2485 11111 31
CHEKING BIT 4 RATE 2471 101111 47
CHEKING BIT 3 RATE 0 110111 55
CHEKING BIT 2 RATE 23 110011 51
CHEKING BIT 1 RATE 1350 110001 49
CHEKING BIT 0 RATE 323 110010 50
###########################4914 1111111
>>>>> IP 192.168.1.12 Adder 0 Pixels 5 50%Eff 4914
CHEKING BIT 7 RATE 0 1111111 127
CHEKING BIT 6 RATE 0 111111 63
CHEKING BIT 5 RATE 2485 11111 31
CHEKING BIT 4 RATE 2484 101111 47
CHEKING BIT 3 RATE 2485 110111 55
CHEKING BIT 2 RATE 939 111011 59
CHEKING BIT 1 RATE 2428 111001 57
CHEKING BIT 0 RATE 2012 111010 58
###########################5871 11111111
>>>>> IP 192.168.1.12 Adder 0 Pixels 6 50%Eff 5871
