CHEKING BIT 7 RATE 0 1111111 127
CHEKING BIT 6 RATE 0 111111 63
CHEKING BIT 5 RATE 0 11111 31
CHEKING BIT 4 RATE 0 1111 15
CHEKING BIT 3 RATE 20138 111 7
CHEKING BIT 2 RATE 593 1011 11
CHEKING BIT 1 RATE 2485 1001 9
CHEKING BIT 0 RATE 2449 1010 10
###########################1066 111
>>>>> IP 192.168.1.144 Adder 0 Pixels 1 50%Eff 1066
CHEKING BIT 7 RATE 0 1111111 127
CHEKING BIT 6 RATE 0 111111 63
CHEKING BIT 5 RATE 0 11111 31
CHEKING BIT 4 RATE 2484 1111 15
CHEKING BIT 3 RATE 0 10111 23
CHEKING BIT 2 RATE 515 10011 19
CHEKING BIT 1 RATE 2484 10001 17
CHEKING BIT 0 RATE 2283 10010 18
###########################1860 1111
>>>>> IP 192.168.1.144 Adder 0 Pixels 2 50%Eff 1860
CHEKING BIT 7 RATE 0 1111111 127
CHEKING BIT 6 RATE 0 111111 63
CHEKING BIT 5 RATE 0 11111 31
CHEKING BIT 4 RATE 2485 1111 15
CHEKING BIT 3 RATE 2485 10111 23
CHEKING BIT 2 RATE 585 11011 27
CHEKING BIT 1 RATE 2484 11001 25
CHEKING BIT 0 RATE 2159 11010 26
###########################2659 11111
>>>>> IP 192.168.1.144 Adder 0 Pixels 3 50%Eff 2659
CHEKING BIT 7 RATE 0 1111111 127
CHEKING BIT 6 RATE 0 111111 63
CHEKING BIT 5 RATE 2485 11111 31
CHEKING BIT 4 RATE 0 101111 47
CHEKING BIT 3 RATE 0 100111 39
CHEKING BIT 2 RATE 1929 100011 35
CHEKING BIT 1 RATE 33 100101 37
CHEKING BIT 0 RATE 596 100100 36
###########################3550 111111
>>>>> IP 192.168.1.144 Adder 0 Pixels 4 50%Eff 3550
CHEKING BIT 7 RATE 0 1111111 127
CHEKING BIT 6 RATE 0 111111 63
CHEKING BIT 5 RATE 2485 11111 31
CHEKING BIT 4 RATE 0 101111 47
CHEKING BIT 3 RATE 2484 100111 39
CHEKING BIT 2 RATE 2428 101011 43
CHEKING BIT 1 RATE 611 101101 45
CHEKING BIT 0 RATE 1904 101100 44
###########################4451 1111111
>>>>> IP 192.168.1.144 Adder 0 Pixels 5 50%Eff 4451
CHEKING BIT 7 RATE 0 1111111 127
CHEKING BIT 6 RATE 0 111111 63
CHEKING BIT 5 RATE 2484 11111 31
CHEKING BIT 4 RATE 2485 101111 47
CHEKING BIT 3 RATE 82 110111 55
CHEKING BIT 2 RATE 2481 110011 51
CHEKING BIT 1 RATE 1876 110101 53
CHEKING BIT 0 RATE 708 110110 54
###########################5359 11111111
>>>>> IP 192.168.1.144 Adder 0 Pixels 6 50%Eff 5359
