CHEKING BIT 7 RATE 0 1111111 127
CHEKING BIT 6 RATE 0 111111 63
CHEKING BIT 5 RATE 0 11111 31
CHEKING BIT 4 RATE 0 1111 15
CHEKING BIT 3 RATE 2485 111 7
CHEKING BIT 2 RATE 1356 1011 11
CHEKING BIT 1 RATE 1 1101 13
CHEKING BIT 0 RATE 194 1100 12
###########################1107 111
>>>>> IP 192.168.1.150 Adder 0 Pixels 1 50%Eff 1107
CHEKING BIT 7 RATE 0 1111111 127
CHEKING BIT 6 RATE 0 111111 63
CHEKING BIT 5 RATE 0 11111 31
CHEKING BIT 4 RATE 2484 1111 15
CHEKING BIT 3 RATE 0 10111 23
CHEKING BIT 2 RATE 2475 10011 19
CHEKING BIT 1 RATE 941 10101 21
CHEKING BIT 0 RATE 2188 10100 20
###########################2076 1111
>>>>> IP 192.168.1.150 Adder 0 Pixels 2 50%Eff 2076
CHEKING BIT 7 RATE 0 1111111 127
CHEKING BIT 6 RATE 0 111111 63
CHEKING BIT 5 RATE 2260 11111 31
CHEKING BIT 4 RATE 0 101111 47
CHEKING BIT 3 RATE 0 100111 39
CHEKING BIT 2 RATE 0 100011 35
CHEKING BIT 1 RATE 227 100001 33
CHEKING BIT 0 RATE 1303 100000 32
###########################3206 11111
>>>>> IP 192.168.1.150 Adder 0 Pixels 3 50%Eff 3206
CHEKING BIT 7 RATE 0 1111111 127
CHEKING BIT 6 RATE 0 111111 63
CHEKING BIT 5 RATE 2485 11111 31
CHEKING BIT 4 RATE 0 101111 47
CHEKING BIT 3 RATE 2485 100111 39
CHEKING BIT 2 RATE 1430 101011 43
CHEKING BIT 1 RATE 31 101101 45
CHEKING BIT 0 RATE 354 101100 44
###########################4320 111111
>>>>> IP 192.168.1.150 Adder 0 Pixels 4 50%Eff 4320
CHEKING BIT 7 RATE 0 1111111 127
CHEKING BIT 6 RATE 0 111111 63
CHEKING BIT 5 RATE 2485 11111 31
CHEKING BIT 4 RATE 2485 101111 47
CHEKING BIT 3 RATE 283 110111 55
CHEKING BIT 2 RATE 2484 110011 51
CHEKING BIT 1 RATE 2195 110101 53
CHEKING BIT 0 RATE 1236 110110 54
###########################5402 1111111
>>>>> IP 192.168.1.150 Adder 0 Pixels 5 50%Eff 5402
CHEKING BIT 7 RATE 0 1111111 127
CHEKING BIT 6 RATE 2430 111111 63
CHEKING BIT 5 RATE 0 1011111 95
CHEKING BIT 4 RATE 0 1001111 79
CHEKING BIT 3 RATE 0 1000111 71
CHEKING BIT 2 RATE 14 1000011 67
CHEKING BIT 1 RATE 1086 1000001 65
CHEKING BIT 0 RATE 2010 1000000 64
###########################6478 11111111
>>>>> IP 192.168.1.150 Adder 0 Pixels 6 50%Eff 6478
