CHEKING BIT 7 RATE 0 1111111 127
CHEKING BIT 6 RATE 0 111111 63
CHEKING BIT 5 RATE 0 11111 31
CHEKING BIT 4 RATE 0 1111 15
CHEKING BIT 3 RATE 0 111 7
CHEKING BIT 2 RATE 2485 11 3
CHEKING BIT 1 RATE 1553 101 5
CHEKING BIT 0 RATE 38 110 6
###########################521 111
>>>>> IP 192.168.1.130 Adder 0 Pixels 1 50%Eff 521
CHEKING BIT 7 RATE 0 1111111 127
CHEKING BIT 6 RATE 0 111111 63
CHEKING BIT 5 RATE 0 11111 31
CHEKING BIT 4 RATE 663 1111 15
CHEKING BIT 3 RATE 2485 111 7
CHEKING BIT 2 RATE 2485 1011 11
CHEKING BIT 1 RATE 2485 1101 13
CHEKING BIT 0 RATE 2285 1110 14
###########################1469 1111
>>>>> IP 192.168.1.130 Adder 0 Pixels 2 50%Eff 1469
CHEKING BIT 7 RATE 0 1111111 127
CHEKING BIT 6 RATE 0 111111 63
CHEKING BIT 5 RATE 0 11111 31
CHEKING BIT 4 RATE 2485 1111 15
CHEKING BIT 3 RATE 2451 10111 23
CHEKING BIT 2 RATE 0 11011 27
CHEKING BIT 1 RATE 304 11001 25
CHEKING BIT 0 RATE 1790 11000 24
###########################2438 11111
>>>>> IP 192.168.1.130 Adder 0 Pixels 3 50%Eff 2438
CHEKING BIT 7 RATE 0 1111111 127
CHEKING BIT 6 RATE 0 111111 63
CHEKING BIT 5 RATE 2485 11111 31
CHEKING BIT 4 RATE 0 101111 47
CHEKING BIT 3 RATE 0 100111 39
CHEKING BIT 2 RATE 69 100011 35
CHEKING BIT 1 RATE 2153 100001 33
CHEKING BIT 0 RATE 818 100010 34
###########################3373 111111
>>>>> IP 192.168.1.130 Adder 0 Pixels 4 50%Eff 3373
CHEKING BIT 7 RATE 0 1111111 127
CHEKING BIT 6 RATE 0 111111 63
CHEKING BIT 5 RATE 2485 11111 31
CHEKING BIT 4 RATE 0 101111 47
CHEKING BIT 3 RATE 2485 100111 39
CHEKING BIT 2 RATE 1516 101011 43
CHEKING BIT 1 RATE 18 101101 45
CHEKING BIT 0 RATE 356 101100 44
###########################4326 1111111
>>>>> IP 192.168.1.130 Adder 0 Pixels 5 50%Eff 4326
CHEKING BIT 7 RATE 0 1111111 127
CHEKING BIT 6 RATE 0 111111 63
CHEKING BIT 5 RATE 2485 11111 31
CHEKING BIT 4 RATE 2484 101111 47
CHEKING BIT 3 RATE 15 110111 55
CHEKING BIT 2 RATE 2463 110011 51
CHEKING BIT 1 RATE 1231 110101 53
CHEKING BIT 0 RATE 2200 110100 52
###########################5298 11111111
>>>>> IP 192.168.1.130 Adder 0 Pixels 6 50%Eff 5298
