CHEKING BIT 7 RATE 0 1111111 127
CHEKING BIT 6 RATE 0 111111 63
CHEKING BIT 5 RATE 0 11111 31
CHEKING BIT 4 RATE 0 1111 15
CHEKING BIT 3 RATE 5 111 7
CHEKING BIT 2 RATE 2480 11 3
CHEKING BIT 1 RATE 1305 101 5
CHEKING BIT 0 RATE 212 110 6
###########################505 111
>>>>> IP 192.168.1.19 Adder 0 Pixels 1 50%Eff 505
CHEKING BIT 7 RATE 0 1111111 127
CHEKING BIT 6 RATE 0 111111 63
CHEKING BIT 5 RATE 0 11111 31
CHEKING BIT 4 RATE 2411 1111 15
CHEKING BIT 3 RATE 0 10111 23
CHEKING BIT 2 RATE 9 10011 19
CHEKING BIT 1 RATE 804 10001 17
CHEKING BIT 0 RATE 1893 10000 16
###########################1662 1111
>>>>> IP 192.168.1.19 Adder 0 Pixels 2 50%Eff 1662
CHEKING BIT 7 RATE 0 1111111 127
CHEKING BIT 6 RATE 0 111111 63
CHEKING BIT 5 RATE 9 11111 31
CHEKING BIT 4 RATE 2484 1111 15
CHEKING BIT 3 RATE 2485 10111 23
CHEKING BIT 2 RATE 2186 11011 27
CHEKING BIT 1 RATE 602 11101 29
CHEKING BIT 0 RATE 1518 11100 28
###########################2827 11111
>>>>> IP 192.168.1.19 Adder 0 Pixels 3 50%Eff 2827
CHEKING BIT 7 RATE 0 1111111 127
CHEKING BIT 6 RATE 0 111111 63
CHEKING BIT 5 RATE 2485 11111 31
CHEKING BIT 4 RATE 0 101111 47
CHEKING BIT 3 RATE 1617 100111 39
CHEKING BIT 2 RATE 3 101011 43
CHEKING BIT 1 RATE 300 101001 41
CHEKING BIT 0 RATE 846 101000 40
###########################3951 111111
>>>>> IP 192.168.1.19 Adder 0 Pixels 4 50%Eff 3951
CHEKING BIT 7 RATE 0 1111111 127
CHEKING BIT 6 RATE 0 111111 63
CHEKING BIT 5 RATE 2485 11111 31
CHEKING BIT 4 RATE 2482 101111 47
CHEKING BIT 3 RATE 0 110111 55
CHEKING BIT 2 RATE 1119 110011 51
CHEKING BIT 1 RATE 2226 110001 49
CHEKING BIT 0 RATE 1739 110010 50
###########################5078 1111111
>>>>> IP 192.168.1.19 Adder 0 Pixels 5 50%Eff 5078
CHEKING BIT 7 RATE 0 1111111 127
CHEKING BIT 6 RATE 448 111111 63
CHEKING BIT 5 RATE 2485 11111 31
CHEKING BIT 4 RATE 2485 101111 47
CHEKING BIT 3 RATE 2485 110111 55
CHEKING BIT 2 RATE 2313 111011 59
CHEKING BIT 1 RATE 1505 111101 61
CHEKING BIT 0 RATE 955 111110 62
###########################6143 11111111
>>>>> IP 192.168.1.19 Adder 0 Pixels 6 50%Eff 6143
