CHEKING BIT 7 RATE 0 1111111 127
CHEKING BIT 6 RATE 0 111111 63
CHEKING BIT 5 RATE 0 11111 31
CHEKING BIT 4 RATE 1469 1111 15
CHEKING BIT 3 RATE 0 10111 23
CHEKING BIT 2 RATE 0 10011 19
CHEKING BIT 1 RATE 10 10001 17
CHEKING BIT 0 RATE 308 10000 16
###########################1522 111
>>>>> IP 192.168.1.119 Adder 0 Pixels 1 50%Eff 1522
CHEKING BIT 7 RATE 0 1111111 127
CHEKING BIT 6 RATE 0 111111 63
CHEKING BIT 5 RATE 0 11111 31
CHEKING BIT 4 RATE 2484 1111 15
CHEKING BIT 3 RATE 2485 10111 23
CHEKING BIT 2 RATE 344 11011 27
CHEKING BIT 1 RATE 2359 11001 25
CHEKING BIT 0 RATE 1518 11010 26
###########################2628 1111
>>>>> IP 192.168.1.119 Adder 0 Pixels 2 50%Eff 2628
CHEKING BIT 7 RATE 0 1111111 127
CHEKING BIT 6 RATE 0 111111 63
CHEKING BIT 5 RATE 2485 11111 31
CHEKING BIT 4 RATE 0 101111 47
CHEKING BIT 3 RATE 17 100111 39
CHEKING BIT 2 RATE 2472 100011 35
CHEKING BIT 1 RATE 1338 100101 37
CHEKING BIT 0 RATE 315 100110 38
###########################3704 11111
>>>>> IP 192.168.1.119 Adder 0 Pixels 3 50%Eff 3704
CHEKING BIT 7 RATE 0 1111111 127
CHEKING BIT 6 RATE 0 111111 63
CHEKING BIT 5 RATE 2485 11111 31
CHEKING BIT 4 RATE 2130 101111 47
CHEKING BIT 3 RATE 0 110111 55
CHEKING BIT 2 RATE 0 110011 51
CHEKING BIT 1 RATE 315 110001 49
CHEKING BIT 0 RATE 1210 110000 48
###########################4799 111111
>>>>> IP 192.168.1.119 Adder 0 Pixels 4 50%Eff 4799
CHEKING BIT 7 RATE 0 1111111 127
CHEKING BIT 6 RATE 0 111111 63
CHEKING BIT 5 RATE 2485 11111 31
CHEKING BIT 4 RATE 2485 101111 47
CHEKING BIT 3 RATE 2485 110111 55
CHEKING BIT 2 RATE 788 111011 59
CHEKING BIT 1 RATE 2356 111001 57
CHEKING BIT 0 RATE 1789 111010 58
###########################5855 1111111
>>>>> IP 192.168.1.119 Adder 0 Pixels 5 50%Eff 5855
CHEKING BIT 7 RATE 0 1111111 127
CHEKING BIT 6 RATE 2485 111111 63
CHEKING BIT 5 RATE 0 1011111 95
CHEKING BIT 4 RATE 0 1001111 79
CHEKING BIT 3 RATE 85 1000111 71
CHEKING BIT 2 RATE 2447 1000011 67
CHEKING BIT 1 RATE 1412 1000101 69
CHEKING BIT 0 RATE 494 1000110 70
###########################6928 11111111
>>>>> IP 192.168.1.119 Adder 0 Pixels 6 50%Eff 6928
