CHEKING BIT 7 RATE 0 1111111 127
CHEKING BIT 6 RATE 0 111111 63
CHEKING BIT 5 RATE 0 11111 31
CHEKING BIT 4 RATE 0 1111 15
CHEKING BIT 3 RATE 2485 111 7
CHEKING BIT 2 RATE 79 1011 11
CHEKING BIT 1 RATE 2476 1001 9
CHEKING BIT 0 RATE 1677 1010 10
###########################1026 111
>>>>> IP 192.168.1.77 Adder 0 Pixels 1 50%Eff 1026
CHEKING BIT 7 RATE 0 1111111 127
CHEKING BIT 6 RATE 0 111111 63
CHEKING BIT 5 RATE 0 11111 31
CHEKING BIT 4 RATE  1111 15
CHEKING BIT 3 RATE  111 7
CHEKING BIT 2 RATE 2485 11 3
CHEKING BIT 1 RATE 43537 101 5
CHEKING BIT 0 RATE 2517 110 6
###########################6069 1111
>>>>> IP 192.168.1.77 Adder 0 Pixels 2 50%Eff 6069
CHEKING BIT 7 RATE 0 1111111 127
CHEKING BIT 6 RATE 0 111111 63
CHEKING BIT 5 RATE 838 11111 31
CHEKING BIT 4 RATE 2485 1111 15
CHEKING BIT 3 RATE 2485 10111 23
CHEKING BIT 2 RATE 2485 11011 27
CHEKING BIT 1 RATE 2481 11101 29
CHEKING BIT 0 RATE 2213 11110 30
###########################3071 11111
>>>>> IP 192.168.1.77 Adder 0 Pixels 3 50%Eff 3071
CHEKING BIT 7 RATE 0 1111111 127
CHEKING BIT 6 RATE 0 111111 63
CHEKING BIT 5 RATE 2485 11111 31
CHEKING BIT 4 RATE 0 101111 47
CHEKING BIT 3 RATE 2480 100111 39
CHEKING BIT 2 RATE 10 101011 43
CHEKING BIT 1 RATE 1061 101001 41
CHEKING BIT 0 RATE 2218 101000 40
###########################4089 111111
>>>>> IP 192.168.1.77 Adder 0 Pixels 4 50%Eff 4089
CHEKING BIT 7 RATE 0 1111111 127
CHEKING BIT 6 RATE 0 111111 63
CHEKING BIT 5 RATE 2485 11111 31
CHEKING BIT 4 RATE 2484 101111 47
CHEKING BIT 3 RATE 0 110111 55
CHEKING BIT 2 RATE 1454 110011 51
CHEKING BIT 1 RATE 24 110101 53
CHEKING BIT 0 RATE 377 110100 52
###########################5118 1111111
>>>>> IP 192.168.1.77 Adder 0 Pixels 5 50%Eff 5118
CHEKING BIT 7 RATE 0 1111111 127
CHEKING BIT 6 RATE 28 111111 63
CHEKING BIT 5 RATE 2485 11111 31
CHEKING BIT 4 RATE 2484 101111 47
CHEKING BIT 3 RATE 2485 110111 55
CHEKING BIT 2 RATE 2467 111011 59
CHEKING BIT 1 RATE 1420 111101 61
CHEKING BIT 0 RATE 341 111110 62
###########################6112 11111111
>>>>> IP 192.168.1.77 Adder 0 Pixels 6 50%Eff 6112
