CHEKING BIT 7 RATE 0 1111111 127
CHEKING BIT 6 RATE 0 111111 63
CHEKING BIT 5 RATE 0 11111 31
CHEKING BIT 4 RATE 0 1111 15
CHEKING BIT 3 RATE 2485 111 7
CHEKING BIT 2 RATE 394 1011 11
CHEKING BIT 1 RATE 2456 1001 9
CHEKING BIT 0 RATE 1818 1010 10
###########################1039 111
>>>>> IP 192.168.1.108 Adder 0 Pixels 1 50%Eff 1039
CHEKING BIT 7 RATE 0 1111111 127
CHEKING BIT 6 RATE 0 111111 63
CHEKING BIT 5 RATE 0 11111 31
CHEKING BIT 4 RATE 2484 1111 15
CHEKING BIT 3 RATE 168 10111 23
CHEKING BIT 2 RATE 2484 10011 19
CHEKING BIT 1 RATE 2295 10101 21
CHEKING BIT 0 RATE 1242 10110 22
###########################2201 1111
>>>>> IP 192.168.1.108 Adder 0 Pixels 2 50%Eff 2201
CHEKING BIT 7 RATE 0 1111111 127
CHEKING BIT 6 RATE 0 111111 63
CHEKING BIT 5 RATE 2468 11111 31
CHEKING BIT 4 RATE 0 101111 47
CHEKING BIT 3 RATE 0 100111 39
CHEKING BIT 2 RATE 3 100011 35
CHEKING BIT 1 RATE 1173 100001 33
CHEKING BIT 0 RATE 2170 100000 32
###########################3288 11111
>>>>> IP 192.168.1.108 Adder 0 Pixels 3 50%Eff 3288
CHEKING BIT 7 RATE 0 1111111 127
CHEKING BIT 6 RATE 0 111111 63
CHEKING BIT 5 RATE 2485 11111 31
CHEKING BIT 4 RATE 0 101111 47
CHEKING BIT 3 RATE 2485 100111 39
CHEKING BIT 2 RATE 1975 101011 43
CHEKING BIT 1 RATE 161 101101 45
CHEKING BIT 0 RATE 940 101100 44
###########################4371 111111
>>>>> IP 192.168.1.108 Adder 0 Pixels 4 50%Eff 4371
CHEKING BIT 7 RATE 0 1111111 127
CHEKING BIT 6 RATE 0 111111 63
CHEKING BIT 5 RATE 2485 11111 31
CHEKING BIT 4 RATE 2485 101111 47
CHEKING BIT 3 RATE 310 110111 55
CHEKING BIT 2 RATE 2484 110011 51
CHEKING BIT 1 RATE 2175 110101 53
CHEKING BIT 0 RATE 1309 110110 54
###########################5399 1111111
>>>>> IP 192.168.1.108 Adder 0 Pixels 5 50%Eff 5399
CHEKING BIT 7 RATE 0 1111111 127
CHEKING BIT 6 RATE 2299 111111 63
CHEKING BIT 5 RATE 0 1011111 95
CHEKING BIT 4 RATE 0 1001111 79
CHEKING BIT 3 RATE 0 1000111 71
CHEKING BIT 2 RATE 3 1000011 67
CHEKING BIT 1 RATE 569 1000001 65
CHEKING BIT 0 RATE 1612 1000000 64
###########################6432 11111111
>>>>> IP 192.168.1.108 Adder 0 Pixels 6 50%Eff 6432
