CHEKING BIT 7 RATE 0 1111111 127
CHEKING BIT 6 RATE 0 111111 63
CHEKING BIT 5 RATE 0 11111 31
CHEKING BIT 4 RATE 0 1111 15
CHEKING BIT 3 RATE 2485 111 7
CHEKING BIT 2 RATE 0 1011 11
CHEKING BIT 1 RATE 1661 1001 9
CHEKING BIT 0 RATE 189 1010 10
###########################927 111
>>>>> IP 192.168.1.149 Adder 0 Pixels 1 50%Eff 927
CHEKING BIT 7 RATE 0 1111111 127
CHEKING BIT 6 RATE 0 111111 63
CHEKING BIT 5 RATE 0 11111 31
CHEKING BIT 4 RATE 2485 1111 15
CHEKING BIT 3 RATE 0 10111 23
CHEKING BIT 2 RATE 1341 10011 19
CHEKING BIT 1 RATE 4 10101 21
CHEKING BIT 0 RATE 161 10100 20
###########################1898 1111
>>>>> IP 192.168.1.149 Adder 0 Pixels 2 50%Eff 1898
CHEKING BIT 7 RATE 0 1111111 127
CHEKING BIT 6 RATE 0 111111 63
CHEKING BIT 5 RATE 24 11111 31
CHEKING BIT 4 RATE 2485 1111 15
CHEKING BIT 3 RATE 2485 10111 23
CHEKING BIT 2 RATE 2483 11011 27
CHEKING BIT 1 RATE 1538 11101 29
CHEKING BIT 0 RATE 394 11110 30
###########################2930 11111
>>>>> IP 192.168.1.149 Adder 0 Pixels 3 50%Eff 2930
CHEKING BIT 7 RATE 0 1111111 127
CHEKING BIT 6 RATE 0 111111 63
CHEKING BIT 5 RATE 2485 11111 31
CHEKING BIT 4 RATE 0 101111 47
CHEKING BIT 3 RATE 1716 100111 39
CHEKING BIT 2 RATE 0 101011 43
CHEKING BIT 1 RATE 83 101001 41
CHEKING BIT 0 RATE 607 101000 40
###########################3946 111111
>>>>> IP 192.168.1.149 Adder 0 Pixels 4 50%Eff 3946
CHEKING BIT 7 RATE 0 1111111 127
CHEKING BIT 6 RATE 0 111111 63
CHEKING BIT 5 RATE 2484 11111 31
CHEKING BIT 4 RATE 2482 101111 47
CHEKING BIT 3 RATE 0 110111 55
CHEKING BIT 2 RATE 208 110011 51
CHEKING BIT 1 RATE 2000 110001 49
CHEKING BIT 0 RATE 986 110010 50
###########################4974 1111111
>>>>> IP 192.168.1.149 Adder 0 Pixels 5 50%Eff 4974
CHEKING BIT 7 RATE 0 1111111 127
CHEKING BIT 6 RATE 3 111111 63
CHEKING BIT 5 RATE 2485 11111 31
CHEKING BIT 4 RATE 2485 101111 47
CHEKING BIT 3 RATE 2484 110111 55
CHEKING BIT 2 RATE 2136 111011 59
CHEKING BIT 1 RATE 388 111101 61
CHEKING BIT 0 RATE 1344 111100 60
###########################6006 11111111
>>>>> IP 192.168.1.149 Adder 0 Pixels 6 50%Eff 6006
