CHEKING BIT 7 RATE 0 1111111 127
CHEKING BIT 6 RATE 0 111111 63
CHEKING BIT 5 RATE 0 11111 31
CHEKING BIT 4 RATE 0 1111 15
CHEKING BIT 3 RATE 2481 111 7
CHEKING BIT 2 RATE 0 1011 11
CHEKING BIT 1 RATE 153 1001 9
CHEKING BIT 0 RATE 1972 1000 8
###########################841 111
>>>>> IP 192.168.1.47 Adder 0 Pixels 1 50%Eff 841
CHEKING BIT 7 RATE 0 1111111 127
CHEKING BIT 6 RATE 0 111111 63
CHEKING BIT 5 RATE 0 11111 31
CHEKING BIT 4 RATE 2483 1111 15
CHEKING BIT 3 RATE 0 10111 23
CHEKING BIT 2 RATE 0 10011 19
CHEKING BIT 1 RATE 1003 10001 17
CHEKING BIT 0 RATE 2349 10000 16
###########################1682 1111
>>>>> IP 192.168.1.47 Adder 0 Pixels 2 50%Eff 1682
CHEKING BIT 7 RATE 0 1111111 127
CHEKING BIT 6 RATE 0 111111 63
CHEKING BIT 5 RATE 0 11111 31
CHEKING BIT 4 RATE 2484 1111 15
CHEKING BIT 3 RATE 2485 10111 23
CHEKING BIT 2 RATE 470 11011 27
CHEKING BIT 1 RATE 2430 11001 25
CHEKING BIT 0 RATE 1782 11010 26
###########################2640 11111
>>>>> IP 192.168.1.47 Adder 0 Pixels 3 50%Eff 2640
CHEKING BIT 7 RATE 0 1111111 127
CHEKING BIT 6 RATE 0 111111 63
CHEKING BIT 5 RATE 2485 11111 31
CHEKING BIT 4 RATE 0 101111 47
CHEKING BIT 3 RATE 1 100111 39
CHEKING BIT 2 RATE 2406 100011 35
CHEKING BIT 1 RATE 679 100101 37
CHEKING BIT 0 RATE 1810 100100 36
###########################3649 111111
>>>>> IP 192.168.1.47 Adder 0 Pixels 4 50%Eff 3649
CHEKING BIT 7 RATE 0 1111111 127
CHEKING BIT 6 RATE 0 111111 63
CHEKING BIT 5 RATE 2485 11111 31
CHEKING BIT 4 RATE 1422 101111 47
CHEKING BIT 3 RATE 0 110111 55
CHEKING BIT 2 RATE 0 110011 51
CHEKING BIT 1 RATE 46 110001 49
CHEKING BIT 0 RATE 469 110000 48
###########################4717 1111111
>>>>> IP 192.168.1.47 Adder 0 Pixels 5 50%Eff 4717
CHEKING BIT 7 RATE 0 1111111 127
CHEKING BIT 6 RATE 0 111111 63
CHEKING BIT 5 RATE 2485 11111 31
CHEKING BIT 4 RATE 2485 101111 47
CHEKING BIT 3 RATE 2482 110111 55
CHEKING BIT 2 RATE 266 111011 59
CHEKING BIT 1 RATE 2036 111001 57
CHEKING BIT 0 RATE 1022 111010 58
###########################5784 11111111
>>>>> IP 192.168.1.47 Adder 0 Pixels 6 50%Eff 5784
