CHEKING BIT 7 RATE 0 1111111 127
CHEKING BIT 6 RATE 0 111111 63
CHEKING BIT 5 RATE 0 11111 31
CHEKING BIT 4 RATE 0 1111 15
CHEKING BIT 3 RATE 2485 111 7
CHEKING BIT 2 RATE 375 1011 11
CHEKING BIT 1 RATE 2445 1001 9
CHEKING BIT 0 RATE 1731 1010 10
###########################1038 111
>>>>> IP 192.168.1.15 Adder 0 Pixels 1 50%Eff 1038
CHEKING BIT 7 RATE 0 1111111 127
CHEKING BIT 6 RATE 0 111111 63
CHEKING BIT 5 RATE 0 11111 31
CHEKING BIT 4 RATE 2485 1111 15
CHEKING BIT 3 RATE 259 10111 23
CHEKING BIT 2 RATE 2485 10011 19
CHEKING BIT 1 RATE 2316 10101 21
CHEKING BIT 0 RATE 1347 10110 22
###########################2214 1111
>>>>> IP 192.168.1.15 Adder 0 Pixels 2 50%Eff 2214
CHEKING BIT 7 RATE 0 1111111 127
CHEKING BIT 6 RATE 0 111111 63
CHEKING BIT 5 RATE 2483 11111 31
CHEKING BIT 4 RATE 0 101111 47
CHEKING BIT 3 RATE 0 100111 39
CHEKING BIT 2 RATE 76 100011 35
CHEKING BIT 1 RATE 1898 100001 33
CHEKING BIT 0 RATE 704 100010 34
###########################3353 11111
>>>>> IP 192.168.1.15 Adder 0 Pixels 3 50%Eff 3353
CHEKING BIT 7 RATE 0 1111111 127
CHEKING BIT 6 RATE 0 111111 63
CHEKING BIT 5 RATE 2484 11111 31
CHEKING BIT 4 RATE 0 101111 47
CHEKING BIT 3 RATE 2484 100111 39
CHEKING BIT 2 RATE 2372 101011 43
CHEKING BIT 1 RATE 0 101101 45
CHEKING BIT 0 RATE 1810 101100 44
###########################4451 111111
>>>>> IP 192.168.1.15 Adder 0 Pixels 4 50%Eff 4451
CHEKING BIT 7 RATE 0 1111111 127
CHEKING BIT 6 RATE 0 111111 63
CHEKING BIT 5 RATE 2484 11111 31
CHEKING BIT 4 RATE 2485 101111 47
CHEKING BIT 3 RATE 1809 110111 55
CHEKING BIT 2 RATE 0 111011 59
CHEKING BIT 1 RATE 138 111001 57
CHEKING BIT 0 RATE 818 111000 56
###########################5560 1111111
>>>>> IP 192.168.1.15 Adder 0 Pixels 5 50%Eff 5560
CHEKING BIT 7 RATE 0 1111111 127
CHEKING BIT 6 RATE 2483 111111 63
CHEKING BIT 5 RATE 0 1011111 95
CHEKING BIT 4 RATE 0 1001111 79
CHEKING BIT 3 RATE 0 1000111 71
CHEKING BIT 2 RATE 419 1000011 67
CHEKING BIT 1 RATE 2179 1000001 65
CHEKING BIT 0 RATE 1281 1000010 66
###########################6606 11111111
>>>>> IP 192.168.1.15 Adder 0 Pixels 6 50%Eff 6606
