CHEKING BIT 7 RATE 0 1111111 127
CHEKING BIT 6 RATE 0 111111 63
CHEKING BIT 5 RATE 0 11111 31
CHEKING BIT 4 RATE 0 1111 15
CHEKING BIT 3 RATE 0 111 7
CHEKING BIT 2 RATE 10 11 3
CHEKING BIT 1 RATE 2485 1 1
CHEKING BIT 0 RATE 2013 10 2
###########################238 111
>>>>> IP 192.168.1.82 Adder 0 Pixels 1 50%Eff 238
CHEKING BIT 7 RATE 0 1111111 127
CHEKING BIT 6 RATE 0 111111 63
CHEKING BIT 5 RATE 0 11111 31
CHEKING BIT 4 RATE 0 1111 15
CHEKING BIT 3 RATE 2024 111 7
CHEKING BIT 2 RATE 0 1011 11
CHEKING BIT 1 RATE 0 1001 9
CHEKING BIT 0 RATE 67 1000 8
###########################740 1111
>>>>> IP 192.168.1.82 Adder 0 Pixels 2 50%Eff 740
CHEKING BIT 7 RATE 0 1111111 127
CHEKING BIT 6 RATE 0 111111 63
CHEKING BIT 5 RATE 0 11111 31
CHEKING BIT 4 RATE 0 1111 15
CHEKING BIT 3 RATE 2484 111 7
CHEKING BIT 2 RATE 2484 1011 11
CHEKING BIT 1 RATE 155 1101 13
CHEKING BIT 0 RATE 2183 1100 12
###########################1246 11111
>>>>> IP 192.168.1.82 Adder 0 Pixels 3 50%Eff 1246
CHEKING BIT 7 RATE 0 1111111 127
CHEKING BIT 6 RATE 0 111111 63
CHEKING BIT 5 RATE 0 11111 31
CHEKING BIT 4 RATE 2485 1111 15
CHEKING BIT 3 RATE 0 10111 23
CHEKING BIT 2 RATE 0 10011 19
CHEKING BIT 1 RATE 1968 10001 17
CHEKING BIT 0 RATE 0 10010 18
###########################1739 111111
>>>>> IP 192.168.1.82 Adder 0 Pixels 4 50%Eff 1739
CHEKING BIT 7 RATE 0 1111111 127
CHEKING BIT 6 RATE 0 111111 63
CHEKING BIT 5 RATE 0 11111 31
CHEKING BIT 4 RATE 2485 1111 15
CHEKING BIT 3 RATE 113 10111 23
CHEKING BIT 2 RATE 2485 10011 19
CHEKING BIT 1 RATE 2485 10101 21
CHEKING BIT 0 RATE 1880 10110 22
###########################2235 1111111
>>>>> IP 192.168.1.82 Adder 0 Pixels 5 50%Eff 2235
CHEKING BIT 7 RATE 0 1111111 127
CHEKING BIT 6 RATE 0 111111 63
CHEKING BIT 5 RATE 0 11111 31
CHEKING BIT 4 RATE 2485 1111 15
CHEKING BIT 3 RATE 2484 10111 23
CHEKING BIT 2 RATE 1375 11011 27
CHEKING BIT 1 RATE 0 11101 29
CHEKING BIT 0 RATE 57 11100 28
###########################2710 11111111
>>>>> IP 192.168.1.82 Adder 0 Pixels 6 50%Eff 2710
