CHEKING BIT 7 RATE 0 1111111 127
CHEKING BIT 6 RATE 0 111111 63
CHEKING BIT 5 RATE 0 11111 31
CHEKING BIT 4 RATE 0 1111 15
CHEKING BIT 3 RATE 2476 111 7
CHEKING BIT 2 RATE 1 1011 11
CHEKING BIT 1 RATE 1034 1001 9
CHEKING BIT 0 RATE 2221 1000 8
###########################885 111
>>>>> IP 192.168.1.14 Adder 0 Pixels 1 50%Eff 885
CHEKING BIT 7 RATE 0 1111111 127
CHEKING BIT 6 RATE 0 111111 63
CHEKING BIT 5 RATE 0 11111 31
CHEKING BIT 4 RATE 2485 1111 15
CHEKING BIT 3 RATE 16 10111 23
CHEKING BIT 2 RATE 2477 10011 19
CHEKING BIT 1 RATE 1410 10101 21
CHEKING BIT 0 RATE 323 10110 22
###########################2115 1111
>>>>> IP 192.168.1.14 Adder 0 Pixels 2 50%Eff 2115
CHEKING BIT 7 RATE 0 1111111 127
CHEKING BIT 6 RATE 0 111111 63
CHEKING BIT 5 RATE 2429 11111 31
CHEKING BIT 4 RATE 0 101111 47
CHEKING BIT 3 RATE 0 100111 39
CHEKING BIT 2 RATE 8 100011 35
CHEKING BIT 1 RATE 960 100001 33
CHEKING BIT 0 RATE 2036 100000 32
###########################3275 11111
>>>>> IP 192.168.1.14 Adder 0 Pixels 3 50%Eff 3275
CHEKING BIT 7 RATE 0 1111111 127
CHEKING BIT 6 RATE 0 111111 63
CHEKING BIT 5 RATE 2484 11111 31
CHEKING BIT 4 RATE 13 101111 47
CHEKING BIT 3 RATE 2485 100111 39
CHEKING BIT 2 RATE 2406 101011 43
CHEKING BIT 1 RATE 993 101101 45
CHEKING BIT 0 RATE 2038 101100 44
###########################4474 111111
>>>>> IP 192.168.1.14 Adder 0 Pixels 4 50%Eff 4474
CHEKING BIT 7 RATE 0 1111111 127
CHEKING BIT 6 RATE 0 111111 63
CHEKING BIT 5 RATE 2485 11111 31
CHEKING BIT 4 RATE 2485 101111 47
CHEKING BIT 3 RATE 2184 110111 55
CHEKING BIT 2 RATE 1 111011 59
CHEKING BIT 1 RATE 489 111001 57
CHEKING BIT 0 RATE 1442 111000 56
###########################5614 1111111
>>>>> IP 192.168.1.14 Adder 0 Pixels 5 50%Eff 5614
CHEKING BIT 7 RATE 0 1111111 127
CHEKING BIT 6 RATE 2484 111111 63
CHEKING BIT 5 RATE 0 1011111 95
CHEKING BIT 4 RATE 0 1001111 79
CHEKING BIT 3 RATE 0 1000111 71
CHEKING BIT 2 RATE 1831 1000011 67
CHEKING BIT 1 RATE 206 1000101 69
CHEKING BIT 0 RATE 892 1000100 68
###########################6761 11111111
>>>>> IP 192.168.1.14 Adder 0 Pixels 6 50%Eff 6761
