CHEKING BIT 7 RATE 0 1111111 127
CHEKING BIT 6 RATE 0 111111 63
CHEKING BIT 5 RATE 0 11111 31
CHEKING BIT 4 RATE 0 1111 15
CHEKING BIT 3 RATE 1758 111 7
CHEKING BIT 2 RATE 0 1011 11
CHEKING BIT 1 RATE 35 1001 9
CHEKING BIT 0 RATE 501 1000 8
###########################741 111
>>>>> IP 192.168.1.105 Adder 0 Pixels 1 50%Eff 741
CHEKING BIT 7 RATE 0 1111111 127
CHEKING BIT 6 RATE 0 111111 63
CHEKING BIT 5 RATE 0 11111 31
CHEKING BIT 4 RATE 2485 1111 15
CHEKING BIT 3 RATE 0 10111 23
CHEKING BIT 2 RATE 1430 10011 19
CHEKING BIT 1 RATE 23 10101 21
CHEKING BIT 0 RATE 377 10100 20
###########################1921 1111
>>>>> IP 192.168.1.105 Adder 0 Pixels 2 50%Eff 1921
CHEKING BIT 7 RATE 0 1111111 127
CHEKING BIT 6 RATE 0 111111 63
CHEKING BIT 5 RATE 1471 11111 31
CHEKING BIT 4 RATE 0 101111 47
CHEKING BIT 3 RATE 0 100111 39
CHEKING BIT 2 RATE 0 100011 35
CHEKING BIT 1 RATE 47 100001 33
CHEKING BIT 0 RATE 457 100000 32
###########################3122 11111
>>>>> IP 192.168.1.105 Adder 0 Pixels 3 50%Eff 3122
CHEKING BIT 7 RATE 0 1111111 127
CHEKING BIT 6 RATE 0 111111 63
CHEKING BIT 5 RATE 2485 11111 31
CHEKING BIT 4 RATE 0 101111 47
CHEKING BIT 3 RATE 2485 100111 39
CHEKING BIT 2 RATE 993 101011 43
CHEKING BIT 1 RATE 2412 101001 41
CHEKING BIT 0 RATE 2011 101010 42
###########################4276 111111
>>>>> IP 192.168.1.105 Adder 0 Pixels 4 50%Eff 4276
CHEKING BIT 7 RATE 0 1111111 127
CHEKING BIT 6 RATE 0 111111 63
CHEKING BIT 5 RATE 2485 11111 31
CHEKING BIT 4 RATE 2485 101111 47
CHEKING BIT 3 RATE 251 110111 55
CHEKING BIT 2 RATE 2480 110011 51
CHEKING BIT 1 RATE 2022 110101 53
CHEKING BIT 0 RATE 1063 110110 54
###########################5380 1111111
>>>>> IP 192.168.1.105 Adder 0 Pixels 5 50%Eff 5380
CHEKING BIT 7 RATE 0 1111111 127
CHEKING BIT 6 RATE 2368 111111 63
CHEKING BIT 5 RATE 0 1011111 95
CHEKING BIT 4 RATE 0 1001111 79
CHEKING BIT 3 RATE 0 1000111 71
CHEKING BIT 2 RATE 27 1000011 67
CHEKING BIT 1 RATE 1019 1000001 65
CHEKING BIT 0 RATE 1891 1000000 64
###########################6473 11111111
>>>>> IP 192.168.1.105 Adder 0 Pixels 6 50%Eff 6473
