CHEKING BIT 7 RATE 0 1111111 127
CHEKING BIT 6 RATE 0 111111 63
CHEKING BIT 5 RATE 0 11111 31
CHEKING BIT 4 RATE 0 1111 15
CHEKING BIT 3 RATE 2478 111 7
CHEKING BIT 2 RATE 2 1011 11
CHEKING BIT 1 RATE 1288 1001 9
CHEKING BIT 0 RATE 163 1010 10
###########################904 111
>>>>> IP 192.168.1.80 Adder 0 Pixels 1 50%Eff 904
CHEKING BIT 7 RATE 0 1111111 127
CHEKING BIT 6 RATE 0 111111 63
CHEKING BIT 5 RATE 0 11111 31
CHEKING BIT 4 RATE 2485 1111 15
CHEKING BIT 3 RATE 4 10111 23
CHEKING BIT 2 RATE 2462 10011 19
CHEKING BIT 1 RATE 1005 10101 21
CHEKING BIT 0 RATE 2161 10100 20
###########################2083 1111
>>>>> IP 192.168.1.80 Adder 0 Pixels 2 50%Eff 2083
CHEKING BIT 7 RATE 0 1111111 127
CHEKING BIT 6 RATE 0 111111 63
CHEKING BIT 5 RATE 2435 11111 31
CHEKING BIT 4 RATE 0 101111 47
CHEKING BIT 3 RATE 0 100111 39
CHEKING BIT 2 RATE 5 100011 35
CHEKING BIT 1 RATE 804 100001 33
CHEKING BIT 0 RATE 1983 100000 32
###########################3262 11111
>>>>> IP 192.168.1.80 Adder 0 Pixels 3 50%Eff 3262
CHEKING BIT 7 RATE 0 1111111 127
CHEKING BIT 6 RATE 0 111111 63
CHEKING BIT 5 RATE 2485 11111 31
CHEKING BIT 4 RATE 3 101111 47
CHEKING BIT 3 RATE 2485 100111 39
CHEKING BIT 2 RATE 2280 101011 43
CHEKING BIT 1 RATE 527 101101 45
CHEKING BIT 0 RATE 1512 101100 44
###########################4429 111111
>>>>> IP 192.168.1.80 Adder 0 Pixels 4 50%Eff 4429
CHEKING BIT 7 RATE 0 1111111 127
CHEKING BIT 6 RATE 0 111111 63
CHEKING BIT 5 RATE 2485 11111 31
CHEKING BIT 4 RATE 2485 101111 47
CHEKING BIT 3 RATE 1652 110111 55
CHEKING BIT 2 RATE 0 111011 59
CHEKING BIT 1 RATE 120 111001 57
CHEKING BIT 0 RATE 652 111000 56
###########################5538 1111111
>>>>> IP 192.168.1.80 Adder 0 Pixels 5 50%Eff 5538
CHEKING BIT 7 RATE 0 1111111 127
CHEKING BIT 6 RATE 2484 111111 63
CHEKING BIT 5 RATE 0 1011111 95
CHEKING BIT 4 RATE 0 1001111 79
CHEKING BIT 3 RATE 0 1000111 71
CHEKING BIT 2 RATE 494 1000011 67
CHEKING BIT 1 RATE 2213 1000001 65
CHEKING BIT 0 RATE 1414 1000010 66
###########################6621 11111111
>>>>> IP 192.168.1.80 Adder 0 Pixels 6 50%Eff 6621
