CHEKING BIT 7 RATE 0 1111111 127
CHEKING BIT 6 RATE 0 111111 63
CHEKING BIT 5 RATE 0 11111 31
CHEKING BIT 4 RATE 0 1111 15
CHEKING BIT 3 RATE 2484 111 7
CHEKING BIT 2 RATE 17 1011 11
CHEKING BIT 1 RATE 2079 1001 9
CHEKING BIT 0 RATE 585 1010 10
###########################955 111
>>>>> IP 192.168.1.66 Adder 0 Pixels 1 50%Eff 955
CHEKING BIT 7 RATE 0 1111111 127
CHEKING BIT 6 RATE 0 111111 63
CHEKING BIT 5 RATE 0 11111 31
CHEKING BIT 4 RATE 2485 1111 15
CHEKING BIT 3 RATE 0 10111 23
CHEKING BIT 2 RATE 2435 10011 19
CHEKING BIT 1 RATE 543 10101 21
CHEKING BIT 0 RATE 1835 10100 20
###########################2044 1111
>>>>> IP 192.168.1.66 Adder 0 Pixels 2 50%Eff 2044
CHEKING BIT 7 RATE 0 1111111 127
CHEKING BIT 6 RATE 0 111111 63
CHEKING BIT 5 RATE 1288 11111 31
CHEKING BIT 4 RATE 0 101111 47
CHEKING BIT 3 RATE 0 100111 39
CHEKING BIT 2 RATE 0 100011 35
CHEKING BIT 1 RATE 10 100001 33
CHEKING BIT 0 RATE 266 100000 32
###########################3100 11111
>>>>> IP 192.168.1.66 Adder 0 Pixels 3 50%Eff 3100
CHEKING BIT 7 RATE 0 1111111 127
CHEKING BIT 6 RATE 0 111111 63
CHEKING BIT 5 RATE 2485 11111 31
CHEKING BIT 4 RATE 0 101111 47
CHEKING BIT 3 RATE 2480 100111 39
CHEKING BIT 2 RATE 61 101011 43
CHEKING BIT 1 RATE 1718 101001 41
CHEKING BIT 0 RATE 547 101010 42
###########################4138 111111
>>>>> IP 192.168.1.66 Adder 0 Pixels 4 50%Eff 4138
CHEKING BIT 7 RATE 0 1111111 127
CHEKING BIT 6 RATE 0 111111 63
CHEKING BIT 5 RATE 2484 11111 31
CHEKING BIT 4 RATE 2485 101111 47
CHEKING BIT 3 RATE 0 110111 55
CHEKING BIT 2 RATE 1830 110011 51
CHEKING BIT 1 RATE 106 110101 53
CHEKING BIT 0 RATE 780 110100 52
###########################5153 1111111
>>>>> IP 192.168.1.66 Adder 0 Pixels 5 50%Eff 5153
CHEKING BIT 7 RATE 0 1111111 127
CHEKING BIT 6 RATE 349 111111 63
CHEKING BIT 5 RATE 2484 11111 31
CHEKING BIT 4 RATE 2485 101111 47
CHEKING BIT 3 RATE 2484 110111 55
CHEKING BIT 2 RATE 2483 111011 59
CHEKING BIT 1 RATE 2135 111101 61
CHEKING BIT 0 RATE 1257 111110 62
###########################6201 11111111
>>>>> IP 192.168.1.66 Adder 0 Pixels 6 50%Eff 6201
