CHEKING BIT 7 RATE 0 1111111 127
CHEKING BIT 6 RATE 0 111111 63
CHEKING BIT 5 RATE 0 11111 31
CHEKING BIT 4 RATE 0 1111 15
CHEKING BIT 3 RATE 2485 111 7
CHEKING BIT 2 RATE 0 1011 11
CHEKING BIT 1 RATE 1811 1001 9
CHEKING BIT 0 RATE 249 1010 10
###########################938 111
>>>>> IP 192.168.1.75 Adder 0 Pixels 1 50%Eff 938
CHEKING BIT 7 RATE 0 1111111 127
CHEKING BIT 6 RATE 0 111111 63
CHEKING BIT 5 RATE 0 11111 31
CHEKING BIT 4 RATE 2485 1111 15
CHEKING BIT 3 RATE 0 10111 23
CHEKING BIT 2 RATE 2453 10011 19
CHEKING BIT 1 RATE 523 10101 21
CHEKING BIT 0 RATE 1961 10100 20
###########################2052 1111
>>>>> IP 192.168.1.75 Adder 0 Pixels 2 50%Eff 2052
CHEKING BIT 7 RATE 0 1111111 127
CHEKING BIT 6 RATE 0 111111 63
CHEKING BIT 5 RATE  11111 31
CHEKING BIT 4 RATE 2485 1111 15
CHEKING BIT 3 RATE 2484 10111 23
CHEKING BIT 2 RATE 2485 11011 27
CHEKING BIT 1 RATE 2482 11101 29
CHEKING BIT 0 RATE 2412 11110 30
###########################3159 11111
>>>>> IP 192.168.1.75 Adder 0 Pixels 3 50%Eff 3159
CHEKING BIT 7 RATE 0 1111111 127
CHEKING BIT 6 RATE 0 111111 63
CHEKING BIT 5 RATE 2485 11111 31
CHEKING BIT 4 RATE 0 101111 47
CHEKING BIT 3 RATE 2483 100111 39
CHEKING BIT 2 RATE 106 101011 43
CHEKING BIT 1 RATE 2063 101001 41
CHEKING BIT 0 RATE 917 101010 42
###########################4172 111111
>>>>> IP 192.168.1.75 Adder 0 Pixels 4 50%Eff 4172
CHEKING BIT 7 RATE 0 1111111 127
CHEKING BIT 6 RATE 0 111111 63
CHEKING BIT 5 RATE 2484 11111 31
CHEKING BIT 4 RATE 2485 101111 47
CHEKING BIT 3 RATE 2 110111 55
CHEKING BIT 2 RATE 2387 110011 51
CHEKING BIT 1 RATE 613 110101 53
CHEKING BIT 0 RATE 1758 110100 52
###########################5243 1111111
>>>>> IP 192.168.1.75 Adder 0 Pixels 5 50%Eff 5243
CHEKING BIT 7 RATE 0 1111111 127
CHEKING BIT 6 RATE 784 111111 63
CHEKING BIT 5 RATE 2484 11111 31
CHEKING BIT 4 RATE 2485 101111 47
CHEKING BIT 3 RATE 2485 110111 55
CHEKING BIT 2 RATE 2485 111011 59
CHEKING BIT 1 RATE 2419 111101 61
CHEKING BIT 0 RATE 1896 111110 62
###########################6255 11111111
>>>>> IP 192.168.1.75 Adder 0 Pixels 6 50%Eff 6255
