CHEKING BIT 7 RATE 0 1111111 127
CHEKING BIT 6 RATE 0 111111 63
CHEKING BIT 5 RATE 0 11111 31
CHEKING BIT 4 RATE 0 1111 15
CHEKING BIT 3 RATE 0 111 7
CHEKING BIT 2 RATE 2480 11 3
CHEKING BIT 1 RATE 308 101 5
CHEKING BIT 0 RATE 2072 100 4
###########################448 111
>>>>> IP 192.168.1.61 Adder 0 Pixels 1 50%Eff 448
CHEKING BIT 7 RATE 0 1111111 127
CHEKING BIT 6 RATE 0 111111 63
CHEKING BIT 5 RATE 0 11111 31
CHEKING BIT 4 RATE 5 1111 15
CHEKING BIT 3 RATE 2485 111 7
CHEKING BIT 2 RATE 2485 1011 11
CHEKING BIT 1 RATE 1889 1101 13
CHEKING BIT 0 RATE 383 1110 14
###########################1343 1111
>>>>> IP 192.168.1.61 Adder 0 Pixels 2 50%Eff 1343
CHEKING BIT 7 RATE 0 1111111 127
CHEKING BIT 6 RATE 0 111111 63
CHEKING BIT 5 RATE 0 11111 31
CHEKING BIT 4 RATE 2485 1111 15
CHEKING BIT 3 RATE 583 10111 23
CHEKING BIT 2 RATE 2485 10011 19
CHEKING BIT 1 RATE 2460 10101 21
CHEKING BIT 0 RATE 1965 10110 22
###########################2256 11111
>>>>> IP 192.168.1.61 Adder 0 Pixels 3 50%Eff 2256
CHEKING BIT 7 RATE 0 1111111 127
CHEKING BIT 6 RATE 0 111111 63
CHEKING BIT 5 RATE 1753 11111 31
CHEKING BIT 4 RATE 0 101111 47
CHEKING BIT 3 RATE 0 100111 39
CHEKING BIT 2 RATE 0 100011 35
CHEKING BIT 1 RATE 33 100001 33
CHEKING BIT 0 RATE 467 100000 32
###########################3140 111111
>>>>> IP 192.168.1.61 Adder 0 Pixels 4 50%Eff 3140
CHEKING BIT 7 RATE 0 1111111 127
CHEKING BIT 6 RATE 0 111111 63
CHEKING BIT 5 RATE 2485 11111 31
CHEKING BIT 4 RATE 0 101111 47
CHEKING BIT 3 RATE 2396 100111 39
CHEKING BIT 2 RATE 1 101011 43
CHEKING BIT 1 RATE 614 101001 41
CHEKING BIT 0 RATE 1721 101000 40
###########################4042 1111111
>>>>> IP 192.168.1.61 Adder 0 Pixels 5 50%Eff 4042
CHEKING BIT 7 RATE 0 1111111 127
CHEKING BIT 6 RATE 0 111111 63
CHEKING BIT 5 RATE 2485 11111 31
CHEKING BIT 4 RATE 2480 101111 47
CHEKING BIT 3 RATE 0 110111 55
CHEKING BIT 2 RATE 120 110011 51
CHEKING BIT 1 RATE 1910 110001 49
CHEKING BIT 0 RATE 815 110010 50
###########################4963 11111111
>>>>> IP 192.168.1.61 Adder 0 Pixels 6 50%Eff 4963
