CHEKING BIT 7 RATE 0 1111111 127
CHEKING BIT 6 RATE 0 111111 63
CHEKING BIT 5 RATE 0 11111 31
CHEKING BIT 4 RATE 0 1111 15
CHEKING BIT 3 RATE 2433 111 7
CHEKING BIT 2 RATE 7 1011 11
CHEKING BIT 1 RATE 905 1001 9
CHEKING BIT 0 RATE 2034 1000 8
###########################872 111
>>>>> IP 192.168.1.19 Adder 1 Pixels 1 50%Eff 872
CHEKING BIT 7 RATE 0 1111111 127
CHEKING BIT 6 RATE 0 111111 63
CHEKING BIT 5 RATE 0 11111 31
CHEKING BIT 4 RATE 2485 1111 15
CHEKING BIT 3 RATE 1 10111 23
CHEKING BIT 2 RATE 2265 10011 19
CHEKING BIT 1 RATE 556 10101 21
CHEKING BIT 0 RATE 1633 10100 20
###########################2038 1111
>>>>> IP 192.168.1.19 Adder 1 Pixels 2 50%Eff 2038
CHEKING BIT 7 RATE 0 1111111 127
CHEKING BIT 6 RATE 0 111111 63
CHEKING BIT 5 RATE 1684 11111 31
CHEKING BIT 4 RATE 0 101111 47
CHEKING BIT 3 RATE 0 100111 39
CHEKING BIT 2 RATE 0 100011 35
CHEKING BIT 1 RATE 215 100001 33
CHEKING BIT 0 RATE 875 100000 32
###########################3157 11111
>>>>> IP 192.168.1.19 Adder 1 Pixels 3 50%Eff 3157
CHEKING BIT 7 RATE 0 1111111 127
CHEKING BIT 6 RATE 0 111111 63
CHEKING BIT 5 RATE 2484 11111 31
CHEKING BIT 4 RATE 0 101111 47
CHEKING BIT 3 RATE 2477 100111 39
CHEKING BIT 2 RATE 695 101011 43
CHEKING BIT 1 RATE 2098 101001 41
CHEKING BIT 0 RATE 1426 101010 42
###########################4221 111111
>>>>> IP 192.168.1.19 Adder 1 Pixels 4 50%Eff 4221
CHEKING BIT 7 RATE 0 1111111 127
CHEKING BIT 6 RATE 0 111111 63
CHEKING BIT 5 RATE 2484 11111 31
CHEKING BIT 4 RATE 2485 101111 47
CHEKING BIT 3 RATE 224 110111 55
CHEKING BIT 2 RATE 2336 110011 51
CHEKING BIT 1 RATE 1363 110101 53
CHEKING BIT 0 RATE 757 110110 54
###########################5305 1111111
>>>>> IP 192.168.1.19 Adder 1 Pixels 5 50%Eff 5305
CHEKING BIT 7 RATE 0 1111111 127
CHEKING BIT 6 RATE 1424 111111 63
CHEKING BIT 5 RATE 0 1011111 95
CHEKING BIT 4 RATE 0 1001111 79
CHEKING BIT 3 RATE 0 1000111 71
CHEKING BIT 2 RATE 14 1000011 67
CHEKING BIT 1 RATE 431 1000001 65
CHEKING BIT 0 RATE 944 1000000 64
###########################6344 11111111
>>>>> IP 192.168.1.19 Adder 1 Pixels 6 50%Eff 6344
