CHEKING BIT 7 RATE 0 1111111 127
CHEKING BIT 6 RATE 0 111111 63
CHEKING BIT 5 RATE 0 11111 31
CHEKING BIT 4 RATE 0 1111 15
CHEKING BIT 3 RATE 2485 111 7
CHEKING BIT 2 RATE 36 1011 11
CHEKING BIT 1 RATE 2473 1001 9
CHEKING BIT 0 RATE 1418 1010 10
###########################1009 111
>>>>> IP 192.168.1.144 Adder 1 Pixels 1 50%Eff 1009
CHEKING BIT 7 RATE 0 1111111 127
CHEKING BIT 6 RATE 0 111111 63
CHEKING BIT 5 RATE 0 11111 31
CHEKING BIT 4 RATE 2485 1111 15
CHEKING BIT 3 RATE 0 10111 23
CHEKING BIT 2 RATE 87 10011 19
CHEKING BIT 1 RATE 2416 10001 17
CHEKING BIT 0 RATE 1277 10010 18
###########################1804 1111
>>>>> IP 192.168.1.144 Adder 1 Pixels 2 50%Eff 1804
CHEKING BIT 7 RATE 0 1111111 127
CHEKING BIT 6 RATE 0 111111 63
CHEKING BIT 5 RATE 0 11111 31
CHEKING BIT 4 RATE 2484 1111 15
CHEKING BIT 3 RATE 2485 10111 23
CHEKING BIT 2 RATE 191 11011 27
CHEKING BIT 1 RATE 2392 11001 25
CHEKING BIT 0 RATE 1415 11010 26
###########################2613 11111
>>>>> IP 192.168.1.144 Adder 1 Pixels 3 50%Eff 2613
CHEKING BIT 7 RATE 0 1111111 127
CHEKING BIT 6 RATE 0 111111 63
CHEKING BIT 5 RATE 2485 11111 31
CHEKING BIT 4 RATE 0 101111 47
CHEKING BIT 3 RATE 0 100111 39
CHEKING BIT 2 RATE 1196 100011 35
CHEKING BIT 1 RATE 2474 100001 33
CHEKING BIT 0 RATE 2243 100010 34
###########################3489 111111
>>>>> IP 192.168.1.144 Adder 1 Pixels 4 50%Eff 3489
CHEKING BIT 7 RATE 0 1111111 127
CHEKING BIT 6 RATE 0 111111 63
CHEKING BIT 5 RATE 2485 11111 31
CHEKING BIT 4 RATE 0 101111 47
CHEKING BIT 3 RATE 2485 100111 39
CHEKING BIT 2 RATE 2034 101011 43
CHEKING BIT 1 RATE 145 101101 45
CHEKING BIT 0 RATE 959 101100 44
###########################4370 1111111
>>>>> IP 192.168.1.144 Adder 1 Pixels 5 50%Eff 4370
CHEKING BIT 7 RATE 0 1111111 127
CHEKING BIT 6 RATE 0 111111 63
CHEKING BIT 5 RATE 2485 11111 31
CHEKING BIT 4 RATE 2484 101111 47
CHEKING BIT 3 RATE 7 110111 55
CHEKING BIT 2 RATE 2434 110011 51
CHEKING BIT 1 RATE 911 110101 53
CHEKING BIT 0 RATE 1965 110100 52
###########################5268 11111111
>>>>> IP 192.168.1.144 Adder 1 Pixels 6 50%Eff 5268
