CHEKING BIT 7 RATE 0 1111111 127
CHEKING BIT 6 RATE 0 111111 63
CHEKING BIT 5 RATE 0 11111 31
CHEKING BIT 4 RATE 0 1111 15
CHEKING BIT 3 RATE 2332 111 7
CHEKING BIT 2 RATE 0 1011 11
CHEKING BIT 1 RATE 118 1001 9
CHEKING BIT 0 RATE 1221 1000 8
###########################796 111
>>>>> IP 192.168.1.150 Adder 1 Pixels 1 50%Eff 796
CHEKING BIT 7 RATE 0 1111111 127
CHEKING BIT 6 RATE 0 111111 63
CHEKING BIT 5 RATE 0 11111 31
CHEKING BIT 4 RATE 2485 1111 15
CHEKING BIT 3 RATE 0 10111 23
CHEKING BIT 2 RATE 22 10011 19
CHEKING BIT 1 RATE 1903 10001 17
CHEKING BIT 0 RATE 521 10010 18
###########################1747 1111
>>>>> IP 192.168.1.150 Adder 1 Pixels 2 50%Eff 1747
CHEKING BIT 7 RATE 0 1111111 127
CHEKING BIT 6 RATE 0 111111 63
CHEKING BIT 5 RATE 0 11111 31
CHEKING BIT 4 RATE 2484 1111 15
CHEKING BIT 3 RATE 2485 10111 23
CHEKING BIT 2 RATE 2434 11011 27
CHEKING BIT 1 RATE 747 11101 29
CHEKING BIT 0 RATE 1926 11100 28
###########################2857 11111
>>>>> IP 192.168.1.150 Adder 1 Pixels 3 50%Eff 2857
CHEKING BIT 7 RATE 0 1111111 127
CHEKING BIT 6 RATE 0 111111 63
CHEKING BIT 5 RATE 2485 11111 31
CHEKING BIT 4 RATE 0 101111 47
CHEKING BIT 3 RATE 1898 100111 39
CHEKING BIT 2 RATE 0 101011 43
CHEKING BIT 1 RATE 120 101001 41
CHEKING BIT 0 RATE 843 101000 40
###########################3957 111111
>>>>> IP 192.168.1.150 Adder 1 Pixels 4 50%Eff 3957
CHEKING BIT 7 RATE 0 1111111 127
CHEKING BIT 6 RATE 0 111111 63
CHEKING BIT 5 RATE 2485 11111 31
CHEKING BIT 4 RATE 2483 101111 47
CHEKING BIT 3 RATE 0 110111 55
CHEKING BIT 2 RATE 475 110011 51
CHEKING BIT 1 RATE 2320 110001 49
CHEKING BIT 0 RATE 1544 110010 50
###########################5028 1111111
>>>>> IP 192.168.1.150 Adder 1 Pixels 5 50%Eff 5028
CHEKING BIT 7 RATE 0 1111111 127
CHEKING BIT 6 RATE 13 111111 63
CHEKING BIT 5 RATE 2485 11111 31
CHEKING BIT 4 RATE 2484 101111 47
CHEKING BIT 3 RATE 2485 110111 55
CHEKING BIT 2 RATE 2413 111011 59
CHEKING BIT 1 RATE 1106 111101 61
CHEKING BIT 0 RATE 2040 111100 60
###########################6083 11111111
>>>>> IP 192.168.1.150 Adder 1 Pixels 6 50%Eff 6083
