CHEKING BIT 7 RATE 0 1111111 127
CHEKING BIT 6 RATE 0 111111 63
CHEKING BIT 5 RATE 0 11111 31
CHEKING BIT 4 RATE 0 1111 15
CHEKING BIT 3 RATE 1912 111 7
CHEKING BIT 2 RATE 0 1011 11
CHEKING BIT 1 RATE 15 1001 9
CHEKING BIT 0 RATE 441 1000 8
###########################743 111
>>>>> IP 192.168.1.66 Adder 1 Pixels 1 50%Eff 743
CHEKING BIT 7 RATE 0 1111111 127
CHEKING BIT 6 RATE 0 111111 63
CHEKING BIT 5 RATE 0 11111 31
CHEKING BIT 4 RATE 2485 1111 15
CHEKING BIT 3 RATE 0 10111 23
CHEKING BIT 2 RATE 152 10011 19
CHEKING BIT 1 RATE 2280 10001 17
CHEKING BIT 0 RATE 1153 10010 18
###########################1793 1111
>>>>> IP 192.168.1.66 Adder 1 Pixels 2 50%Eff 1793
CHEKING BIT 7 RATE 0 1111111 127
CHEKING BIT 6 RATE 0 111111 63
CHEKING BIT 5 RATE 0 11111 31
CHEKING BIT 4 RATE 2484 1111 15
CHEKING BIT 3 RATE 2485 10111 23
CHEKING BIT 2 RATE 2379 11011 27
CHEKING BIT 1 RATE 403 11101 29
CHEKING BIT 0 RATE 1642 11100 28
###########################2834 11111
>>>>> IP 192.168.1.66 Adder 1 Pixels 3 50%Eff 2834
CHEKING BIT 7 RATE 0 1111111 127
CHEKING BIT 6 RATE 0 111111 63
CHEKING BIT 5 RATE 2485 11111 31
CHEKING BIT 4 RATE 0 101111 47
CHEKING BIT 3 RATE 552 100111 39
CHEKING BIT 2 RATE 2484 100011 35
CHEKING BIT 1 RATE 2394 100101 37
CHEKING BIT 0 RATE 1721 100110 38
###########################3839 111111
>>>>> IP 192.168.1.66 Adder 1 Pixels 4 50%Eff 3839
CHEKING BIT 7 RATE 0 1111111 127
CHEKING BIT 6 RATE 0 111111 63
CHEKING BIT 5 RATE 2485 11111 31
CHEKING BIT 4 RATE 2344 101111 47
CHEKING BIT 3 RATE 0 110111 55
CHEKING BIT 2 RATE 2 110011 51
CHEKING BIT 1 RATE 541 110001 49
CHEKING BIT 0 RATE 1645 110000 48
###########################4838 1111111
>>>>> IP 192.168.1.66 Adder 1 Pixels 5 50%Eff 4838
CHEKING BIT 7 RATE 0 1111111 127
CHEKING BIT 6 RATE 0 111111 63
CHEKING BIT 5 RATE 2485 11111 31
CHEKING BIT 4 RATE 2484 101111 47
CHEKING BIT 3 RATE 2485 110111 55
CHEKING BIT 2 RATE 798 111011 59
CHEKING BIT 1 RATE 2403 111001 57
CHEKING BIT 0 RATE 1778 111010 58
###########################5851 11111111
>>>>> IP 192.168.1.66 Adder 1 Pixels 6 50%Eff 5851
