CHEKING BIT 7 RATE 0 1111111 127
CHEKING BIT 6 RATE 0 111111 63
CHEKING BIT 5 RATE 0 11111 31
CHEKING BIT 4 RATE 0 1111 15
CHEKING BIT 3 RATE 2485 111 7
CHEKING BIT 2 RATE 1089 1011 11
CHEKING BIT 1 RATE 2485 1001 9
CHEKING BIT 0 RATE 2351 1010 10
###########################1083 111
>>>>> IP 192.168.1.12 Adder 1 Pixels 1 50%Eff 1083
CHEKING BIT 7 RATE 0 1111111 127
CHEKING BIT 6 RATE 0 111111 63
CHEKING BIT 5 RATE 0 11111 31
CHEKING BIT 4 RATE 2484 1111 15
CHEKING BIT 3 RATE 0 10111 23
CHEKING BIT 2 RATE 2480 10011 19
CHEKING BIT 1 RATE 1104 10101 21
CHEKING BIT 0 RATE 2307 10100 20
###########################2091 1111
>>>>> IP 192.168.1.12 Adder 1 Pixels 2 50%Eff 2091
CHEKING BIT 7 RATE 0 1111111 127
CHEKING BIT 6 RATE 0 111111 63
CHEKING BIT 5 RATE 980 11111 31
CHEKING BIT 4 RATE 2485 1111 15
CHEKING BIT 3 RATE 2485 10111 23
CHEKING BIT 2 RATE 2485 11011 27
CHEKING BIT 1 RATE 2477 11101 29
CHEKING BIT 0 RATE 2202 11110 30
###########################3080 11111
>>>>> IP 192.168.1.12 Adder 1 Pixels 3 50%Eff 3080
CHEKING BIT 7 RATE 0 1111111 127
CHEKING BIT 6 RATE 0 111111 63
CHEKING BIT 5 RATE 2485 11111 31
CHEKING BIT 4 RATE 0 101111 47
CHEKING BIT 3 RATE 2445 100111 39
CHEKING BIT 2 RATE 2 101011 43
CHEKING BIT 1 RATE 744 101001 41
CHEKING BIT 0 RATE 1967 101000 40
###########################4060 111111
>>>>> IP 192.168.1.12 Adder 1 Pixels 4 50%Eff 4060
CHEKING BIT 7 RATE 0 1111111 127
CHEKING BIT 6 RATE 0 111111 63
CHEKING BIT 5 RATE 2485 11111 31
CHEKING BIT 4 RATE 2485 101111 47
CHEKING BIT 3 RATE 0 110111 55
CHEKING BIT 2 RATE 613 110011 51
CHEKING BIT 1 RATE 2384 110001 49
CHEKING BIT 0 RATE 1794 110010 50
###########################5047 1111111
>>>>> IP 192.168.1.12 Adder 1 Pixels 5 50%Eff 5047
CHEKING BIT 7 RATE 0 1111111 127
CHEKING BIT 6 RATE 1 111111 63
CHEKING BIT 5 RATE 2485 11111 31
CHEKING BIT 4 RATE 2485 101111 47
CHEKING BIT 3 RATE 2485 110111 55
CHEKING BIT 2 RATE 2247 111011 59
CHEKING BIT 1 RATE 424 111101 61
CHEKING BIT 0 RATE 1414 111100 60
###########################6024 11111111
>>>>> IP 192.168.1.12 Adder 1 Pixels 6 50%Eff 6024
