CHEKING BIT 7 RATE 0 1111111 127
CHEKING BIT 6 RATE 0 111111 63
CHEKING BIT 5 RATE 0 11111 31
CHEKING BIT 4 RATE 0 1111 15
CHEKING BIT 3 RATE 2433 111 7
CHEKING BIT 2 RATE 0 1011 11
CHEKING BIT 1 RATE 283 1001 9
CHEKING BIT 0 RATE 1611 1000 8
###########################830 111
>>>>> IP 192.168.1.145 Adder 1 Pixels 1 50%Eff 830
CHEKING BIT 7 RATE 0 1111111 127
CHEKING BIT 6 RATE 0 111111 63
CHEKING BIT 5 RATE 0 11111 31
CHEKING BIT 4 RATE 2485 1111 15
CHEKING BIT 3 RATE 0 10111 23
CHEKING BIT 2 RATE 2140 10011 19
CHEKING BIT 1 RATE 128 10101 21
CHEKING BIT 0 RATE 987 10100 20
###########################1977 1111
>>>>> IP 192.168.1.145 Adder 1 Pixels 2 50%Eff 1977
CHEKING BIT 7 RATE 0 1111111 127
CHEKING BIT 6 RATE 0 111111 63
CHEKING BIT 5 RATE 664 11111 31
CHEKING BIT 4 RATE 2485 1111 15
CHEKING BIT 3 RATE 2485 10111 23
CHEKING BIT 2 RATE 2485 11011 27
CHEKING BIT 1 RATE 2447 11101 29
CHEKING BIT 0 RATE 1925 11110 30
###########################3054 11111
>>>>> IP 192.168.1.145 Adder 1 Pixels 3 50%Eff 3054
CHEKING BIT 7 RATE 0 1111111 127
CHEKING BIT 6 RATE 0 111111 63
CHEKING BIT 5 RATE 2485 11111 31
CHEKING BIT 4 RATE 0 101111 47
CHEKING BIT 3 RATE 2477 100111 39
CHEKING BIT 2 RATE 42 101011 43
CHEKING BIT 1 RATE 1606 101001 41
CHEKING BIT 0 RATE 513 101010 42
###########################4132 111111
>>>>> IP 192.168.1.145 Adder 1 Pixels 4 50%Eff 4132
CHEKING BIT 7 RATE 0 1111111 127
CHEKING BIT 6 RATE 0 111111 63
CHEKING BIT 5 RATE 2485 11111 31
CHEKING BIT 4 RATE 2485 101111 47
CHEKING BIT 3 RATE 1 110111 55
CHEKING BIT 2 RATE 2085 110011 51
CHEKING BIT 1 RATE 252 110101 53
CHEKING BIT 0 RATE 1076 110100 52
###########################5183 1111111
>>>>> IP 192.168.1.145 Adder 1 Pixels 5 50%Eff 5183
CHEKING BIT 7 RATE 0 1111111 127
CHEKING BIT 6 RATE 598 111111 63
CHEKING BIT 5 RATE 2485 11111 31
CHEKING BIT 4 RATE 2484 101111 47
CHEKING BIT 3 RATE 2485 110111 55
CHEKING BIT 2 RATE 2484 111011 59
CHEKING BIT 1 RATE 2306 111101 61
CHEKING BIT 0 RATE 1616 111110 62
###########################6238 11111111
>>>>> IP 192.168.1.145 Adder 1 Pixels 6 50%Eff 6238
