CHEKING BIT 7 RATE 0 1111111 127
CHEKING BIT 6 RATE 0 111111 63
CHEKING BIT 5 RATE 0 11111 31
CHEKING BIT 4 RATE 0 1111 15
CHEKING BIT 3 RATE 2485 111 7
CHEKING BIT 2 RATE 1274 1011 11
CHEKING BIT 1 RATE 2 1101 13
CHEKING BIT 0 RATE 172 1100 12
###########################1106 111
>>>>> IP 192.168.1.57 Adder 1 Pixels 1 50%Eff 1106
CHEKING BIT 7 RATE 0 1111111 127
CHEKING BIT 6 RATE 0 111111 63
CHEKING BIT 5 RATE 0 11111 31
CHEKING BIT 4 RATE 2485 1111 15
CHEKING BIT 3 RATE 758 10111 23
CHEKING BIT 2 RATE 2485 10011 19
CHEKING BIT 1 RATE 2463 10101 21
CHEKING BIT 0 RATE 2051 10110 22
###########################2262 1111
>>>>> IP 192.168.1.57 Adder 1 Pixels 2 50%Eff 2262
CHEKING BIT 7 RATE 0 1111111 127
CHEKING BIT 6 RATE 0 111111 63
CHEKING BIT 5 RATE 2485 11111 31
CHEKING BIT 4 RATE 0 101111 47
CHEKING BIT 3 RATE 0 100111 39
CHEKING BIT 2 RATE 146 100011 35
CHEKING BIT 1 RATE 2117 100001 33
CHEKING BIT 0 RATE 994 100010 34
###########################3381 11111
>>>>> IP 192.168.1.57 Adder 1 Pixels 3 50%Eff 3381
CHEKING BIT 7 RATE 0 1111111 127
CHEKING BIT 6 RATE 0 111111 63
CHEKING BIT 5 RATE 2485 11111 31
CHEKING BIT 4 RATE 23 101111 47
CHEKING BIT 3 RATE 2485 100111 39
CHEKING BIT 2 RATE 2455 101011 43
CHEKING BIT 1 RATE 1270 101101 45
CHEKING BIT 0 RATE 320 101110 46
###########################4504 111111
>>>>> IP 192.168.1.57 Adder 1 Pixels 4 50%Eff 4504
CHEKING BIT 7 RATE 0 1111111 127
CHEKING BIT 6 RATE 0 111111 63
CHEKING BIT 5 RATE 2485 11111 31
CHEKING BIT 4 RATE 2484 101111 47
CHEKING BIT 3 RATE 1922 110111 55
CHEKING BIT 2 RATE 0 111011 59
CHEKING BIT 1 RATE 196 111001 57
CHEKING BIT 0 RATE 901 111000 56
###########################5566 1111111
>>>>> IP 192.168.1.57 Adder 1 Pixels 5 50%Eff 5566
CHEKING BIT 7 RATE 0 1111111 127
CHEKING BIT 6 RATE 2482 111111 63
CHEKING BIT 5 RATE 0 1011111 95
CHEKING BIT 4 RATE 0 1001111 79
CHEKING BIT 3 RATE 0 1000111 71
CHEKING BIT 2 RATE 471 1000011 67
CHEKING BIT 1 RATE 2234 1000001 65
CHEKING BIT 0 RATE 1476 1000010 66
###########################6621 11111111
>>>>> IP 192.168.1.57 Adder 1 Pixels 6 50%Eff 6621
