CHEKING BIT 7 RATE 0 1111111 127
CHEKING BIT 6 RATE 0 111111 63
CHEKING BIT 5 RATE 0 11111 31
CHEKING BIT 4 RATE  1111 15
CHEKING BIT 3 RATE 0 111 7
CHEKING BIT 2 RATE 2485 11 3
CHEKING BIT 1 RATE 2480 101 5
CHEKING BIT 0 RATE 874 110 6
###########################577 111
>>>>> IP 192.168.1.82 Adder 1 Pixels 1 50%Eff 577
CHEKING BIT 7 RATE 0 1111111 127
CHEKING BIT 6 RATE 0 111111 63
CHEKING BIT 5 RATE 0 11111 31
CHEKING BIT 4 RATE 0 1111 15
CHEKING BIT 3 RATE 2485 111 7
CHEKING BIT 2 RATE 1478 1011 11
CHEKING BIT 1 RATE 0 1101 13
CHEKING BIT 0 RATE 16 1100 12
###########################1115 1111
>>>>> IP 192.168.1.82 Adder 1 Pixels 2 50%Eff 1115
CHEKING BIT 7 RATE 0 1111111 127
CHEKING BIT 6 RATE 0 111111 63
CHEKING BIT 5 RATE 0 11111 31
CHEKING BIT 4 RATE 2483 1111 15
CHEKING BIT 3 RATE 0 10111 23
CHEKING BIT 2 RATE 0 10011 19
CHEKING BIT 1 RATE 79 10001 17
CHEKING BIT 0 RATE 1931 10000 16
###########################1637 11111
>>>>> IP 192.168.1.82 Adder 1 Pixels 3 50%Eff 1637
CHEKING BIT 7 RATE 0 1111111 127
CHEKING BIT 6 RATE 0 111111 63
CHEKING BIT 5 RATE 0 11111 31
CHEKING BIT 4 RATE 2485 1111 15
CHEKING BIT 3 RATE 0 10111 23
CHEKING BIT 2 RATE 2485 10011 19
CHEKING BIT 1 RATE 1973 10101 21
CHEKING BIT 0 RATE 102 10110 22
###########################2138 111111
>>>>> IP 192.168.1.82 Adder 1 Pixels 4 50%Eff 2138
CHEKING BIT 7 RATE 0 1111111 127
CHEKING BIT 6 RATE 0 111111 63
CHEKING BIT 5 RATE 0 11111 31
CHEKING BIT 4 RATE 2485 1111 15
CHEKING BIT 3 RATE 2484 10111 23
CHEKING BIT 2 RATE 160 11011 27
CHEKING BIT 1 RATE 2481 11001 25
CHEKING BIT 0 RATE 1943 11010 26
###########################2640 1111111
>>>>> IP 192.168.1.82 Adder 1 Pixels 5 50%Eff 2640
CHEKING BIT 7 RATE 0 1111111 127
CHEKING BIT 6 RATE 0 111111 63
CHEKING BIT 5 RATE 1637 11111 31
CHEKING BIT 4 RATE 0 101111 47
CHEKING BIT 3 RATE 0 100111 39
CHEKING BIT 2 RATE 0 100011 35
CHEKING BIT 1 RATE 0 100001 33
CHEKING BIT 0 RATE 101 100000 32
###########################3125 11111111
>>>>> IP 192.168.1.82 Adder 1 Pixels 6 50%Eff 3125
