CHEKING BIT 7 RATE 0 1111111 127
CHEKING BIT 6 RATE 0 111111 63
CHEKING BIT 5 RATE 0 11111 31
CHEKING BIT 4 RATE 9 1111 15
CHEKING BIT 3 RATE 2485 111 7
CHEKING BIT 2 RATE 2485 1011 11
CHEKING BIT 1 RATE 1798 1101 13
CHEKING BIT 0 RATE 337 1110 14
###########################1338 111
>>>>> IP 192.168.1.89 Adder 1 Pixels 1 50%Eff 1338
CHEKING BIT 7 RATE 0 1111111 127
CHEKING BIT 6 RATE 0 111111 63
CHEKING BIT 5 RATE 0 11111 31
CHEKING BIT 4 RATE 2485 1111 15
CHEKING BIT 3 RATE 2210 10111 23
CHEKING BIT 2 RATE 0 11011 27
CHEKING BIT 1 RATE 95 11001 25
CHEKING BIT 0 RATE 963 11000 24
###########################2374 1111
>>>>> IP 192.168.1.89 Adder 1 Pixels 2 50%Eff 2374
CHEKING BIT 7 RATE 0 1111111 127
CHEKING BIT 6 RATE 0 111111 63
CHEKING BIT 5 RATE 2484 11111 31
CHEKING BIT 4 RATE 0 101111 47
CHEKING BIT 3 RATE 0 100111 39
CHEKING BIT 2 RATE 107 100011 35
CHEKING BIT 1 RATE 2111 100001 33
CHEKING BIT 0 RATE 982 100010 34
###########################3376 11111
>>>>> IP 192.168.1.89 Adder 1 Pixels 3 50%Eff 3376
CHEKING BIT 7 RATE 0 1111111 127
CHEKING BIT 6 RATE 0 111111 63
CHEKING BIT 5 RATE 2485 11111 31
CHEKING BIT 4 RATE 1 101111 47
CHEKING BIT 3 RATE 2485 100111 39
CHEKING BIT 2 RATE 2206 101011 43
CHEKING BIT 1 RATE 225 101101 45
CHEKING BIT 0 RATE 1150 101100 44
###########################4389 111111
>>>>> IP 192.168.1.89 Adder 1 Pixels 4 50%Eff 4389
CHEKING BIT 7 RATE 0 1111111 127
CHEKING BIT 6 RATE 0 111111 63
CHEKING BIT 5 RATE 2485 11111 31
CHEKING BIT 4 RATE 2485 101111 47
CHEKING BIT 3 RATE 173 110111 55
CHEKING BIT 2 RATE 2484 110011 51
CHEKING BIT 1 RATE 2098 110101 53
CHEKING BIT 0 RATE 951 110110 54
###########################5371 1111111
>>>>> IP 192.168.1.89 Adder 1 Pixels 5 50%Eff 5371
CHEKING BIT 7 RATE 0 1111111 127
CHEKING BIT 6 RATE 1403 111111 63
CHEKING BIT 5 RATE 0 1011111 95
CHEKING BIT 4 RATE 0 1001111 79
CHEKING BIT 3 RATE 0 1000111 71
CHEKING BIT 2 RATE 0 1000011 67
CHEKING BIT 1 RATE 34 1000001 65
CHEKING BIT 0 RATE 388 1000000 64
###########################6306 11111111
>>>>> IP 192.168.1.89 Adder 1 Pixels 6 50%Eff 6306
