CHEKING BIT 7 RATE 0 1111111 127
CHEKING BIT 6 RATE 0 111111 63
CHEKING BIT 5 RATE 0 11111 31
CHEKING BIT 4 RATE 0 1111 15
CHEKING BIT 3 RATE 2485 111 7
CHEKING BIT 2 RATE 4 1011 11
CHEKING BIT 1 RATE 1933 1001 9
CHEKING BIT 0 RATE 411 1010 10
###########################945 111
>>>>> IP 192.168.1.130 Adder 1 Pixels 1 50%Eff 945
CHEKING BIT 7 RATE 0 1111111 127
CHEKING BIT 6 RATE 0 111111 63
CHEKING BIT 5 RATE 0 11111 31
CHEKING BIT 4 RATE 2484 1111 15
CHEKING BIT 3 RATE 0 10111 23
CHEKING BIT 2 RATE 1396 10011 19
CHEKING BIT 1 RATE 3 10101 21
CHEKING BIT 0 RATE 209 10100 20
###########################1914 1111
>>>>> IP 192.168.1.130 Adder 1 Pixels 2 50%Eff 1914
CHEKING BIT 7 RATE 0 1111111 127
CHEKING BIT 6 RATE 0 111111 63
CHEKING BIT 5 RATE 2 11111 31
CHEKING BIT 4 RATE 2484 1111 15
CHEKING BIT 3 RATE 2485 10111 23
CHEKING BIT 2 RATE 2471 11011 27
CHEKING BIT 1 RATE 901 11101 29
CHEKING BIT 0 RATE 2117 11100 28
###########################2872 11111
>>>>> IP 192.168.1.130 Adder 1 Pixels 3 50%Eff 2872
CHEKING BIT 7 RATE 0 1111111 127
CHEKING BIT 6 RATE 0 111111 63
CHEKING BIT 5 RATE 2485 11111 31
CHEKING BIT 4 RATE 0 101111 47
CHEKING BIT 3 RATE 308 100111 39
CHEKING BIT 2 RATE 2485 100011 35
CHEKING BIT 1 RATE 2296 100101 37
CHEKING BIT 0 RATE 1385 100110 38
###########################3815 111111
>>>>> IP 192.168.1.130 Adder 1 Pixels 4 50%Eff 3815
CHEKING BIT 7 RATE 0 1111111 127
CHEKING BIT 6 RATE 0 111111 63
CHEKING BIT 5 RATE 2485 11111 31
CHEKING BIT 4 RATE 1864 101111 47
CHEKING BIT 3 RATE 0 110111 55
CHEKING BIT 2 RATE 0 110011 51
CHEKING BIT 1 RATE 121 110001 49
CHEKING BIT 0 RATE 761 110000 48
###########################4752 1111111
>>>>> IP 192.168.1.130 Adder 1 Pixels 5 50%Eff 4752
CHEKING BIT 7 RATE 0 1111111 127
CHEKING BIT 6 RATE 0 111111 63
CHEKING BIT 5 RATE 2485 11111 31
CHEKING BIT 4 RATE 2485 101111 47
CHEKING BIT 3 RATE  110111 55
CHEKING BIT 2 RATE 2485 110011 51
CHEKING BIT 1 RATE 2484 110101 53
CHEKING BIT 0 RATE 2485 110110 54
###########################14900 11111111
>>>>> IP 192.168.1.130 Adder 1 Pixels 6 50%Eff 14900
