CHEKING BIT 7 RATE 0 1111111 127
CHEKING BIT 6 RATE 0 111111 63
CHEKING BIT 5 RATE 0 11111 31
CHEKING BIT 4 RATE 2375 1111 15
CHEKING BIT 3 RATE 0 10111 23
CHEKING BIT 2 RATE 68 10011 19
CHEKING BIT 1 RATE 1181 10001 17
CHEKING BIT 0 RATE 1992 10000 16
###########################1693 111
>>>>> IP 192.168.1.10 Adder 1 Pixels 1 50%Eff 1693
CHEKING BIT 7 RATE 0 1111111 127
CHEKING BIT 6 RATE 0 111111 63
CHEKING BIT 5 RATE 2485 11111 31
CHEKING BIT 4 RATE 0 101111 47
CHEKING BIT 3 RATE 26 100111 39
CHEKING BIT 2 RATE 1710 100011 35
CHEKING BIT 1 RATE 446 100101 37
CHEKING BIT 0 RATE 1023 100100 36
###########################3566 1111
>>>>> IP 192.168.1.10 Adder 1 Pixels 2 50%Eff 3566
CHEKING BIT 7 RATE 0 1111111 127
CHEKING BIT 6 RATE 0 111111 63
CHEKING BIT 5 RATE 2485 11111 31
CHEKING BIT 4 RATE 2485 101111 47
CHEKING BIT 3 RATE 1333 110111 55
CHEKING BIT 2 RATE 13 111011 59
CHEKING BIT 1 RATE 346 111001 57
CHEKING BIT 0 RATE 827 111000 56
###########################5524 11111
>>>>> IP 192.168.1.10 Adder 1 Pixels 3 50%Eff 5524
CHEKING BIT 7 RATE 0 1111111 127
CHEKING BIT 6 RATE 2485 111111 63
CHEKING BIT 5 RATE 0 1011111 95
CHEKING BIT 4 RATE 37 1001111 79
CHEKING BIT 3 RATE 2467 1000111 71
CHEKING BIT 2 RATE 1390 1001011 75
CHEKING BIT 1 RATE 359 1001101 77
CHEKING BIT 0 RATE 807 1001100 76
###########################7529 111111
>>>>> IP 192.168.1.10 Adder 1 Pixels 4 50%Eff 7529
CHEKING BIT 7 RATE 0 1111111 127
CHEKING BIT 6 RATE 2485 111111 63
CHEKING BIT 5 RATE 1065 1011111 95
CHEKING BIT 4 RATE 2485 1001111 79
CHEKING BIT 3 RATE 2484 1010111 87
CHEKING BIT 2 RATE 2439 1011011 91
CHEKING BIT 1 RATE 2139 1011101 93
CHEKING BIT 0 RATE 1680 1011110 94
###########################9471 1111111
>>>>> IP 192.168.1.10 Adder 1 Pixels 5 50%Eff 9471
CHEKING BIT 7 RATE 0 1111111 127
CHEKING BIT 6 RATE 2485 111111 63
CHEKING BIT 5 RATE 2484 1011111 95
CHEKING BIT 4 RATE 2189 1101111 111
CHEKING BIT 3 RATE 0 1110111 119
CHEKING BIT 2 RATE 345 1110011 115
CHEKING BIT 1 RATE 1284 1110001 113
CHEKING BIT 0 RATE 700 1110010 114
###########################11308 11111111
>>>>> IP 192.168.1.10 Adder 1 Pixels 6 50%Eff 11308
