CHEKING BIT 7 RATE 0 1111111 127
CHEKING BIT 6 RATE 0 111111 63
CHEKING BIT 5 RATE 0 11111 31
CHEKING BIT 4 RATE 0 1111 15
CHEKING BIT 3 RATE 2485 111 7
CHEKING BIT 2 RATE 553 1011 11
CHEKING BIT 1 RATE 2478 1001 9
CHEKING BIT 0 RATE 2159 1010 10
###########################1057 111
>>>>> IP 192.168.1.83 Adder 1 Pixels 1 50%Eff 1057
CHEKING BIT 7 RATE 0 1111111 127
CHEKING BIT 6 RATE 0 111111 63
CHEKING BIT 5 RATE 0 11111 31
CHEKING BIT 4 RATE 2485 1111 15
CHEKING BIT 3 RATE 0 10111 23
CHEKING BIT 2 RATE 2463 10011 19
CHEKING BIT 1 RATE 452 10101 21
CHEKING BIT 0 RATE 1880 10100 20
###########################2047 1111
>>>>> IP 192.168.1.83 Adder 1 Pixels 2 50%Eff 2047
CHEKING BIT 7 RATE 0 1111111 127
CHEKING BIT 6 RATE 0 111111 63
CHEKING BIT 5 RATE 85 11111 31
CHEKING BIT 4 RATE 2484 1111 15
CHEKING BIT 3 RATE 2485 10111 23
CHEKING BIT 2 RATE 2484 11011 27
CHEKING BIT 1 RATE 2135 11101 29
CHEKING BIT 0 RATE 861 11110 30
###########################2971 11111
>>>>> IP 192.168.1.83 Adder 1 Pixels 3 50%Eff 2971
CHEKING BIT 7 RATE 0 1111111 127
CHEKING BIT 6 RATE 0 111111 63
CHEKING BIT 5 RATE 2485 11111 31
CHEKING BIT 4 RATE 0 101111 47
CHEKING BIT 3 RATE 1249 100111 39
CHEKING BIT 2 RATE 2484 100011 35
CHEKING BIT 1 RATE 2476 100101 37
CHEKING BIT 0 RATE 2219 100110 38
###########################3893 111111
>>>>> IP 192.168.1.83 Adder 1 Pixels 4 50%Eff 3893
CHEKING BIT 7 RATE 0 1111111 127
CHEKING BIT 6 RATE 0 111111 63
CHEKING BIT 5 RATE 2485 11111 31
CHEKING BIT 4 RATE 2418 101111 47
CHEKING BIT 3 RATE 0 110111 55
CHEKING BIT 2 RATE 6 110011 51
CHEKING BIT 1 RATE 857 110001 49
CHEKING BIT 0 RATE 1964 110000 48
###########################4858 1111111
>>>>> IP 192.168.1.83 Adder 1 Pixels 5 50%Eff 4858
CHEKING BIT 7 RATE 0 1111111 127
CHEKING BIT 6 RATE 0 111111 63
CHEKING BIT 5 RATE 2485 11111 31
CHEKING BIT 4 RATE 2485 101111 47
CHEKING BIT 3 RATE 2485 110111 55
CHEKING BIT 2 RATE 281 111011 59
CHEKING BIT 1 RATE 2136 111001 57
CHEKING BIT 0 RATE 1201 111010 58
###########################5796 11111111
>>>>> IP 192.168.1.83 Adder 1 Pixels 6 50%Eff 5796
