CHEKING BIT 7 RATE 0 1111111 127
CHEKING BIT 6 RATE 0 111111 63
CHEKING BIT 5 RATE 0 11111 31
CHEKING BIT 4 RATE 0 1111 15
CHEKING BIT 3 RATE 2485 111 7
CHEKING BIT 2 RATE 1 1011 11
CHEKING BIT 1 RATE 1467 1001 9
CHEKING BIT 0 RATE 233 1010 10
###########################920 111
>>>>> IP 192.168.1.119 Adder 1 Pixels 1 50%Eff 920
CHEKING BIT 7 RATE 0 1111111 127
CHEKING BIT 6 RATE 0 111111 63
CHEKING BIT 5 RATE 0 11111 31
CHEKING BIT 4 RATE 2485 1111 15
CHEKING BIT 3 RATE 0 10111 23
CHEKING BIT 2 RATE 2254 10011 19
CHEKING BIT 1 RATE 209 10101 21
CHEKING BIT 0 RATE 1234 10100 20
###########################1998 1111
>>>>> IP 192.168.1.119 Adder 1 Pixels 2 50%Eff 1998
CHEKING BIT 7 RATE 0 1111111 127
CHEKING BIT 6 RATE 0 111111 63
CHEKING BIT 5 RATE 747 11111 31
CHEKING BIT 4 RATE 2484 1111 15
CHEKING BIT 3 RATE 2485 10111 23
CHEKING BIT 2 RATE 2484 11011 27
CHEKING BIT 1 RATE 2430 11101 29
CHEKING BIT 0 RATE 1922 11110 30
###########################3061 11111
>>>>> IP 192.168.1.119 Adder 1 Pixels 3 50%Eff 3061
CHEKING BIT 7 RATE 0 1111111 127
CHEKING BIT 6 RATE 0 111111 63
CHEKING BIT 5 RATE 2485 11111 31
CHEKING BIT 4 RATE 0 101111 47
CHEKING BIT 3 RATE 2475 100111 39
CHEKING BIT 2 RATE 46 101011 43
CHEKING BIT 1 RATE 1565 101001 41
CHEKING BIT 0 RATE 488 101010 42
###########################4129 111111
>>>>> IP 192.168.1.119 Adder 1 Pixels 4 50%Eff 4129
CHEKING BIT 7 RATE 0 1111111 127
CHEKING BIT 6 RATE 0 111111 63
CHEKING BIT 5 RATE 2485 11111 31
CHEKING BIT 4 RATE 2484 101111 47
CHEKING BIT 3 RATE 0 110111 55
CHEKING BIT 2 RATE 1727 110011 51
CHEKING BIT 1 RATE 133 110101 53
CHEKING BIT 0 RATE 739 110100 52
###########################5149 1111111
>>>>> IP 192.168.1.119 Adder 1 Pixels 5 50%Eff 5149
CHEKING BIT 7 RATE 0 1111111 127
CHEKING BIT 6 RATE 266 111111 63
CHEKING BIT 5 RATE 2485 11111 31
CHEKING BIT 4 RATE 2484 101111 47
CHEKING BIT 3 RATE 2485 110111 55
CHEKING BIT 2 RATE 2476 111011 59
CHEKING BIT 1 RATE 1956 111101 61
CHEKING BIT 0 RATE 983 111110 62
###########################6174 11111111
>>>>> IP 192.168.1.119 Adder 1 Pixels 6 50%Eff 6174
