CHEKING BIT 7 RATE 0 1111111 127
CHEKING BIT 6 RATE 0 111111 63
CHEKING BIT 5 RATE 0 11111 31
CHEKING BIT 4 RATE 0 1111 15
CHEKING BIT 3 RATE 3613 111 7
CHEKING BIT 2 RATE 2485 1011 11
CHEKING BIT 1 RATE 1622 1101 13
CHEKING BIT 0 RATE 136 1110 14
###########################1326 111
>>>>> IP 192.168.1.24 Adder 1 Pixels 1 50%Eff 1326
CHEKING BIT 7 RATE 0 1111111 127
CHEKING BIT 6 RATE 0 111111 63
CHEKING BIT 5 RATE 0 11111 31
CHEKING BIT 4 RATE 2485 1111 15
CHEKING BIT 3 RATE 180 10111 23
CHEKING BIT 2 RATE 2485 10011 19
CHEKING BIT 1 RATE 2442 10101 21
CHEKING BIT 0 RATE 1628 10110 22
###########################2226 1111
>>>>> IP 192.168.1.24 Adder 1 Pixels 2 50%Eff 2226
CHEKING BIT 7 RATE 0 1111111 127
CHEKING BIT 6 RATE 0 111111 63
CHEKING BIT 5 RATE 936 11111 31
CHEKING BIT 4 RATE 2485 1111 15
CHEKING BIT 3 RATE 2485 10111 23
CHEKING BIT 2 RATE 2484 11011 27
CHEKING BIT 1 RATE 2484 11101 29
CHEKING BIT 0 RATE 2258 11110 30
###########################3081 11111
>>>>> IP 192.168.1.24 Adder 1 Pixels 3 50%Eff 3081
CHEKING BIT 7 RATE 0 1111111 127
CHEKING BIT 6 RATE 0 111111 63
CHEKING BIT 5 RATE 0 11111 31
CHEKING BIT 4 RATE 2485 1111 15
CHEKING BIT 3 RATE 2485 10111 23
CHEKING BIT 2 RATE 2484 11011 27
CHEKING BIT 1 RATE 2485 11101 29
CHEKING BIT 0 RATE 2485 11110 30
###########################-120400 111111
>>>>> IP 192.168.1.24 Adder 1 Pixels 4 50%Eff -120400
CHEKING BIT 7 RATE 0 1111111 127
CHEKING BIT 6 RATE 0 111111 63
CHEKING BIT 5 RATE 2485 11111 31
CHEKING BIT 4 RATE 2413 101111 47
CHEKING BIT 3 RATE 0 110111 55
CHEKING BIT 2 RATE 0 110011 51
CHEKING BIT 1 RATE 769 110001 49
CHEKING BIT 0 RATE 1944 110000 48
###########################4856 1111111
>>>>> IP 192.168.1.24 Adder 1 Pixels 5 50%Eff 4856
CHEKING BIT 7 RATE 0 1111111 127
CHEKING BIT 6 RATE 0 111111 63
CHEKING BIT 5 RATE 2485 11111 31
CHEKING BIT 4 RATE 2484 101111 47
CHEKING BIT 3 RATE 2477 110111 55
CHEKING BIT 2 RATE 81 111011 59
CHEKING BIT 1 RATE 1857 111001 57
CHEKING BIT 0 RATE 699 111010 58
###########################5759 11111111
>>>>> IP 192.168.1.24 Adder 1 Pixels 6 50%Eff 5759
