CHEKING BIT 7 RATE 0 1111111 127
CHEKING BIT 6 RATE 0 111111 63
CHEKING BIT 5 RATE 0 11111 31
CHEKING BIT 4 RATE 0 1111 15
CHEKING BIT 3 RATE 2485 111 7
CHEKING BIT 2 RATE 2178 1011 11
CHEKING BIT 1 RATE 40 1101 13
CHEKING BIT 0 RATE 807 1100 12
###########################1167 111
>>>>> IP 192.168.1.77 Adder 1 Pixels 1 50%Eff 1167
CHEKING BIT 7 RATE 0 1111111 127
CHEKING BIT 6 RATE 0 111111 63
CHEKING BIT 5 RATE 0 11111 31
CHEKING BIT 4 RATE 2485 1111 15
CHEKING BIT 3 RATE 259 10111 23
CHEKING BIT 2 RATE 2485 10011 19
CHEKING BIT 1 RATE 2407 10101 21
CHEKING BIT 0 RATE 1546 10110 22
###########################2225 1111
>>>>> IP 192.168.1.77 Adder 1 Pixels 2 50%Eff 2225
CHEKING BIT 7 RATE 0 1111111 127
CHEKING BIT 6 RATE 0 111111 63
CHEKING BIT 5 RATE 2278 11111 31
CHEKING BIT 4 RATE 0 101111 47
CHEKING BIT 3 RATE 0 100111 39
CHEKING BIT 2 RATE 0 100011 35
CHEKING BIT 1 RATE 213 100001 33
CHEKING BIT 0 RATE 1201 100000 32
###########################3199 11111
>>>>> IP 192.168.1.77 Adder 1 Pixels 3 50%Eff 3199
CHEKING BIT 7 RATE 0 1111111 127
CHEKING BIT 6 RATE 0 111111 63
CHEKING BIT 5 RATE 2485 11111 31
CHEKING BIT 4 RATE 0 101111 47
CHEKING BIT 3 RATE 2485 100111 39
CHEKING BIT 2 RATE 263 101011 43
CHEKING BIT 1 RATE 2250 101001 41
CHEKING BIT 0 RATE 1261 101010 42
###########################4199 111111
>>>>> IP 192.168.1.77 Adder 1 Pixels 4 50%Eff 4199
CHEKING BIT 7 RATE 0 1111111 127
CHEKING BIT 6 RATE 0 111111 63
CHEKING BIT 5 RATE 2485 11111 31
CHEKING BIT 4 RATE 2485 101111 47
CHEKING BIT 3 RATE 0 110111 55
CHEKING BIT 2 RATE 2194 110011 51
CHEKING BIT 1 RATE 309 110101 53
CHEKING BIT 0 RATE 1321 110100 52
###########################5204 1111111
>>>>> IP 192.168.1.77 Adder 1 Pixels 5 50%Eff 5204
CHEKING BIT 7 RATE 0 1111111 127
CHEKING BIT 6 RATE 173 111111 63
CHEKING BIT 5 RATE 2485 11111 31
CHEKING BIT 4 RATE 2484 101111 47
CHEKING BIT 3 RATE 2485 110111 55
CHEKING BIT 2 RATE 2483 111011 59
CHEKING BIT 1 RATE 1915 111101 61
CHEKING BIT 0 RATE 892 111110 62
###########################6168 11111111
>>>>> IP 192.168.1.77 Adder 1 Pixels 6 50%Eff 6168
