CHEKING BIT 7 RATE 0 1111111 127
CHEKING BIT 6 RATE 0 111111 63
CHEKING BIT 5 RATE 0 11111 31
CHEKING BIT 4 RATE 0 1111 15
CHEKING BIT 3 RATE 2101 111 7
CHEKING BIT 2 RATE 0 1011 11
CHEKING BIT 1 RATE 53 1001 9
CHEKING BIT 0 RATE 805 1000 8
###########################765 111
>>>>> IP 192.168.1.78 Adder 1 Pixels 1 50%Eff 765
CHEKING BIT 7 RATE 0 1111111 127
CHEKING BIT 6 RATE 0 111111 63
CHEKING BIT 5 RATE 0 11111 31
CHEKING BIT 4 RATE 2484 1111 15
CHEKING BIT 3 RATE 0 10111 23
CHEKING BIT 2 RATE 732 10011 19
CHEKING BIT 1 RATE 2455 10001 17
CHEKING BIT 0 RATE 2027 10010 18
###########################1860 1111
>>>>> IP 192.168.1.78 Adder 1 Pixels 2 50%Eff 1860
CHEKING BIT 7 RATE 0 1111111 127
CHEKING BIT 6 RATE 0 111111 63
CHEKING BIT 5 RATE 32 11111 31
CHEKING BIT 4 RATE 2485 1111 15
CHEKING BIT 3 RATE 2485 10111 23
CHEKING BIT 2 RATE 2483 11011 27
CHEKING BIT 1 RATE 1641 11101 29
CHEKING BIT 0 RATE 458 11110 30
###########################2933 11111
>>>>> IP 192.168.1.78 Adder 1 Pixels 3 50%Eff 2933
CHEKING BIT 7 RATE 0 1111111 127
CHEKING BIT 6 RATE 0 111111 63
CHEKING BIT 5 RATE 2485 11111 31
CHEKING BIT 4 RATE 0 101111 47
CHEKING BIT 3 RATE 2011 100111 39
CHEKING BIT 2 RATE 1 101011 43
CHEKING BIT 1 RATE 184 101001 41
CHEKING BIT 0 RATE 1011 101000 40
###########################3976 111111
>>>>> IP 192.168.1.78 Adder 1 Pixels 4 50%Eff 3976
CHEKING BIT 7 RATE 0 1111111 127
CHEKING BIT 6 RATE 0 111111 63
CHEKING BIT 5 RATE 2485 11111 31
CHEKING BIT 4 RATE 2485 101111 47
CHEKING BIT 3 RATE 0 110111 55
CHEKING BIT 2 RATE 837 110011 51
CHEKING BIT 1 RATE 2384 110001 49
CHEKING BIT 0 RATE 1838 110010 50
###########################5056 1111111
>>>>> IP 192.168.1.78 Adder 1 Pixels 5 50%Eff 5056
CHEKING BIT 7 RATE 0 1111111 127
CHEKING BIT 6 RATE 96 111111 63
CHEKING BIT 5 RATE 2485 11111 31
CHEKING BIT 4 RATE 2485 101111 47
CHEKING BIT 3 RATE 2485 110111 55
CHEKING BIT 2 RATE 2460 111011 59
CHEKING BIT 1 RATE 1571 111101 61
CHEKING BIT 0 RATE 560 111110 62
###########################6133 11111111
>>>>> IP 192.168.1.78 Adder 1 Pixels 6 50%Eff 6133
