CHEKING BIT 7 RATE 0 1111111 127
CHEKING BIT 6 RATE 0 111111 63
CHEKING BIT 5 RATE 0 11111 31
CHEKING BIT 4 RATE 0 1111 15
CHEKING BIT 3 RATE 2485 111 7
CHEKING BIT 2 RATE 197 1011 11
CHEKING BIT 1 RATE 2429 1001 9
CHEKING BIT 0 RATE 1429 1010 10
###########################1017 111
>>>>> IP 192.168.1.75 Adder 1 Pixels 1 50%Eff 1017
CHEKING BIT 7 RATE 0 1111111 127
CHEKING BIT 6 RATE 0 111111 63
CHEKING BIT 5 RATE 0 11111 31
CHEKING BIT 4 RATE 2484 1111 15
CHEKING BIT 3 RATE 1 10111 23
CHEKING BIT 2 RATE 2477 10011 19
CHEKING BIT 1 RATE 1053 10101 21
CHEKING BIT 0 RATE 2244 10100 20
###########################2082 1111
>>>>> IP 192.168.1.75 Adder 1 Pixels 2 50%Eff 2082
CHEKING BIT 7 RATE 0 1111111 127
CHEKING BIT 6 RATE 0 111111 63
CHEKING BIT 5 RATE 1371 11111 31
CHEKING BIT 4 RATE 0 101111 47
CHEKING BIT 3 RATE 0 100111 39
CHEKING BIT 2 RATE 0 100011 35
CHEKING BIT 1 RATE 22 100001 33
CHEKING BIT 0 RATE 326 100000 32
###########################3116 11111
>>>>> IP 192.168.1.75 Adder 1 Pixels 3 50%Eff 3116
CHEKING BIT 7 RATE 0 1111111 127
CHEKING BIT 6 RATE 0 111111 63
CHEKING BIT 5 RATE 2485 11111 31
CHEKING BIT 4 RATE 0 101111 47
CHEKING BIT 3 RATE 2474 100111 39
CHEKING BIT 2 RATE 11 101011 43
CHEKING BIT 1 RATE 1277 101001 41
CHEKING BIT 0 RATE 272 101010 42
###########################4103 111111
>>>>> IP 192.168.1.75 Adder 1 Pixels 4 50%Eff 4103
CHEKING BIT 7 RATE 0 1111111 127
CHEKING BIT 6 RATE 0 111111 63
CHEKING BIT 5 RATE 2485 11111 31
CHEKING BIT 4 RATE 2485 101111 47
CHEKING BIT 3 RATE 0 110111 55
CHEKING BIT 2 RATE 1350 110011 51
CHEKING BIT 1 RATE 34 110101 53
CHEKING BIT 0 RATE 381 110100 52
###########################5115 1111111
>>>>> IP 192.168.1.75 Adder 1 Pixels 5 50%Eff 5115
CHEKING BIT 7 RATE 0 1111111 127
CHEKING BIT 6 RATE 19 111111 63
CHEKING BIT 5 RATE 2485 11111 31
CHEKING BIT 4 RATE 2485 101111 47
CHEKING BIT 3 RATE 2485 110111 55
CHEKING BIT 2 RATE 2414 111011 59
CHEKING BIT 1 RATE 1080 111101 61
CHEKING BIT 0 RATE 2010 111100 60
###########################6081 11111111
>>>>> IP 192.168.1.75 Adder 1 Pixels 6 50%Eff 6081
