CHEKING BIT 7 RATE 0 1111111 127
CHEKING BIT 6 RATE 0 111111 63
CHEKING BIT 5 RATE 0 11111 31
CHEKING BIT 4 RATE 0 1111 15
CHEKING BIT 3 RATE 2464 111 7
CHEKING BIT 2 RATE 6 1011 11
CHEKING BIT 1 RATE 1015 1001 9
CHEKING BIT 0 RATE 2156 1000 8
###########################879 111
>>>>> IP 192.168.1.73 Adder 1 Pixels 1 50%Eff 879
CHEKING BIT 7 RATE 0 1111111 127
CHEKING BIT 6 RATE 0 111111 63
CHEKING BIT 5 RATE 0 11111 31
CHEKING BIT 4 RATE 2485 1111 15
CHEKING BIT 3 RATE 155 10111 23
CHEKING BIT 2 RATE 2485 10011 19
CHEKING BIT 1 RATE 1989 10101 21
CHEKING BIT 0 RATE 892 10110 22
###########################2168 1111
>>>>> IP 192.168.1.73 Adder 1 Pixels 2 50%Eff 2168
CHEKING BIT 7 RATE 0 1111111 127
CHEKING BIT 6 RATE 0 111111 63
CHEKING BIT 5 RATE 2485 11111 31
CHEKING BIT 4 RATE 0 101111 47
CHEKING BIT 3 RATE 0 100111 39
CHEKING BIT 2 RATE 638 100011 35
CHEKING BIT 1 RATE 2310 100001 33
CHEKING BIT 0 RATE 1605 100010 34
###########################3438 11111
>>>>> IP 192.168.1.73 Adder 1 Pixels 3 50%Eff 3438
CHEKING BIT 7 RATE 0 1111111 127
CHEKING BIT 6 RATE 0 111111 63
CHEKING BIT 5 RATE 2485 11111 31
CHEKING BIT 4 RATE 1051 101111 47
CHEKING BIT 3 RATE 2484 100111 39
CHEKING BIT 2 RATE 2485 101011 43
CHEKING BIT 1 RATE 2422 101101 45
CHEKING BIT 0 RATE 2000 101110 46
###########################4683 111111
>>>>> IP 192.168.1.73 Adder 1 Pixels 4 50%Eff 4683
CHEKING BIT 7 RATE 0 1111111 127
CHEKING BIT 6 RATE 0 111111 63
CHEKING BIT 5 RATE 2484 11111 31
CHEKING BIT 4 RATE 2485 101111 47
CHEKING BIT 3 RATE 2484 110111 55
CHEKING BIT 2 RATE 885 111011 59
CHEKING BIT 1 RATE 2336 111001 57
CHEKING BIT 0 RATE 1884 111010 58
###########################5863 1111111
>>>>> IP 192.168.1.73 Adder 1 Pixels 5 50%Eff 5863
CHEKING BIT 7 RATE 0 1111111 127
CHEKING BIT 6 RATE 2485 111111 63
CHEKING BIT 5 RATE 0 1011111 95
CHEKING BIT 4 RATE 0 1001111 79
CHEKING BIT 3 RATE 653 1000111 71
CHEKING BIT 2 RATE 2484 1000011 67
CHEKING BIT 1 RATE 2241 1000101 69
CHEKING BIT 0 RATE 1548 1000110 70
###########################7030 11111111
>>>>> IP 192.168.1.73 Adder 1 Pixels 6 50%Eff 7030
