CHEKING BIT 7 RATE 0 1111111 127
CHEKING BIT 6 RATE 0 111111 63
CHEKING BIT 5 RATE 0 11111 31
CHEKING BIT 4 RATE 0 1111 15
CHEKING BIT 3 RATE 2484 111 7
CHEKING BIT 2 RATE 0 1011 11
CHEKING BIT 1 RATE 1295 1001 9
CHEKING BIT 0 RATE 76 1010 10
###########################903 111
>>>>> IP 192.168.1.47 Adder 1 Pixels 1 50%Eff 903
CHEKING BIT 7 RATE 0 1111111 127
CHEKING BIT 6 RATE 0 111111 63
CHEKING BIT 5 RATE 0 11111 31
CHEKING BIT 4 RATE 2485 1111 15
CHEKING BIT 3 RATE 0 10111 23
CHEKING BIT 2 RATE 659 10011 19
CHEKING BIT 1 RATE 2468 10001 17
CHEKING BIT 0 RATE 2054 10010 18
###########################1859 1111
>>>>> IP 192.168.1.47 Adder 1 Pixels 2 50%Eff 1859
CHEKING BIT 7 RATE 0 1111111 127
CHEKING BIT 6 RATE 0 111111 63
CHEKING BIT 5 RATE 2 11111 31
CHEKING BIT 4 RATE 2485 1111 15
CHEKING BIT 3 RATE 2485 10111 23
CHEKING BIT 2 RATE 2457 11011 27
CHEKING BIT 1 RATE 892 11101 29
CHEKING BIT 0 RATE 2066 11100 28
###########################2873 11111
>>>>> IP 192.168.1.47 Adder 1 Pixels 3 50%Eff 2873
CHEKING BIT 7 RATE 0 1111111 127
CHEKING BIT 6 RATE 0 111111 63
CHEKING BIT 5 RATE 2485 11111 31
CHEKING BIT 4 RATE 0 101111 47
CHEKING BIT 3 RATE 1411 100111 39
CHEKING BIT 2 RATE 0 101011 43
CHEKING BIT 1 RATE 39 101001 41
CHEKING BIT 0 RATE 417 101000 40
###########################3920 111111
>>>>> IP 192.168.1.47 Adder 1 Pixels 4 50%Eff 3920
CHEKING BIT 7 RATE 0 1111111 127
CHEKING BIT 6 RATE 0 111111 63
CHEKING BIT 5 RATE 2485 11111 31
CHEKING BIT 4 RATE 2483 101111 47
CHEKING BIT 3 RATE 0 110111 55
CHEKING BIT 2 RATE 369 110011 51
CHEKING BIT 1 RATE 2188 110001 49
CHEKING BIT 0 RATE 1279 110010 50
###########################5003 1111111
>>>>> IP 192.168.1.47 Adder 1 Pixels 5 50%Eff 5003
CHEKING BIT 7 RATE 0 1111111 127
CHEKING BIT 6 RATE 37 111111 63
CHEKING BIT 5 RATE 2485 11111 31
CHEKING BIT 4 RATE 2484 101111 47
CHEKING BIT 3 RATE 2485 110111 55
CHEKING BIT 2 RATE 2429 111011 59
CHEKING BIT 1 RATE 1069 111101 61
CHEKING BIT 0 RATE 2037 111100 60
###########################6096 11111111
>>>>> IP 192.168.1.47 Adder 1 Pixels 6 50%Eff 6096
