CHEKING BIT 7 RATE 0 1111111 127
CHEKING BIT 6 RATE 0 111111 63
CHEKING BIT 5 RATE 0 11111 31
CHEKING BIT 4 RATE 0 1111 15
CHEKING BIT 3 RATE 2439 111 7
CHEKING BIT 2 RATE 0 1011 11
CHEKING BIT 1 RATE 447 1001 9
CHEKING BIT 0 RATE 1832 1000 8
###########################841 111
>>>>> IP 192.168.1.74 Adder 1 Pixels 1 50%Eff 841
CHEKING BIT 7 RATE 0 1111111 127
CHEKING BIT 6 RATE 0 111111 63
CHEKING BIT 5 RATE 0 11111 31
CHEKING BIT 4 RATE 2484 1111 15
CHEKING BIT 3 RATE 0 10111 23
CHEKING BIT 2 RATE 2270 10011 19
CHEKING BIT 1 RATE 258 10101 21
CHEKING BIT 0 RATE 1305 10100 20
###########################2002 1111
>>>>> IP 192.168.1.74 Adder 1 Pixels 2 50%Eff 2002
CHEKING BIT 7 RATE 0 1111111 127
CHEKING BIT 6 RATE 0 111111 63
CHEKING BIT 5 RATE  11111 31
CHEKING BIT 4 RATE 2484 1111 15
CHEKING BIT 3 RATE 2485 10111 23
CHEKING BIT 2 RATE 2485 11011 27
CHEKING BIT 1 RATE 2481 11101 29
CHEKING BIT 0 RATE 2386 11110 30
###########################3172 11111
>>>>> IP 192.168.1.74 Adder 1 Pixels 3 50%Eff 3172
CHEKING BIT 7 RATE 0 1111111 127
CHEKING BIT 6 RATE 0 111111 63
CHEKING BIT 5 RATE 2485 11111 31
CHEKING BIT 4 RATE 0 101111 47
CHEKING BIT 3 RATE 2485 100111 39
CHEKING BIT 2 RATE 1223 101011 43
CHEKING BIT 1 RATE 2449 101001 41
CHEKING BIT 0 RATE 2164 101010 42
###########################4297 111111
>>>>> IP 192.168.1.74 Adder 1 Pixels 4 50%Eff 4297
CHEKING BIT 7 RATE 0 1111111 127
CHEKING BIT 6 RATE 0 111111 63
CHEKING BIT 5 RATE 2485 11111 31
CHEKING BIT 4 RATE 2485 101111 47
CHEKING BIT 3 RATE 463 110111 55
CHEKING BIT 2 RATE 2484 110011 51
CHEKING BIT 1 RATE 2187 110101 53
CHEKING BIT 0 RATE 1440 110110 54
###########################5418 1111111
>>>>> IP 192.168.1.74 Adder 1 Pixels 5 50%Eff 5418
CHEKING BIT 7 RATE 0 1111111 127
CHEKING BIT 6 RATE 2422 111111 63
CHEKING BIT 5 RATE 0 1011111 95
CHEKING BIT 4 RATE 0 1001111 79
CHEKING BIT 3 RATE 0 1000111 71
CHEKING BIT 2 RATE 45 1000011 67
CHEKING BIT 1 RATE 1177 1000001 65
CHEKING BIT 0 RATE 2091 1000000 64
###########################6493 11111111
>>>>> IP 192.168.1.74 Adder 1 Pixels 6 50%Eff 6493
