CHEKING BIT 7 RATE 0 1111111 127
CHEKING BIT 6 RATE 0 111111 63
CHEKING BIT 5 RATE 0 11111 31
CHEKING BIT 4 RATE 13 1111 15
CHEKING BIT 3 RATE 2485 111 7
CHEKING BIT 2 RATE 2478 1011 11
CHEKING BIT 1 RATE 1417 1101 13
CHEKING BIT 0 RATE 327 1110 14
###########################1315 111
>>>>> IP 192.168.1.135 Adder 1 Pixels 1 50%Eff 1315
CHEKING BIT 7 RATE 0 1111111 127
CHEKING BIT 6 RATE 0 111111 63
CHEKING BIT 5 RATE 0 11111 31
CHEKING BIT 4 RATE 2485 1111 15
CHEKING BIT 3 RATE 2485 10111 23
CHEKING BIT 2 RATE 350 11011 27
CHEKING BIT 1 RATE 2273 11001 25
CHEKING BIT 0 RATE 1407 11010 26
###########################2616 1111
>>>>> IP 192.168.1.135 Adder 1 Pixels 2 50%Eff 2616
CHEKING BIT 7 RATE 0 1111111 127
CHEKING BIT 6 RATE 0 111111 63
CHEKING BIT 5 RATE 2485 11111 31
CHEKING BIT 4 RATE 0 101111 47
CHEKING BIT 3 RATE 1239 100111 39
CHEKING BIT 2 RATE 2484 100011 35
CHEKING BIT 1 RATE 2462 100101 37
CHEKING BIT 0 RATE 2143 100110 38
###########################3902 11111
>>>>> IP 192.168.1.135 Adder 1 Pixels 3 50%Eff 3902
CHEKING BIT 7 RATE 0 1111111 127
CHEKING BIT 6 RATE 0 111111 63
CHEKING BIT 5 RATE 2485 11111 31
CHEKING BIT 4 RATE 2485 101111 47
CHEKING BIT 3 RATE 0 110111 55
CHEKING BIT 2 RATE 1522 110011 51
CHEKING BIT 1 RATE 118 110101 53
CHEKING BIT 0 RATE 617 110100 52
###########################5130 111111
>>>>> IP 192.168.1.135 Adder 1 Pixels 4 50%Eff 5130
CHEKING BIT 7 RATE 0 1111111 127
CHEKING BIT 6 RATE  111111 63
CHEKING BIT 5 RATE 2485 11111 31
CHEKING BIT 4 RATE 2484 101111 47
CHEKING BIT 3 RATE 2485 110111 55
CHEKING BIT 2 RATE 2484 111011 59
CHEKING BIT 1 RATE 2465 111101 61
CHEKING BIT 0 RATE 2319 111110 62
###########################6369 1111111
>>>>> IP 192.168.1.135 Adder 1 Pixels 5 50%Eff 6369
CHEKING BIT 7 RATE 0 1111111 127
CHEKING BIT 6 RATE 2484 111111 63
CHEKING BIT 5 RATE 0 1011111 95
CHEKING BIT 4 RATE 3 1001111 79
CHEKING BIT 3 RATE 2485 1000111 71
CHEKING BIT 2 RATE 1764 1001011 75
CHEKING BIT 1 RATE 201 1001101 77
CHEKING BIT 0 RATE 859 1001100 76
###########################7558 11111111
>>>>> IP 192.168.1.135 Adder 1 Pixels 6 50%Eff 7558
