CHEKING BIT 7 RATE 0 1111111 127
CHEKING BIT 6 RATE 0 111111 63
CHEKING BIT 5 RATE 0 11111 31
CHEKING BIT 4 RATE 0 1111 15
CHEKING BIT 3 RATE 2456 111 7
CHEKING BIT 2 RATE 0 1011 11
CHEKING BIT 1 RATE 255 1001 9
CHEKING BIT 0 RATE 1720 1000 8
###########################831 111
>>>>> IP 192.168.1.142 Adder 1 Pixels 1 50%Eff 831
CHEKING BIT 7 RATE 0 1111111 127
CHEKING BIT 6 RATE 0 111111 63
CHEKING BIT 5 RATE 0 11111 31
CHEKING BIT 4 RATE 2485 1111 15
CHEKING BIT 3 RATE 0 10111 23
CHEKING BIT 2 RATE 720 10011 19
CHEKING BIT 1 RATE 2463 10001 17
CHEKING BIT 0 RATE 2097 10010 18
###########################1861 1111
>>>>> IP 192.168.1.142 Adder 1 Pixels 2 50%Eff 1861
CHEKING BIT 7 RATE 0 1111111 127
CHEKING BIT 6 RATE 0 111111 63
CHEKING BIT 5 RATE 1 11111 31
CHEKING BIT 4 RATE 2485 1111 15
CHEKING BIT 3 RATE 2484 10111 23
CHEKING BIT 2 RATE 2464 11011 27
CHEKING BIT 1 RATE 914 11101 29
CHEKING BIT 0 RATE 2131 11100 28
###########################2871 11111
>>>>> IP 192.168.1.142 Adder 1 Pixels 3 50%Eff 2871
CHEKING BIT 7 RATE 0 1111111 127
CHEKING BIT 6 RATE 0 111111 63
CHEKING BIT 5 RATE 2484 11111 31
CHEKING BIT 4 RATE 0 101111 47
CHEKING BIT 3 RATE 677 100111 39
CHEKING BIT 2 RATE 2485 100011 35
CHEKING BIT 1 RATE 2423 100101 37
CHEKING BIT 0 RATE 1872 100110 38
###########################3850 111111
>>>>> IP 192.168.1.142 Adder 1 Pixels 4 50%Eff 3850
CHEKING BIT 7 RATE 0 1111111 127
CHEKING BIT 6 RATE 0 111111 63
CHEKING BIT 5 RATE 2485 11111 31
CHEKING BIT 4 RATE 2426 101111 47
CHEKING BIT 3 RATE 0 110111 55
CHEKING BIT 2 RATE 1 110011 51
CHEKING BIT 1 RATE 722 110001 49
CHEKING BIT 0 RATE 1867 110000 48
###########################4851 1111111
>>>>> IP 192.168.1.142 Adder 1 Pixels 5 50%Eff 4851
CHEKING BIT 7 RATE 0 1111111 127
CHEKING BIT 6 RATE 0 111111 63
CHEKING BIT 5 RATE 2485 11111 31
CHEKING BIT 4 RATE 2485 101111 47
CHEKING BIT 3 RATE 2485 110111 55
CHEKING BIT 2 RATE 509 111011 59
CHEKING BIT 1 RATE 2342 111001 57
CHEKING BIT 0 RATE 1551 111010 58
###########################5831 11111111
>>>>> IP 192.168.1.142 Adder 1 Pixels 6 50%Eff 5831
