CHEKING BIT 7 RATE 0 1111111 127
CHEKING BIT 6 RATE 0 111111 63
CHEKING BIT 5 RATE 0 11111 31
CHEKING BIT 4 RATE 0 1111 15
CHEKING BIT 3 RATE 378 111 7
CHEKING BIT 2 RATE 2484 11 3
CHEKING BIT 1 RATE 2477 101 5
CHEKING BIT 0 RATE 1998 110 6
###########################649 111
>>>>> IP 192.168.1.149 Adder 1 Pixels 1 50%Eff 649
CHEKING BIT 7 RATE 0 1111111 127
CHEKING BIT 6 RATE 0 111111 63
CHEKING BIT 5 RATE 0 11111 31
CHEKING BIT 4 RATE 2414 1111 15
CHEKING BIT 3 RATE 0 10111 23
CHEKING BIT 2 RATE 0 10011 19
CHEKING BIT 1 RATE 317 10001 17
CHEKING BIT 0 RATE 1624 10000 16
###########################1633 1111
>>>>> IP 192.168.1.149 Adder 1 Pixels 2 50%Eff 1633
CHEKING BIT 7 RATE 0 1111111 127
CHEKING BIT 6 RATE 0 111111 63
CHEKING BIT 5 RATE 0 11111 31
CHEKING BIT 4 RATE 2485 1111 15
CHEKING BIT 3 RATE 2485 10111 23
CHEKING BIT 2 RATE 445 11011 27
CHEKING BIT 1 RATE 2403 11001 25
CHEKING BIT 0 RATE 1689 11010 26
###########################2633 11111
>>>>> IP 192.168.1.149 Adder 1 Pixels 3 50%Eff 2633
CHEKING BIT 7 RATE 0 1111111 127
CHEKING BIT 6 RATE 0 111111 63
CHEKING BIT 5 RATE 2485 11111 31
CHEKING BIT 4 RATE 0 101111 47
CHEKING BIT 3 RATE 2 100111 39
CHEKING BIT 2 RATE 2383 100011 35
CHEKING BIT 1 RATE 556 100101 37
CHEKING BIT 0 RATE 1660 100100 36
###########################3638 111111
>>>>> IP 192.168.1.149 Adder 1 Pixels 4 50%Eff 3638
CHEKING BIT 7 RATE 0 1111111 127
CHEKING BIT 6 RATE 0 111111 63
CHEKING BIT 5 RATE 2484 11111 31
CHEKING BIT 4 RATE 837 101111 47
CHEKING BIT 3 RATE 2484 100111 39
CHEKING BIT 2 RATE 2485 101011 43
CHEKING BIT 1 RATE 2426 101101 45
CHEKING BIT 0 RATE 1899 101110 46
###########################4655 1111111
>>>>> IP 192.168.1.149 Adder 1 Pixels 5 50%Eff 4655
CHEKING BIT 7 RATE 0 1111111 127
CHEKING BIT 6 RATE 0 111111 63
CHEKING BIT 5 RATE 2484 11111 31
CHEKING BIT 4 RATE 2485 101111 47
CHEKING BIT 3 RATE 2438 110111 55
CHEKING BIT 2 RATE 46 111011 59
CHEKING BIT 1 RATE 1252 111001 57
CHEKING BIT 0 RATE 333 111010 58
###########################5698 11111111
>>>>> IP 192.168.1.149 Adder 1 Pixels 6 50%Eff 5698
