CHEKING BIT 7 RATE 0 1111111 127
CHEKING BIT 6 RATE 0 111111 63
CHEKING BIT 5 RATE 0 11111 31
CHEKING BIT 4 RATE 2 1111 15
CHEKING BIT 3 RATE 2485 111 7
CHEKING BIT 2 RATE 2485 1011 11
CHEKING BIT 1 RATE 1366 1101 13
CHEKING BIT 0 RATE 166 1110 14
###########################1311 111
>>>>> IP 192.168.1.108 Adder 1 Pixels 1 50%Eff 1311
CHEKING BIT 7 RATE 0 1111111 127
CHEKING BIT 6 RATE 0 111111 63
CHEKING BIT 5 RATE 0 11111 31
CHEKING BIT 4 RATE 2484 1111 15
CHEKING BIT 3 RATE 2424 10111 23
CHEKING BIT 2 RATE 0 11011 27
CHEKING BIT 1 RATE 445 11001 25
CHEKING BIT 0 RATE 1792 11000 24
###########################2442 1111
>>>>> IP 192.168.1.108 Adder 1 Pixels 2 50%Eff 2442
CHEKING BIT 7 RATE 0 1111111 127
CHEKING BIT 6 RATE 0 111111 63
CHEKING BIT 5 RATE 2485 11111 31
CHEKING BIT 4 RATE 0 101111 47
CHEKING BIT 3 RATE 0 100111 39
CHEKING BIT 2 RATE 1469 100011 35
CHEKING BIT 1 RATE 18 100101 37
CHEKING BIT 0 RATE 378 100100 36
###########################3519 11111
>>>>> IP 192.168.1.108 Adder 1 Pixels 3 50%Eff 3519
CHEKING BIT 7 RATE 0 1111111 127
CHEKING BIT 6 RATE 0 111111 63
CHEKING BIT 5 RATE 2485 11111 31
CHEKING BIT 4 RATE 214 101111 47
CHEKING BIT 3 RATE 2485 100111 39
CHEKING BIT 2 RATE 2482 101011 43
CHEKING BIT 1 RATE 2151 101101 45
CHEKING BIT 0 RATE 1043 101110 46
###########################4588 111111
>>>>> IP 192.168.1.108 Adder 1 Pixels 4 50%Eff 4588
CHEKING BIT 7 RATE 0 1111111 127
CHEKING BIT 6 RATE 0 111111 63
CHEKING BIT 5 RATE 2485 11111 31
CHEKING BIT 4 RATE 2485 101111 47
CHEKING BIT 3 RATE 2234 110111 55
CHEKING BIT 2 RATE 0 111011 59
CHEKING BIT 1 RATE 398 111001 57
CHEKING BIT 0 RATE 1382 111000 56
###########################5615 1111111
>>>>> IP 192.168.1.108 Adder 1 Pixels 5 50%Eff 5615
CHEKING BIT 7 RATE 0 1111111 127
CHEKING BIT 6 RATE 2485 111111 63
CHEKING BIT 5 RATE 0 1011111 95
CHEKING BIT 4 RATE 0 1001111 79
CHEKING BIT 3 RATE 0 1000111 71
CHEKING BIT 2 RATE 468 1000011 67
CHEKING BIT 1 RATE 2308 1000001 65
CHEKING BIT 0 RATE 1545 1000010 66
###########################6629 11111111
>>>>> IP 192.168.1.108 Adder 1 Pixels 6 50%Eff 6629
