CHEKING BIT 7 RATE 0 1111111 127
CHEKING BIT 6 RATE 0 111111 63
CHEKING BIT 5 RATE 0 11111 31
CHEKING BIT 4 RATE 0 1111 15
CHEKING BIT 3 RATE 2485 111 7
CHEKING BIT 2 RATE 161 1011 11
CHEKING BIT 1 RATE 2260 1001 9
CHEKING BIT 0 RATE 1172 1010 10
###########################995 111
>>>>> IP 192.168.1.105 Adder 1 Pixels 1 50%Eff 995
CHEKING BIT 7 RATE 0 1111111 127
CHEKING BIT 6 RATE 0 111111 63
CHEKING BIT 5 RATE 0 11111 31
CHEKING BIT 4 RATE 2485 1111 15
CHEKING BIT 3 RATE 60 10111 23
CHEKING BIT 2 RATE 2482 10011 19
CHEKING BIT 1 RATE 1799 10101 21
CHEKING BIT 0 RATE 595 10110 22
###########################2148 1111
>>>>> IP 192.168.1.105 Adder 1 Pixels 2 50%Eff 2148
CHEKING BIT 7 RATE 0 1111111 127
CHEKING BIT 6 RATE 0 111111 63
CHEKING BIT 5 RATE 2475 11111 31
CHEKING BIT 4 RATE 0 101111 47
CHEKING BIT 3 RATE 0 100111 39
CHEKING BIT 2 RATE 59 100011 35
CHEKING BIT 1 RATE 1563 100001 33
CHEKING BIT 0 RATE 507 100010 34
###########################3329 11111
>>>>> IP 192.168.1.105 Adder 1 Pixels 3 50%Eff 3329
CHEKING BIT 7 RATE 0 1111111 127
CHEKING BIT 6 RATE 0 111111 63
CHEKING BIT 5 RATE 2485 11111 31
CHEKING BIT 4 RATE 17 101111 47
CHEKING BIT 3 RATE 2485 100111 39
CHEKING BIT 2 RATE 2390 101011 43
CHEKING BIT 1 RATE 1001 101101 45
CHEKING BIT 0 RATE 1958 101100 44
###########################4472 111111
>>>>> IP 192.168.1.105 Adder 1 Pixels 4 50%Eff 4472
CHEKING BIT 7 RATE 0 1111111 127
CHEKING BIT 6 RATE  111111 63
CHEKING BIT 5 RATE 2485 11111 31
CHEKING BIT 4 RATE 2484 101111 47
CHEKING BIT 3 RATE 1914 110111 55
CHEKING BIT 2 RATE 1 111011 59
CHEKING BIT 1 RATE 237 111001 57
CHEKING BIT 0 RATE 1011 111000 56
###########################5565 1111111
>>>>> IP 192.168.1.105 Adder 1 Pixels 5 50%Eff 5565
CHEKING BIT 7 RATE 0 1111111 127
CHEKING BIT 6 RATE 2483 111111 63
CHEKING BIT 5 RATE 0 1011111 95
CHEKING BIT 4 RATE 0 1001111 79
CHEKING BIT 3 RATE 0 1000111 71
CHEKING BIT 2 RATE 745 1000011 67
CHEKING BIT 1 RATE 2292 1000001 65
CHEKING BIT 0 RATE 1740 1000010 66
###########################6647 11111111
>>>>> IP 192.168.1.105 Adder 1 Pixels 6 50%Eff 6647
