CHEKING BIT 7 RATE 0 1111111 127
CHEKING BIT 6 RATE 0 111111 63
CHEKING BIT 5 RATE 0 11111 31
CHEKING BIT 4 RATE 0 1111 15
CHEKING BIT 3 RATE 0 111 7
CHEKING BIT 2 RATE 81 11 3
CHEKING BIT 1 RATE 2448 1 1
CHEKING BIT 0 RATE 1467 10 2
###########################217 111
>>>>> IP 192.168.1.61 Adder 1 Pixels 1 50%Eff 217
CHEKING BIT 7 RATE 0 1111111 127
CHEKING BIT 6 RATE 0 111111 63
CHEKING BIT 5 RATE 0 11111 31
CHEKING BIT 4 RATE 0 1111 15
CHEKING BIT 3 RATE 2484 111 7
CHEKING BIT 2 RATE 1345 1011 11
CHEKING BIT 1 RATE 2 1101 13
CHEKING BIT 0 RATE 163 1100 12
###########################1116 1111
>>>>> IP 192.168.1.61 Adder 1 Pixels 2 50%Eff 1116
CHEKING BIT 7 RATE 0 1111111 127
CHEKING BIT 6 RATE 0 111111 63
CHEKING BIT 5 RATE 0 11111 31
CHEKING BIT 4 RATE 2485 1111 15
CHEKING BIT 3 RATE 0 10111 23
CHEKING BIT 2 RATE 2363 10011 19
CHEKING BIT 1 RATE 261 10101 21
CHEKING BIT 0 RATE 1489 10100 20
###########################2021 11111
>>>>> IP 192.168.1.61 Adder 1 Pixels 3 50%Eff 2021
CHEKING BIT 7 RATE 0 1111111 127
CHEKING BIT 6 RATE 0 111111 63
CHEKING BIT 5 RATE  11111 31
CHEKING BIT 4 RATE 2485 1111 15
CHEKING BIT 3 RATE 2484 10111 23
CHEKING BIT 2 RATE 2468 11011 27
CHEKING BIT 1 RATE 911 11101 29
CHEKING BIT 0 RATE 2109 11100 28
###########################2869 111111
>>>>> IP 192.168.1.61 Adder 1 Pixels 4 50%Eff 2869
CHEKING BIT 7 RATE 0 1111111 127
CHEKING BIT 6 RATE 0 111111 63
CHEKING BIT 5 RATE 2484 11111 31
CHEKING BIT 4 RATE 0 101111 47
CHEKING BIT 3 RATE 116 100111 39
CHEKING BIT 2 RATE 2485 100011 35
CHEKING BIT 1 RATE 1975 100101 37
CHEKING BIT 0 RATE 736 100110 38
###########################3756 1111111
>>>>> IP 192.168.1.61 Adder 1 Pixels 5 50%Eff 3756
CHEKING BIT 7 RATE 0 1111111 127
CHEKING BIT 6 RATE 0 111111 63
CHEKING BIT 5 RATE 2484 11111 31
CHEKING BIT 4 RATE 830 101111 47
CHEKING BIT 3 RATE 2485 100111 39
CHEKING BIT 2 RATE 2485 101011 43
CHEKING BIT 1 RATE 2417 101101 45
CHEKING BIT 0 RATE 1936 101110 46
###########################4666 11111111
>>>>> IP 192.168.1.61 Adder 1 Pixels 6 50%Eff 4666
