CHEKING BIT 7 RATE 0 1111111 127
CHEKING BIT 6 RATE 0 111111 63
CHEKING BIT 5 RATE 0 11111 31
CHEKING BIT 4 RATE 0 1111 15
CHEKING BIT 3 RATE 2477 111 7
CHEKING BIT 2 RATE 2 1011 11
CHEKING BIT 1 RATE 915 1001 9
CHEKING BIT 0 RATE 2209 1000 8
###########################874 111
>>>>> IP 192.168.1.80 Adder 1 Pixels 1 50%Eff 874
CHEKING BIT 7 RATE 0 1111111 127
CHEKING BIT 6 RATE 0 111111 63
CHEKING BIT 5 RATE 0 11111 31
CHEKING BIT 4 RATE 2485 1111 15
CHEKING BIT 3 RATE 0 10111 23
CHEKING BIT 2 RATE 2353 10011 19
CHEKING BIT 1 RATE 377 10101 21
CHEKING BIT 0 RATE 1553 10100 20
###########################2025 1111
>>>>> IP 192.168.1.80 Adder 1 Pixels 2 50%Eff 2025
CHEKING BIT 7 RATE 0 1111111 127
CHEKING BIT 6 RATE 0 111111 63
CHEKING BIT 5 RATE 2023 11111 31
CHEKING BIT 4 RATE 0 101111 47
CHEKING BIT 3 RATE 0 100111 39
CHEKING BIT 2 RATE 0 100011 35
CHEKING BIT 1 RATE 168 100001 33
CHEKING BIT 0 RATE 910 100000 32
###########################3170 11111
>>>>> IP 192.168.1.80 Adder 1 Pixels 3 50%Eff 3170
CHEKING BIT 7 RATE 0 1111111 127
CHEKING BIT 6 RATE 0 111111 63
CHEKING BIT 5 RATE 2485 11111 31
CHEKING BIT 4 RATE 0 101111 47
CHEKING BIT 3 RATE 2485 100111 39
CHEKING BIT 2 RATE 1334 101011 43
CHEKING BIT 1 RATE 44 101101 45
CHEKING BIT 0 RATE 389 101100 44
###########################4314 111111
>>>>> IP 192.168.1.80 Adder 1 Pixels 4 50%Eff 4314
CHEKING BIT 7 RATE 0 1111111 127
CHEKING BIT 6 RATE 0 111111 63
CHEKING BIT 5 RATE 2485 11111 31
CHEKING BIT 4 RATE 2484 101111 47
CHEKING BIT 3 RATE 352 110111 55
CHEKING BIT 2 RATE 2482 110011 51
CHEKING BIT 1 RATE 2130 110101 53
CHEKING BIT 0 RATE 1255 110110 54
###########################5398 1111111
>>>>> IP 192.168.1.80 Adder 1 Pixels 5 50%Eff 5398
CHEKING BIT 7 RATE 0 1111111 127
CHEKING BIT 6 RATE 2316 111111 63
CHEKING BIT 5 RATE 0 1011111 95
CHEKING BIT 4 RATE 0 1001111 79
CHEKING BIT 3 RATE 0 1000111 71
CHEKING BIT 2 RATE 12 1000011 67
CHEKING BIT 1 RATE 702 1000001 65
CHEKING BIT 0 RATE 1782 1000000 64
###########################6452 11111111
>>>>> IP 192.168.1.80 Adder 1 Pixels 6 50%Eff 6452
