CHEKING BIT 7 RATE 0 1111111 127
CHEKING BIT 6 RATE 0 111111 63
CHEKING BIT 5 RATE 0 11111 31
CHEKING BIT 4 RATE 1447 1111 15
CHEKING BIT 3 RATE 0 10111 23
CHEKING BIT 2 RATE 0 10011 19
CHEKING BIT 1 RATE 2 10001 17
CHEKING BIT 0 RATE 253 10000 16
###########################1521 111
>>>>> IP 192.168.1.20 Adder 1 Pixels 1 50%Eff 1521
CHEKING BIT 7 RATE 0 1111111 127
CHEKING BIT 6 RATE 0 111111 63
CHEKING BIT 5 RATE 0 11111 31
CHEKING BIT 4 RATE 2485 1111 15
CHEKING BIT 3 RATE 2484 10111 23
CHEKING BIT 2 RATE 148 11011 27
CHEKING BIT 1 RATE 2217 11001 25
CHEKING BIT 0 RATE 1097 11010 26
###########################2586 1111
>>>>> IP 192.168.1.20 Adder 1 Pixels 2 50%Eff 2586
CHEKING BIT 7 RATE 0 1111111 127
CHEKING BIT 6 RATE 0 111111 63
CHEKING BIT 5 RATE 2484 11111 31
CHEKING BIT 4 RATE 0 101111 47
CHEKING BIT 3 RATE 1 100111 39
CHEKING BIT 2 RATE 2398 100011 35
CHEKING BIT 1 RATE 589 100101 37
CHEKING BIT 0 RATE 1783 100100 36
###########################3643 11111
>>>>> IP 192.168.1.20 Adder 1 Pixels 3 50%Eff 3643
CHEKING BIT 7 RATE 0 1111111 127
CHEKING BIT 6 RATE 0 111111 63
CHEKING BIT 5 RATE 2484 11111 31
CHEKING BIT 4 RATE 656 101111 47
CHEKING BIT 3 RATE 2485 100111 39
CHEKING BIT 2 RATE 2485 101011 43
CHEKING BIT 1 RATE 2386 101101 45
CHEKING BIT 0 RATE 1861 101110 46
###########################4651 111111
>>>>> IP 192.168.1.20 Adder 1 Pixels 4 50%Eff 4651
CHEKING BIT 7 RATE 0 1111111 127
CHEKING BIT 6 RATE 0 111111 63
CHEKING BIT 5 RATE 2484 11111 31
CHEKING BIT 4 RATE 2485 101111 47
CHEKING BIT 3 RATE 2403 110111 55
CHEKING BIT 2 RATE 5 111011 59
CHEKING BIT 1 RATE 810 111001 57
CHEKING BIT 0 RATE 1899 111000 56
###########################5656 1111111
>>>>> IP 192.168.1.20 Adder 1 Pixels 5 50%Eff 5656
CHEKING BIT 7 RATE 0 1111111 127
CHEKING BIT 6 RATE 2485 111111 63
CHEKING BIT 5 RATE 0 1011111 95
CHEKING BIT 4 RATE 0 1001111 79
CHEKING BIT 3 RATE 0 1000111 71
CHEKING BIT 2 RATE 676 1000011 67
CHEKING BIT 1 RATE 2351 1000001 65
CHEKING BIT 0 RATE 1735 1000010 66
###########################6646 11111111
>>>>> IP 192.168.1.20 Adder 1 Pixels 6 50%Eff 6646
