CHEKING BIT 7 RATE 0 1111111 127
CHEKING BIT 6 RATE 0 111111 63
CHEKING BIT 5 RATE 0 11111 31
CHEKING BIT 4 RATE 0 1111 15
CHEKING BIT 3 RATE 2485 111 7
CHEKING BIT 2 RATE 2004 1011 11
CHEKING BIT 1 RATE 31 1101 13
CHEKING BIT 0 RATE 672 1100 12
###########################1157 111
>>>>> IP 192.168.1.15 Adder 1 Pixels 1 50%Eff 1157
CHEKING BIT 7 RATE 0 1111111 127
CHEKING BIT 6 RATE 0 111111 63
CHEKING BIT 5 RATE 0 11111 31
CHEKING BIT 4 RATE 2484 1111 15
CHEKING BIT 3 RATE 1031 10111 23
CHEKING BIT 2 RATE 2485 10011 19
CHEKING BIT 1 RATE 2472 10101 21
CHEKING BIT 0 RATE 2182 10110 22
###########################2283 1111
>>>>> IP 192.168.1.15 Adder 1 Pixels 2 50%Eff 2283
CHEKING BIT 7 RATE 0 1111111 127
CHEKING BIT 6 RATE 0 111111 63
CHEKING BIT 5 RATE 2485 11111 31
CHEKING BIT 4 RATE 0 101111 47
CHEKING BIT 3 RATE 0 100111 39
CHEKING BIT 2 RATE 165 100011 35
CHEKING BIT 1 RATE 2150 100001 33
CHEKING BIT 0 RATE 1074 100010 34
###########################3382 11111
>>>>> IP 192.168.1.15 Adder 1 Pixels 3 50%Eff 3382
CHEKING BIT 7 RATE 0 1111111 127
CHEKING BIT 6 RATE 0 111111 63
CHEKING BIT 5 RATE 2485 11111 31
CHEKING BIT 4 RATE 3 101111 47
CHEKING BIT 3 RATE 2485 100111 39
CHEKING BIT 2 RATE 2389 101011 43
CHEKING BIT 1 RATE 603 101101 45
CHEKING BIT 0 RATE 1764 101100 44
###########################4449 111111
>>>>> IP 192.168.1.15 Adder 1 Pixels 4 50%Eff 4449
CHEKING BIT 7 RATE 0 1111111 127
CHEKING BIT 6 RATE 0 111111 63
CHEKING BIT 5 RATE 2485 11111 31
CHEKING BIT 4 RATE 2485 101111 47
CHEKING BIT 3 RATE 1506 110111 55
CHEKING BIT 2 RATE 0 111011 59
CHEKING BIT 1 RATE 64 111001 57
CHEKING BIT 0 RATE 533 111000 56
###########################5522 1111111
>>>>> IP 192.168.1.15 Adder 1 Pixels 5 50%Eff 5522
CHEKING BIT 7 RATE 0 1111111 127
CHEKING BIT 6 RATE 2478 111111 63
CHEKING BIT 5 RATE 0 1011111 95
CHEKING BIT 4 RATE 0 1001111 79
CHEKING BIT 3 RATE 0 1000111 71
CHEKING BIT 2 RATE 93 1000011 67
CHEKING BIT 1 RATE 1646 1000001 65
CHEKING BIT 0 RATE 640 1000010 66
###########################6539 11111111
>>>>> IP 192.168.1.15 Adder 1 Pixels 6 50%Eff 6539
