CHEKING BIT 7 RATE 0 1111111 127
CHEKING BIT 6 RATE 0 111111 63
CHEKING BIT 5 RATE 0 11111 31
CHEKING BIT 4 RATE 0 1111 15
CHEKING BIT 3 RATE 1805 111 7
CHEKING BIT 2 RATE 0 1011 11
CHEKING BIT 1 RATE 18 1001 9
CHEKING BIT 0 RATE 495 1000 8
###########################744 111
>>>>> IP 192.168.1.14 Adder 1 Pixels 1 50%Eff 744
CHEKING BIT 7 RATE 0 1111111 127
CHEKING BIT 6 RATE 0 111111 63
CHEKING BIT 5 RATE 0 11111 31
CHEKING BIT 4 RATE 2485 1111 15
CHEKING BIT 3 RATE 0 10111 23
CHEKING BIT 2 RATE 1688 10011 19
CHEKING BIT 1 RATE 49 10101 21
CHEKING BIT 0 RATE 558 10100 20
###########################1940 1111
>>>>> IP 192.168.1.14 Adder 1 Pixels 2 50%Eff 1940
CHEKING BIT 7 RATE 0 1111111 127
CHEKING BIT 6 RATE 0 111111 63
CHEKING BIT 5 RATE 889 11111 31
CHEKING BIT 4 RATE 2485 1111 15
CHEKING BIT 3 RATE 2485 10111 23
CHEKING BIT 2 RATE 2485 11011 27
CHEKING BIT 1 RATE 2412 11101 29
CHEKING BIT 0 RATE 1970 11110 30
###########################3060 11111
>>>>> IP 192.168.1.14 Adder 1 Pixels 3 50%Eff 3060
CHEKING BIT 7 RATE 0 1111111 127
CHEKING BIT 6 RATE 0 111111 63
CHEKING BIT 5 RATE 2485 11111 31
CHEKING BIT 4 RATE 0 101111 47
CHEKING BIT 3 RATE 2482 100111 39
CHEKING BIT 2 RATE 444 101011 43
CHEKING BIT 1 RATE 2287 101001 41
CHEKING BIT 0 RATE 1490 101010 42
###########################4219 111111
>>>>> IP 192.168.1.14 Adder 1 Pixels 4 50%Eff 4219
CHEKING BIT 7 RATE 0 1111111 127
CHEKING BIT 6 RATE 0 111111 63
CHEKING BIT 5 RATE 2484 11111 31
CHEKING BIT 4 RATE 2485 101111 47
CHEKING BIT 3 RATE 44 110111 55
CHEKING BIT 2 RATE 2445 110011 51
CHEKING BIT 1 RATE 1239 110101 53
CHEKING BIT 0 RATE 2154 110100 52
###########################5308 1111111
>>>>> IP 192.168.1.14 Adder 1 Pixels 5 50%Eff 5308
CHEKING BIT 7 RATE 0 1111111 127
CHEKING BIT 6 RATE 2088 111111 63
CHEKING BIT 5 RATE 0 1011111 95
CHEKING BIT 4 RATE 0 1001111 79
CHEKING BIT 3 RATE 0 1000111 71
CHEKING BIT 2 RATE 2 1000011 67
CHEKING BIT 1 RATE 392 1000001 65
CHEKING BIT 0 RATE 1299 1000000 64
###########################6403 11111111
>>>>> IP 192.168.1.14 Adder 1 Pixels 6 50%Eff 6403
