CHEKING BIT 7 RATE 0 1111111 127
CHEKING BIT 6 RATE 0 111111 63
CHEKING BIT 5 RATE 0 11111 31
CHEKING BIT 4 RATE 0 1111 15
CHEKING BIT 3 RATE 2479 111 7
CHEKING BIT 2 RATE 0 1011 11
CHEKING BIT 1 RATE 800 1001 9
CHEKING BIT 0 RATE 2239 1000 8
###########################868 111
>>>>> IP 192.168.1.30 Adder 1 Pixels 1 50%Eff 868
CHEKING BIT 7 RATE 0 1111111 127
CHEKING BIT 6 RATE 0 111111 63
CHEKING BIT 5 RATE 0 11111 31
CHEKING BIT 4 RATE 2485 1111 15
CHEKING BIT 3 RATE 0 10111 23
CHEKING BIT 2 RATE 353 10011 19
CHEKING BIT 1 RATE 2449 10001 17
CHEKING BIT 0 RATE 1728 10010 18
###########################1834 1111
>>>>> IP 192.168.1.30 Adder 1 Pixels 2 50%Eff 1834
CHEKING BIT 7 RATE 0 1111111 127
CHEKING BIT 6 RATE 0 111111 63
CHEKING BIT 5 RATE 0 11111 31
CHEKING BIT 4 RATE 2484 1111 15
CHEKING BIT 3 RATE 2485 10111 23
CHEKING BIT 2 RATE 2277 11011 27
CHEKING BIT 1 RATE 192 11101 29
CHEKING BIT 0 RATE 1304 11100 28
###########################2797 11111
>>>>> IP 192.168.1.30 Adder 1 Pixels 3 50%Eff 2797
CHEKING BIT 7 RATE 0 1111111 127
CHEKING BIT 6 RATE 0 111111 63
CHEKING BIT 5 RATE 2485 11111 31
CHEKING BIT 4 RATE 0 101111 47
CHEKING BIT 3 RATE 8 100111 39
CHEKING BIT 2 RATE 2474 100011 35
CHEKING BIT 1 RATE 1255 100101 37
CHEKING BIT 0 RATE 204 100110 38
###########################3704 111111
>>>>> IP 192.168.1.30 Adder 1 Pixels 4 50%Eff 3704
CHEKING BIT 7 RATE 0 1111111 127
CHEKING BIT 6 RATE 0 111111 63
CHEKING BIT 5 RATE 2485 11111 31
CHEKING BIT 4 RATE 219 101111 47
CHEKING BIT 3 RATE 2485 100111 39
CHEKING BIT 2 RATE 2485 101011 43
CHEKING BIT 1 RATE 2214 101101 45
CHEKING BIT 0 RATE 1193 101110 46
###########################4602 1111111
>>>>> IP 192.168.1.30 Adder 1 Pixels 5 50%Eff 4602
CHEKING BIT 7 RATE 0 1111111 127
CHEKING BIT 6 RATE 0 111111 63
CHEKING BIT 5 RATE 2485 11111 31
CHEKING BIT 4 RATE 2485 101111 47
CHEKING BIT 3 RATE 1222 110111 55
CHEKING BIT 2 RATE 2485 110011 51
CHEKING BIT 1 RATE  110101 53
CHEKING BIT 0 RATE  110100 52
