CHEKING BIT 7 RATE 0 1111111 127
CHEKING BIT 6 RATE 0 111111 63
CHEKING BIT 5 RATE 0 11111 31
CHEKING BIT 4 RATE 0 1111 15
CHEKING BIT 3 RATE 868 111 7
CHEKING BIT 2 RATE 2485 11 3
CHEKING BIT 1 RATE 2474 101 5
CHEKING BIT 0 RATE 2215 110 6
###########################669 111
>>>>> IP 192.168.1.15 Adder 2 Pixels 1 50%Eff 669
CHEKING BIT 7 RATE 0 1111111 127
CHEKING BIT 6 RATE 0 111111 63
CHEKING BIT 5 RATE 0 11111 31
CHEKING BIT 4 RATE 2485 1111 15
CHEKING BIT 3 RATE 0 10111 23
CHEKING BIT 2 RATE 130 10011 19
CHEKING BIT 1 RATE 2164 10001 17
CHEKING BIT 0 RATE 1024 10010 18
###########################1780 1111
>>>>> IP 192.168.1.15 Adder 2 Pixels 2 50%Eff 1780
CHEKING BIT 7 RATE 0 1111111 127
CHEKING BIT 6 RATE 0 111111 63
CHEKING BIT 5 RATE 3 11111 31
CHEKING BIT 4 RATE 2484 1111 15
CHEKING BIT 3 RATE 2485 10111 23
CHEKING BIT 2 RATE 2441 11011 27
CHEKING BIT 1 RATE 794 11101 29
CHEKING BIT 0 RATE 1978 11100 28
###########################2864 11111
>>>>> IP 192.168.1.15 Adder 2 Pixels 3 50%Eff 2864
CHEKING BIT 7 RATE 0 1111111 127
CHEKING BIT 6 RATE 0 111111 63
CHEKING BIT 5 RATE 2485 11111 31
CHEKING BIT 4 RATE 0 101111 47
CHEKING BIT 3 RATE 1370 100111 39
CHEKING BIT 2 RATE 0 101011 43
CHEKING BIT 1 RATE 36 101001 41
CHEKING BIT 0 RATE 386 101000 40
###########################3914 111111
>>>>> IP 192.168.1.15 Adder 2 Pixels 4 50%Eff 3914
CHEKING BIT 7 RATE 0 1111111 127
CHEKING BIT 6 RATE 0 111111 63
CHEKING BIT 5 RATE 2485 11111 31
CHEKING BIT 4 RATE 2479 101111 47
CHEKING BIT 3 RATE 0 110111 55
CHEKING BIT 2 RATE 164 110011 51
CHEKING BIT 1 RATE 1994 110001 49
CHEKING BIT 0 RATE 969 110010 50
###########################4972 1111111
>>>>> IP 192.168.1.15 Adder 2 Pixels 5 50%Eff 4972
CHEKING BIT 7 RATE 0 1111111 127
CHEKING BIT 6 RATE 0 111111 63
CHEKING BIT 5 RATE 2485 11111 31
CHEKING BIT 4 RATE 2485 101111 47
CHEKING BIT 3 RATE 2485 110111 55
CHEKING BIT 2 RATE 1864 111011 59
CHEKING BIT 1 RATE 146 111101 61
CHEKING BIT 0 RATE 857 111100 60
###########################5960 11111111
>>>>> IP 192.168.1.15 Adder 2 Pixels 6 50%Eff 5960
