CHEKING BIT 7 RATE 0 1111111 127
CHEKING BIT 6 RATE 0 111111 63
CHEKING BIT 5 RATE 0 11111 31
CHEKING BIT 4 RATE 0 1111 15
CHEKING BIT 3 RATE 2485 111 7
CHEKING BIT 2 RATE 9 1011 11
CHEKING BIT 1 RATE 2400 1001 9
CHEKING BIT 0 RATE 822 1010 10
###########################975 111
>>>>> IP 192.168.1.47 Adder 2 Pixels 1 50%Eff 975
CHEKING BIT 7 RATE 0 1111111 127
CHEKING BIT 6 RATE 0 111111 63
CHEKING BIT 5 RATE 0 11111 31
CHEKING BIT 4 RATE 2485 1111 15
CHEKING BIT 3 RATE 0 10111 23
CHEKING BIT 2 RATE 833 10011 19
CHEKING BIT 1 RATE 2484 10001 17
CHEKING BIT 0 RATE 2223 10010 18
###########################1871 1111
>>>>> IP 192.168.1.47 Adder 2 Pixels 2 50%Eff 1871
CHEKING BIT 7 RATE 0 1111111 127
CHEKING BIT 6 RATE 0 111111 63
CHEKING BIT 5 RATE 1 11111 31
CHEKING BIT 4 RATE 2485 1111 15
CHEKING BIT 3 RATE 2484 10111 23
CHEKING BIT 2 RATE 2429 11011 27
CHEKING BIT 1 RATE 639 11101 29
CHEKING BIT 0 RATE 1888 11100 28
###########################2850 11111
>>>>> IP 192.168.1.47 Adder 2 Pixels 3 50%Eff 2850
CHEKING BIT 7 RATE 0 1111111 127
CHEKING BIT 6 RATE 0 111111 63
CHEKING BIT 5 RATE 2485 11111 31
CHEKING BIT 4 RATE 0 101111 47
CHEKING BIT 3 RATE 648 100111 39
CHEKING BIT 2 RATE 2485 100011 35
CHEKING BIT 1 RATE 2411 100101 37
CHEKING BIT 0 RATE 1835 100110 38
###########################3856 111111
>>>>> IP 192.168.1.47 Adder 2 Pixels 4 50%Eff 3856
CHEKING BIT 7 RATE 0 1111111 127
CHEKING BIT 6 RATE 0 111111 63
CHEKING BIT 5 RATE 2485 11111 31
CHEKING BIT 4 RATE 2453 101111 47
CHEKING BIT 3 RATE 0 110111 55
CHEKING BIT 2 RATE 37 110011 51
CHEKING BIT 1 RATE 1326 110001 49
CHEKING BIT 0 RATE 371 110010 50
###########################4910 1111111
>>>>> IP 192.168.1.47 Adder 2 Pixels 5 50%Eff 4910
CHEKING BIT 7 RATE 0 1111111 127
CHEKING BIT 6 RATE 0 111111 63
CHEKING BIT 5 RATE 2485 11111 31
CHEKING BIT 4 RATE 2485 101111 47
CHEKING BIT 3 RATE 2485 110111 55
CHEKING BIT 2 RATE 1843 111011 59
CHEKING BIT 1 RATE 186 111101 61
CHEKING BIT 0 RATE 832 111100 60
###########################5958 11111111
>>>>> IP 192.168.1.47 Adder 2 Pixels 6 50%Eff 5958
