CHEKING BIT 7 RATE 0 1111111 127
CHEKING BIT 6 RATE 0 111111 63
CHEKING BIT 5 RATE 0 11111 31
CHEKING BIT 4 RATE 0 1111 15
CHEKING BIT 3 RATE 1501 111 7
CHEKING BIT 2 RATE 0 1011 11
CHEKING BIT 1 RATE 10 1001 9
CHEKING BIT 0 RATE 303 1000 8
###########################725 111
>>>>> IP 192.168.1.105 Adder 2 Pixels 1 50%Eff 725
CHEKING BIT 7 RATE 0 1111111 127
CHEKING BIT 6 RATE 0 111111 63
CHEKING BIT 5 RATE 0 11111 31
CHEKING BIT 4 RATE 2485 1111 15
CHEKING BIT 3 RATE 0 10111 23
CHEKING BIT 2 RATE 704 10011 19
CHEKING BIT 1 RATE 2433 10001 17
CHEKING BIT 0 RATE 1914 10010 18
###########################1858 1111
>>>>> IP 192.168.1.105 Adder 2 Pixels 2 50%Eff 1858
CHEKING BIT 7 RATE 0 1111111 127
CHEKING BIT 6 RATE 0 111111 63
CHEKING BIT 5 RATE 452 11111 31
CHEKING BIT 4 RATE 2485 1111 15
CHEKING BIT 3 RATE 2484 10111 23
CHEKING BIT 2 RATE 2485 11011 27
CHEKING BIT 1 RATE 2314 11101 29
CHEKING BIT 0 RATE 1525 11110 30
###########################3024 11111
>>>>> IP 192.168.1.105 Adder 2 Pixels 3 50%Eff 3024
CHEKING BIT 7 RATE 0 1111111 127
CHEKING BIT 6 RATE 0 111111 63
CHEKING BIT 5 RATE 2485 11111 31
CHEKING BIT 4 RATE 0 101111 47
CHEKING BIT 3 RATE 2476 100111 39
CHEKING BIT 2 RATE 125 101011 43
CHEKING BIT 1 RATE 1778 101001 41
CHEKING BIT 0 RATE 783 101010 42
###########################4158 111111
>>>>> IP 192.168.1.105 Adder 2 Pixels 4 50%Eff 4158
CHEKING BIT 7 RATE 0 1111111 127
CHEKING BIT 6 RATE 0 111111 63
CHEKING BIT 5 RATE 2485 11111 31
CHEKING BIT 4 RATE 2485 101111 47
CHEKING BIT 3 RATE 8 110111 55
CHEKING BIT 2 RATE 2324 110011 51
CHEKING BIT 1 RATE 706 110101 53
CHEKING BIT 0 RATE 1702 110100 52
###########################5247 1111111
>>>>> IP 192.168.1.105 Adder 2 Pixels 5 50%Eff 5247
CHEKING BIT 7 RATE 0 1111111 127
CHEKING BIT 6 RATE 1400 111111 63
CHEKING BIT 5 RATE 0 1011111 95
CHEKING BIT 4 RATE 0 1001111 79
CHEKING BIT 3 RATE 0 1000111 71
CHEKING BIT 2 RATE 0 1000011 67
CHEKING BIT 1 RATE 69 1000001 65
CHEKING BIT 0 RATE 448 1000000 64
###########################6307 11111111
>>>>> IP 192.168.1.105 Adder 2 Pixels 6 50%Eff 6307
