CHEKING BIT 7 RATE 0 1111111 127
CHEKING BIT 6 RATE 0 111111 63
CHEKING BIT 5 RATE 0 11111 31
CHEKING BIT 4 RATE 0 1111 15
CHEKING BIT 3 RATE 2485 111 7
CHEKING BIT 2 RATE 6 1011 11
CHEKING BIT 1 RATE 1935 1001 9
CHEKING BIT 0 RATE 394 1010 10
###########################946 111
>>>>> IP 192.168.1.75 Adder 2 Pixels 1 50%Eff 946
CHEKING BIT 7 RATE 0 1111111 127
CHEKING BIT 6 RATE 0 111111 63
CHEKING BIT 5 RATE 0 11111 31
CHEKING BIT 4 RATE 2485 1111 15
CHEKING BIT 3 RATE 0 10111 23
CHEKING BIT 2 RATE 2267 10011 19
CHEKING BIT 1 RATE 120 10101 21
CHEKING BIT 0 RATE 1130 10100 20
###########################1987 1111
>>>>> IP 192.168.1.75 Adder 2 Pixels 2 50%Eff 1987
CHEKING BIT 7 RATE 0 1111111 127
CHEKING BIT 6 RATE 0 111111 63
CHEKING BIT 5 RATE 215 11111 31
CHEKING BIT 4 RATE 2484 1111 15
CHEKING BIT 3 RATE 2485 10111 23
CHEKING BIT 2 RATE 2484 11011 27
CHEKING BIT 1 RATE 2263 11101 29
CHEKING BIT 0 RATE 1142 11110 30
###########################2991 11111
>>>>> IP 192.168.1.75 Adder 2 Pixels 3 50%Eff 2991
CHEKING BIT 7 RATE 0 1111111 127
CHEKING BIT 6 RATE 0 111111 63
CHEKING BIT 5 RATE 2485 11111 31
CHEKING BIT 4 RATE 0 101111 47
CHEKING BIT 3 RATE 1957 100111 39
CHEKING BIT 2 RATE 0 101011 43
CHEKING BIT 1 RATE 78 101001 41
CHEKING BIT 0 RATE 729 101000 40
###########################3957 111111
>>>>> IP 192.168.1.75 Adder 2 Pixels 4 50%Eff 3957
CHEKING BIT 7 RATE 0 1111111 127
CHEKING BIT 6 RATE 0 111111 63
CHEKING BIT 5 RATE 2485 11111 31
CHEKING BIT 4 RATE 2484 101111 47
CHEKING BIT 3 RATE 0 110111 55
CHEKING BIT 2 RATE 74 110011 51
CHEKING BIT 1 RATE 1799 110001 49
CHEKING BIT 0 RATE 679 110010 50
###########################4948 1111111
>>>>> IP 192.168.1.75 Adder 2 Pixels 5 50%Eff 4948
CHEKING BIT 7 RATE 0 1111111 127
CHEKING BIT 6 RATE 0 111111 63
CHEKING BIT 5 RATE 2485 11111 31
CHEKING BIT 4 RATE 2485 101111 47
CHEKING BIT 3 RATE 2485 110111 55
CHEKING BIT 2 RATE 1194 111011 59
CHEKING BIT 1 RATE 2458 111001 57
CHEKING BIT 0 RATE 2157 111010 58
###########################5897 11111111
>>>>> IP 192.168.1.75 Adder 2 Pixels 6 50%Eff 5897
