CHEKING BIT 7 RATE 0 1111111 127
CHEKING BIT 6 RATE 0 111111 63
CHEKING BIT 5 RATE 0 11111 31
CHEKING BIT 4 RATE 0 1111 15
CHEKING BIT 3 RATE 2485 111 7
CHEKING BIT 2 RATE 2432 1011 11
CHEKING BIT 1 RATE 192 1101 13
CHEKING BIT 0 RATE 1514 1100 12
###########################1222 111
>>>>> IP 192.168.1.12 Adder 2 Pixels 1 50%Eff 1222
CHEKING BIT 7 RATE 0 1111111 127
CHEKING BIT 6 RATE 0 111111 63
CHEKING BIT 5 RATE 0 11111 31
CHEKING BIT 4 RATE 2485 1111 15
CHEKING BIT 3 RATE 241 10111 23
CHEKING BIT 2 RATE 2485 10011 19
CHEKING BIT 1 RATE 2424 10101 21
CHEKING BIT 0 RATE 1520 10110 22
###########################2223 1111
>>>>> IP 192.168.1.12 Adder 2 Pixels 2 50%Eff 2223
CHEKING BIT 7 RATE 0 1111111 127
CHEKING BIT 6 RATE 0 111111 63
CHEKING BIT 5 RATE 2376 11111 31
CHEKING BIT 4 RATE 0 101111 47
CHEKING BIT 3 RATE 0 100111 39
CHEKING BIT 2 RATE 0 100011 35
CHEKING BIT 1 RATE 337 100001 33
CHEKING BIT 0 RATE 1562 100000 32
###########################3231 11111
>>>>> IP 192.168.1.12 Adder 2 Pixels 3 50%Eff 3231
CHEKING BIT 7 RATE 0 1111111 127
CHEKING BIT 6 RATE 0 111111 63
CHEKING BIT 5 RATE 2485 11111 31
CHEKING BIT 4 RATE 0 101111 47
CHEKING BIT 3 RATE 2485 100111 39
CHEKING BIT 2 RATE 223 101011 43
CHEKING BIT 1 RATE 2269 101001 41
CHEKING BIT 0 RATE 1173 101010 42
###########################4196 111111
>>>>> IP 192.168.1.12 Adder 2 Pixels 4 50%Eff 4196
CHEKING BIT 7 RATE 0 1111111 127
CHEKING BIT 6 RATE 0 111111 63
CHEKING BIT 5 RATE 2485 11111 31
CHEKING BIT 4 RATE 2485 101111 47
CHEKING BIT 3 RATE 0 110111 55
CHEKING BIT 2 RATE 2004 110011 51
CHEKING BIT 1 RATE 165 110101 53
CHEKING BIT 0 RATE 918 110100 52
###########################5171 1111111
>>>>> IP 192.168.1.12 Adder 2 Pixels 5 50%Eff 5171
CHEKING BIT 7 RATE 0 1111111 127
CHEKING BIT 6 RATE 64 111111 63
CHEKING BIT 5 RATE 2485 11111 31
CHEKING BIT 4 RATE 2485 101111 47
CHEKING BIT 3 RATE 2485 110111 55
CHEKING BIT 2 RATE 2475 111011 59
CHEKING BIT 1 RATE 1614 111101 61
CHEKING BIT 0 RATE 545 111110 62
###########################6135 11111111
>>>>> IP 192.168.1.12 Adder 2 Pixels 6 50%Eff 6135
