CHEKING BIT 7 RATE 0 1111111 127
CHEKING BIT 6 RATE 0 111111 63
CHEKING BIT 5 RATE 0 11111 31
CHEKING BIT 4 RATE 0 1111 15
CHEKING BIT 3 RATE 1981 111 7
CHEKING BIT 2 RATE 0 1011 11
CHEKING BIT 1 RATE 33 1001 9
CHEKING BIT 0 RATE 632 1000 8
###########################755 111
>>>>> IP 192.168.1.78 Adder 2 Pixels 1 50%Eff 755
CHEKING BIT 7 RATE 0 1111111 127
CHEKING BIT 6 RATE 0 111111 63
CHEKING BIT 5 RATE 0 11111 31
CHEKING BIT 4 RATE 2485 1111 15
CHEKING BIT 3 RATE 0 10111 23
CHEKING BIT 2 RATE 434 10011 19
CHEKING BIT 1 RATE 2413 10001 17
CHEKING BIT 0 RATE 1725 10010 18
###########################1837 1111
>>>>> IP 192.168.1.78 Adder 2 Pixels 2 50%Eff 1837
CHEKING BIT 7 RATE 0 1111111 127
CHEKING BIT 6 RATE 0 111111 63
CHEKING BIT 5 RATE 4 11111 31
CHEKING BIT 4 RATE 2484 1111 15
CHEKING BIT 3 RATE 2485 10111 23
CHEKING BIT 2 RATE 2452 11011 27
CHEKING BIT 1 RATE 1063 11101 29
CHEKING BIT 0 RATE 2129 11100 28
###########################2883 11111
>>>>> IP 192.168.1.78 Adder 2 Pixels 3 50%Eff 2883
CHEKING BIT 7 RATE 0 1111111 127
CHEKING BIT 6 RATE 0 111111 63
CHEKING BIT 5 RATE 2485 11111 31
CHEKING BIT 4 RATE 0 101111 47
CHEKING BIT 3 RATE 1486 100111 39
CHEKING BIT 2 RATE 0 101011 43
CHEKING BIT 1 RATE 60 101001 41
CHEKING BIT 0 RATE 505 101000 40
###########################3926 111111
>>>>> IP 192.168.1.78 Adder 2 Pixels 4 50%Eff 3926
CHEKING BIT 7 RATE 0 1111111 127
CHEKING BIT 6 RATE 0 111111 63
CHEKING BIT 5 RATE 2485 11111 31
CHEKING BIT 4 RATE 2484 101111 47
CHEKING BIT 3 RATE 0 110111 55
CHEKING BIT 2 RATE 369 110011 51
CHEKING BIT 1 RATE 2142 110001 49
CHEKING BIT 0 RATE 1305 110010 50
###########################4998 1111111
>>>>> IP 192.168.1.78 Adder 2 Pixels 5 50%Eff 4998
CHEKING BIT 7 RATE 0 1111111 127
CHEKING BIT 6 RATE 27 111111 63
CHEKING BIT 5 RATE 2485 11111 31
CHEKING BIT 4 RATE 2485 101111 47
CHEKING BIT 3 RATE 2485 110111 55
CHEKING BIT 2 RATE 2363 111011 59
CHEKING BIT 1 RATE 879 111101 61
CHEKING BIT 0 RATE 1858 111100 60
###########################6060 11111111
>>>>> IP 192.168.1.78 Adder 2 Pixels 6 50%Eff 6060
