CHEKING BIT 7 RATE 0 1111111 127
CHEKING BIT 6 RATE 0 111111 63
CHEKING BIT 5 RATE 0 11111 31
CHEKING BIT 4 RATE 0 1111 15
CHEKING BIT 3 RATE 2485 111 7
CHEKING BIT 2 RATE 1132 1011 11
CHEKING BIT 1 RATE 2481 1001 9
CHEKING BIT 0 RATE 2351 1010 10
###########################1089 111
>>>>> IP 192.168.1.77 Adder 2 Pixels 1 50%Eff 1089
CHEKING BIT 7 RATE 0 1111111 127
CHEKING BIT 6 RATE 0 111111 63
CHEKING BIT 5 RATE 0 11111 31
CHEKING BIT 4 RATE 2485 1111 15
CHEKING BIT 3 RATE 10 10111 23
CHEKING BIT 2 RATE 2484 10011 19
CHEKING BIT 1 RATE 1666 10101 21
CHEKING BIT 0 RATE 335 10110 22
###########################2133 1111
>>>>> IP 192.168.1.77 Adder 2 Pixels 2 50%Eff 2133
CHEKING BIT 7 RATE 0 1111111 127
CHEKING BIT 6 RATE 0 111111 63
CHEKING BIT 5 RATE 978 11111 31
CHEKING BIT 4 RATE 2485 1111 15
CHEKING BIT 3 RATE 2484 10111 23
CHEKING BIT 2 RATE  11011 27
CHEKING BIT 1 RATE  11001 25
CHEKING BIT 0 RATE 2485 11000 24
###########################125900 11111
>>>>> IP 192.168.1.77 Adder 2 Pixels 3 50%Eff 125900
CHEKING BIT 7 RATE 0 1111111 127
CHEKING BIT 6 RATE 0 111111 63
CHEKING BIT 5 RATE 2484 11111 31
CHEKING BIT 4 RATE 0 101111 47
CHEKING BIT 3 RATE 2451 100111 39
CHEKING BIT 2 RATE 6 101011 43
CHEKING BIT 1 RATE 916 101001 41
CHEKING BIT 0 RATE 2078 101000 40
###########################4068 111111
>>>>> IP 192.168.1.77 Adder 2 Pixels 4 50%Eff 4068
CHEKING BIT 7 RATE 0 1111111 127
CHEKING BIT 6 RATE 0 111111 63
CHEKING BIT 5 RATE 2484 11111 31
CHEKING BIT 4 RATE 2485 101111 47
CHEKING BIT 3 RATE 0 110111 55
CHEKING BIT 2 RATE 799 110011 51
CHEKING BIT 1 RATE 2423 110001 49
CHEKING BIT 0 RATE 1941 110010 50
###########################5060 1111111
>>>>> IP 192.168.1.77 Adder 2 Pixels 5 50%Eff 5060
CHEKING BIT 7 RATE 0 1111111 127
CHEKING BIT 6 RATE 2 111111 63
CHEKING BIT 5 RATE 2484 11111 31
CHEKING BIT 4 RATE 2485 101111 47
CHEKING BIT 3 RATE 2485 110111 55
CHEKING BIT 2 RATE 2233 111011 59
CHEKING BIT 1 RATE 469 111101 61
CHEKING BIT 0 RATE 1464 111100 60
###########################6018 11111111
>>>>> IP 192.168.1.77 Adder 2 Pixels 6 50%Eff 6018
