CHEKING BIT 7 RATE 0 1111111 127
CHEKING BIT 6 RATE 0 111111 63
CHEKING BIT 5 RATE 0 11111 31
CHEKING BIT 4 RATE 0 1111 15
CHEKING BIT 3 RATE 2484 111 7
CHEKING BIT 2 RATE 228 1011 11
CHEKING BIT 1 RATE 2437 1001 9
CHEKING BIT 0 RATE 1572 1010 10
###########################1023 111
>>>>> IP 192.168.1.66 Adder 2 Pixels 1 50%Eff 1023
CHEKING BIT 7 RATE 0 1111111 127
CHEKING BIT 6 RATE 0 111111 63
CHEKING BIT 5 RATE 0 11111 31
CHEKING BIT 4 RATE 2485 1111 15
CHEKING BIT 3 RATE 0 10111 23
CHEKING BIT 2 RATE 2454 10011 19
CHEKING BIT 1 RATE 567 10101 21
CHEKING BIT 0 RATE 1908 10100 20
###########################2049 1111
>>>>> IP 192.168.1.66 Adder 2 Pixels 2 50%Eff 2049
CHEKING BIT 7 RATE 0 1111111 127
CHEKING BIT 6 RATE 0 111111 63
CHEKING BIT 5 RATE 650 11111 31
CHEKING BIT 4 RATE 2485 1111 15
CHEKING BIT 3 RATE 2485 10111 23
CHEKING BIT 2 RATE 2485 11011 27
CHEKING BIT 1 RATE 2452 11101 29
CHEKING BIT 0 RATE 1951 11110 30
###########################3051 11111
>>>>> IP 192.168.1.66 Adder 2 Pixels 3 50%Eff 3051
CHEKING BIT 7 RATE 0 1111111 127
CHEKING BIT 6 RATE 0 111111 63
CHEKING BIT 5 RATE 2485 11111 31
CHEKING BIT 4 RATE 0 101111 47
CHEKING BIT 3 RATE 2405 100111 39
CHEKING BIT 2 RATE 0 101011 43
CHEKING BIT 1 RATE 597 101001 41
CHEKING BIT 0 RATE 1767 101000 40
###########################4047 111111
>>>>> IP 192.168.1.66 Adder 2 Pixels 4 50%Eff 4047
CHEKING BIT 7 RATE 0 1111111 127
CHEKING BIT 6 RATE 0 111111 63
CHEKING BIT 5 RATE 2485 11111 31
CHEKING BIT 4 RATE 2484 101111 47
CHEKING BIT 3 RATE 0 110111 55
CHEKING BIT 2 RATE 411 110011 51
CHEKING BIT 1 RATE 2324 110001 49
CHEKING BIT 0 RATE 1548 110010 50
###########################5023 1111111
>>>>> IP 192.168.1.66 Adder 2 Pixels 5 50%Eff 5023
CHEKING BIT 7 RATE 0 1111111 127
CHEKING BIT 6 RATE 1 111111 63
CHEKING BIT 5 RATE 2485 11111 31
CHEKING BIT 4 RATE 2484 101111 47
CHEKING BIT 3 RATE 2485 110111 55
CHEKING BIT 2 RATE 2263 111011 59
CHEKING BIT 1 RATE 489 111101 61
CHEKING BIT 0 RATE 1484 111100 60
###########################6025 11111111
>>>>> IP 192.168.1.66 Adder 2 Pixels 6 50%Eff 6025
