CHEKING BIT 7 RATE 0 1111111 127
CHEKING BIT 6 RATE 0 111111 63
CHEKING BIT 5 RATE 0 11111 31
CHEKING BIT 4 RATE 0 1111 15
CHEKING BIT 3 RATE 2485 111 7
CHEKING BIT 2 RATE 1445 1011 11
CHEKING BIT 1 RATE 3 1101 13
CHEKING BIT 0 RATE 194 1100 12
###########################1116 111
>>>>> IP 192.168.1.108 Adder 2 Pixels 1 50%Eff 1116
CHEKING BIT 7 RATE 0 1111111 127
CHEKING BIT 6 RATE 0 111111 63
CHEKING BIT 5 RATE 0 11111 31
CHEKING BIT 4 RATE 2485 1111 15
CHEKING BIT 3 RATE 482 10111 23
CHEKING BIT 2 RATE 2485 10011 19
CHEKING BIT 1 RATE 2429 10101 21
CHEKING BIT 0 RATE 1798 10110 22
###########################2241 1111
>>>>> IP 192.168.1.108 Adder 2 Pixels 2 50%Eff 2241
CHEKING BIT 7 RATE 0 1111111 127
CHEKING BIT 6 RATE 0 111111 63
CHEKING BIT 5 RATE 2481 11111 31
CHEKING BIT 4 RATE 0 101111 47
CHEKING BIT 3 RATE 0 100111 39
CHEKING BIT 2 RATE 9 100011 35
CHEKING BIT 1 RATE 1294 100001 33
CHEKING BIT 0 RATE 239 100010 34
###########################3310 11111
>>>>> IP 192.168.1.108 Adder 2 Pixels 3 50%Eff 3310
CHEKING BIT 7 RATE 0 1111111 127
CHEKING BIT 6 RATE 0 111111 63
CHEKING BIT 5 RATE 2485 11111 31
CHEKING BIT 4 RATE 0 101111 47
CHEKING BIT 3 RATE 2485 100111 39
CHEKING BIT 2 RATE 1944 101011 43
CHEKING BIT 1 RATE 157 101101 45
CHEKING BIT 0 RATE 848 101100 44
###########################4364 111111
>>>>> IP 192.168.1.108 Adder 2 Pixels 4 50%Eff 4364
CHEKING BIT 7 RATE 0 1111111 127
CHEKING BIT 6 RATE 0 111111 63
CHEKING BIT 5 RATE 2485 11111 31
CHEKING BIT 4 RATE 2484 101111 47
CHEKING BIT 3 RATE 197 110111 55
CHEKING BIT 2 RATE 2485 110011 51
CHEKING BIT 1 RATE 2076 110101 53
CHEKING BIT 0 RATE 1038 110110 54
###########################5382 1111111
>>>>> IP 192.168.1.108 Adder 2 Pixels 5 50%Eff 5382
CHEKING BIT 7 RATE 0 1111111 127
CHEKING BIT 6 RATE 2061 111111 63
CHEKING BIT 5 RATE 0 1011111 95
CHEKING BIT 4 RATE 0 1001111 79
CHEKING BIT 3 RATE 0 1000111 71
CHEKING BIT 2 RATE 0 1000011 67
CHEKING BIT 1 RATE 254 1000001 65
CHEKING BIT 0 RATE 1120 1000000 64
###########################6385 11111111
>>>>> IP 192.168.1.108 Adder 2 Pixels 6 50%Eff 6385
