CHEKING BIT 7 RATE 0 1111111 127
CHEKING BIT 6 RATE 0 111111 63
CHEKING BIT 5 RATE 0 11111 31
CHEKING BIT 4 RATE 0 1111 15
CHEKING BIT 3 RATE 2485 111 7
CHEKING BIT 2 RATE 2169 1011 11
CHEKING BIT 1 RATE 27 1101 13
CHEKING BIT 0 RATE 705 1100 12
###########################1162 111
>>>>> IP 192.168.1.89 Adder 2 Pixels 1 50%Eff 1162
CHEKING BIT 7 RATE 0 1111111 127
CHEKING BIT 6 RATE 0 111111 63
CHEKING BIT 5 RATE 0 11111 31
CHEKING BIT 4 RATE 2485 1111 15
CHEKING BIT 3 RATE 231 10111 23
CHEKING BIT 2 RATE 2485 10011 19
CHEKING BIT 1 RATE 2363 10101 21
CHEKING BIT 0 RATE 1361 10110 22
###########################2213 1111
>>>>> IP 192.168.1.89 Adder 2 Pixels 2 50%Eff 2213
CHEKING BIT 7 RATE 0 1111111 127
CHEKING BIT 6 RATE 0 111111 63
CHEKING BIT 5 RATE 2284 11111 31
CHEKING BIT 4 RATE 0 101111 47
CHEKING BIT 3 RATE 0 100111 39
CHEKING BIT 2 RATE 0 100011 35
CHEKING BIT 1 RATE 259 100001 33
CHEKING BIT 0 RATE 1401 100000 32
###########################3213 11111
>>>>> IP 192.168.1.89 Adder 2 Pixels 3 50%Eff 3213
CHEKING BIT 7 RATE 0 1111111 127
CHEKING BIT 6 RATE 0 111111 63
CHEKING BIT 5 RATE 2484 11111 31
CHEKING BIT 4 RATE 0 101111 47
CHEKING BIT 3 RATE 2485 100111 39
CHEKING BIT 2 RATE 342 101011 43
CHEKING BIT 1 RATE 2286 101001 41
CHEKING BIT 0 RATE 1403 101010 42
###########################4217 111111
>>>>> IP 192.168.1.89 Adder 2 Pixels 4 50%Eff 4217
CHEKING BIT 7 RATE 0 1111111 127
CHEKING BIT 6 RATE 0 111111 63
CHEKING BIT 5 RATE 2484 11111 31
CHEKING BIT 4 RATE 2485 101111 47
CHEKING BIT 3 RATE 1 110111 55
CHEKING BIT 2 RATE 2167 110011 51
CHEKING BIT 1 RATE 275 110101 53
CHEKING BIT 0 RATE 1240 110100 52
###########################5195 1111111
>>>>> IP 192.168.1.89 Adder 2 Pixels 5 50%Eff 5195
CHEKING BIT 7 RATE 0 1111111 127
CHEKING BIT 6 RATE 68 111111 63
CHEKING BIT 5 RATE 2485 11111 31
CHEKING BIT 4 RATE 2485 101111 47
CHEKING BIT 3 RATE 2485 110111 55
CHEKING BIT 2 RATE 2481 111011 59
CHEKING BIT 1 RATE 1673 111101 61
CHEKING BIT 0 RATE 607 111110 62
###########################6143 11111111
>>>>> IP 192.168.1.89 Adder 2 Pixels 6 50%Eff 6143
