CHEKING BIT 7 RATE 0 1111111 127
CHEKING BIT 6 RATE 0 111111 63
CHEKING BIT 5 RATE 0 11111 31
CHEKING BIT 4 RATE 0 1111 15
CHEKING BIT 3 RATE 15 111 7
CHEKING BIT 2 RATE 2507 11 3
CHEKING BIT 1 RATE 2485 101 5
CHEKING BIT 0 RATE 1968 110 6
###########################636 111
>>>>> IP 192.168.1.82 Adder 2 Pixels 1 50%Eff 636
CHEKING BIT 7 RATE 0 1111111 127
CHEKING BIT 6 RATE 0 111111 63
CHEKING BIT 5 RATE 0 11111 31
CHEKING BIT 4 RATE 0 1111 15
CHEKING BIT 3 RATE 2485 111 7
CHEKING BIT 2 RATE 2109 1011 11
CHEKING BIT 1 RATE 0 1101 13
CHEKING BIT 0 RATE 91 1100 12
###########################1143 1111
>>>>> IP 192.168.1.82 Adder 2 Pixels 2 50%Eff 1143
CHEKING BIT 7 RATE 0 1111111 127
CHEKING BIT 6 RATE 0 111111 63
CHEKING BIT 5 RATE 0 11111 31
CHEKING BIT 4 RATE 2485 1111 15
CHEKING BIT 3 RATE 0 10111 23
CHEKING BIT 2 RATE 0 10011 19
CHEKING BIT 1 RATE 151 10001 17
CHEKING BIT 0 RATE 2175 10000 16
###########################1648 11111
>>>>> IP 192.168.1.82 Adder 2 Pixels 3 50%Eff 1648
CHEKING BIT 7 RATE 0 1111111 127
CHEKING BIT 6 RATE 0 111111 63
CHEKING BIT 5 RATE 0 11111 31
CHEKING BIT 4 RATE 2485 1111 15
CHEKING BIT 3 RATE 0 10111 23
CHEKING BIT 2 RATE 2485 10011 19
CHEKING BIT 1 RATE 2058 10101 21
CHEKING BIT 0 RATE 121 10110 22
###########################2141 111111
>>>>> IP 192.168.1.82 Adder 2 Pixels 4 50%Eff 2141
CHEKING BIT 7 RATE 0 1111111 127
CHEKING BIT 6 RATE 0 111111 63
CHEKING BIT 5 RATE 0 11111 31
CHEKING BIT 4 RATE 2485 1111 15
CHEKING BIT 3 RATE 2484 10111 23
CHEKING BIT 2 RATE 122 11011 27
CHEKING BIT 1 RATE 2481 11001 25
CHEKING BIT 0 RATE 1882 11010 26
###########################2636 1111111
>>>>> IP 192.168.1.82 Adder 2 Pixels 5 50%Eff 2636
CHEKING BIT 7 RATE 0 1111111 127
CHEKING BIT 6 RATE 0 111111 63
CHEKING BIT 5 RATE 1327 11111 31
CHEKING BIT 4 RATE 0 101111 47
CHEKING BIT 3 RATE 0 100111 39
CHEKING BIT 2 RATE 0 100011 35
CHEKING BIT 1 RATE 0 100001 33
CHEKING BIT 0 RATE 43 100000 32
###########################3109 11111111
>>>>> IP 192.168.1.82 Adder 2 Pixels 6 50%Eff 3109
