CHEKING BIT 7 RATE 0 1111111 127
CHEKING BIT 6 RATE 0 111111 63
CHEKING BIT 5 RATE 0 11111 31
CHEKING BIT 4 RATE 0 1111 15
CHEKING BIT 3 RATE 0 111 7
CHEKING BIT 2 RATE 1822 11 3
CHEKING BIT 1 RATE 1 101 5
CHEKING BIT 0 RATE 254 100 4
###########################339 111
>>>>> IP 192.168.1.61 Adder 2 Pixels 1 50%Eff 339
CHEKING BIT 7 RATE 0 1111111 127
CHEKING BIT 6 RATE 0 111111 63
CHEKING BIT 5 RATE 0 11111 31
CHEKING BIT 4 RATE 0 1111 15
CHEKING BIT 3 RATE 2485 111 7
CHEKING BIT 2 RATE 2482 1011 11
CHEKING BIT 1 RATE 754 1101 13
CHEKING BIT 0 RATE 2198 1100 12
###########################1270 1111
>>>>> IP 192.168.1.61 Adder 2 Pixels 2 50%Eff 1270
CHEKING BIT 7 RATE 0 1111111 127
CHEKING BIT 6 RATE 0 111111 63
CHEKING BIT 5 RATE 0 11111 31
CHEKING BIT 4 RATE 2485 1111 15
CHEKING BIT 3 RATE 120 10111 23
CHEKING BIT 2 RATE 2485 10011 19
CHEKING BIT 1 RATE 2243 10101 21
CHEKING BIT 0 RATE 1093 10110 22
###########################2182 11111
>>>>> IP 192.168.1.61 Adder 2 Pixels 3 50%Eff 2182
CHEKING BIT 7 RATE 0 1111111 127
CHEKING BIT 6 RATE 0 111111 63
CHEKING BIT 5 RATE 681 11111 31
CHEKING BIT 4 RATE 2485 1111 15
CHEKING BIT 3 RATE 2484 10111 23
CHEKING BIT 2 RATE 2485 11011 27
CHEKING BIT 1 RATE 2451 11101 29
CHEKING BIT 0 RATE 1994 11110 30
###########################3055 111111
>>>>> IP 192.168.1.61 Adder 2 Pixels 4 50%Eff 3055
CHEKING BIT 7 RATE 0 1111111 127
CHEKING BIT 6 RATE 0 111111 63
CHEKING BIT 5 RATE 2484 11111 31
CHEKING BIT 4 RATE 0 101111 47
CHEKING BIT 3 RATE 1733 100111 39
CHEKING BIT 2 RATE 0 101011 43
CHEKING BIT 1 RATE 66 101001 41
CHEKING BIT 0 RATE 603 101000 40
###########################3948 1111111
>>>>> IP 192.168.1.61 Adder 2 Pixels 5 50%Eff 3948
CHEKING BIT 7 RATE 0 1111111 127
CHEKING BIT 6 RATE 0 111111 63
CHEKING BIT 5 RATE 2484 11111 31
CHEKING BIT 4 RATE 2397 101111 47
CHEKING BIT 3 RATE 0 110111 55
CHEKING BIT 2 RATE 4 110011 51
CHEKING BIT 1 RATE 733 110001 49
CHEKING BIT 0 RATE 1868 110000 48
###########################4856 11111111
>>>>> IP 192.168.1.61 Adder 2 Pixels 6 50%Eff 4856
