CHEKING BIT 7 RATE 0 1111111 127
CHEKING BIT 6 RATE 0 111111 63
CHEKING BIT 5 RATE 0 11111 31
CHEKING BIT 4 RATE 0 1111 15
CHEKING BIT 3 RATE 0 111 7
CHEKING BIT 2 RATE 2357 11 3
CHEKING BIT 1 RATE 213 101 5
CHEKING BIT 0 RATE 1420 100 4
###########################413 111
>>>>> IP 192.168.1.14 Adder 2 Pixels 1 50%Eff 413
CHEKING BIT 7 RATE 0 1111111 127
CHEKING BIT 6 RATE 0 111111 63
CHEKING BIT 5 RATE 0 11111 31
CHEKING BIT 4 RATE 1989 1111 15
CHEKING BIT 3 RATE 0 10111 23
CHEKING BIT 2 RATE 0 10011 19
CHEKING BIT 1 RATE 92 10001 17
CHEKING BIT 0 RATE 829 10000 16
###########################1564 1111
>>>>> IP 192.168.1.14 Adder 2 Pixels 2 50%Eff 1564
CHEKING BIT 7 RATE 0 1111111 127
CHEKING BIT 6 RATE 0 111111 63
CHEKING BIT 5 RATE 0 11111 31
CHEKING BIT 4 RATE 2484 1111 15
CHEKING BIT 3 RATE 2485 10111 23
CHEKING BIT 2 RATE 700 11011 27
CHEKING BIT 1 RATE 2438 11001 25
CHEKING BIT 0 RATE 1872 11010 26
###########################2650 11111
>>>>> IP 192.168.1.14 Adder 2 Pixels 3 50%Eff 2650
CHEKING BIT 7 RATE 0 1111111 127
CHEKING BIT 6 RATE 0 111111 63
CHEKING BIT 5 RATE 2485 11111 31
CHEKING BIT 4 RATE 0 101111 47
CHEKING BIT 3 RATE 193 100111 39
CHEKING BIT 2 RATE 2483 100011 35
CHEKING BIT 1 RATE 2038 100101 37
CHEKING BIT 0 RATE 942 100110 38
###########################3773 111111
>>>>> IP 192.168.1.14 Adder 2 Pixels 4 50%Eff 3773
CHEKING BIT 7 RATE 0 1111111 127
CHEKING BIT 6 RATE 0 111111 63
CHEKING BIT 5 RATE 2485 11111 31
CHEKING BIT 4 RATE 2327 101111 47
CHEKING BIT 3 RATE 0 110111 55
CHEKING BIT 2 RATE 8 110011 51
CHEKING BIT 1 RATE 636 110001 49
CHEKING BIT 0 RATE 1720 110000 48
###########################4846 1111111
>>>>> IP 192.168.1.14 Adder 2 Pixels 5 50%Eff 4846
CHEKING BIT 7 RATE 0 1111111 127
CHEKING BIT 6 RATE 0 111111 63
CHEKING BIT 5 RATE 2485 11111 31
CHEKING BIT 4 RATE 2485 101111 47
CHEKING BIT 3 RATE 2484 110111 55
CHEKING BIT 2 RATE 1426 111011 59
CHEKING BIT 1 RATE 65 111101 61
CHEKING BIT 0 RATE 479 111100 60
###########################5914 11111111
>>>>> IP 192.168.1.14 Adder 2 Pixels 6 50%Eff 5914
