CHEKING BIT 7 RATE 0 1111111 127
CHEKING BIT 6 RATE 0 111111 63
CHEKING BIT 5 RATE 0 11111 31
CHEKING BIT 4 RATE  1111 15
CHEKING BIT 3 RATE 2389 111 7
CHEKING BIT 2 RATE 0 1011 11
CHEKING BIT 1 RATE 192 1001 9
CHEKING BIT 0 RATE 1500 1000 8
###########################815 111
>>>>> IP 192.168.1.145 Adder 2 Pixels 1 50%Eff 815
CHEKING BIT 7 RATE 0 1111111 127
CHEKING BIT 6 RATE 0 111111 63
CHEKING BIT 5 RATE 0 11111 31
CHEKING BIT 4 RATE 2485 1111 15
CHEKING BIT 3 RATE 0 10111 23
CHEKING BIT 2 RATE 1849 10011 19
CHEKING BIT 1 RATE 30 10101 21
CHEKING BIT 0 RATE 558 10100 20
###########################1945 1111
>>>>> IP 192.168.1.145 Adder 2 Pixels 2 50%Eff 1945
CHEKING BIT 7 RATE 0 1111111 127
CHEKING BIT 6 RATE 0 111111 63
CHEKING BIT 5 RATE 181 11111 31
CHEKING BIT 4 RATE 2485 1111 15
CHEKING BIT 3 RATE 2484 10111 23
CHEKING BIT 2 RATE 2485 11011 27
CHEKING BIT 1 RATE 2248 11101 29
CHEKING BIT 0 RATE 1093 11110 30
###########################2990 11111
>>>>> IP 192.168.1.145 Adder 2 Pixels 3 50%Eff 2990
CHEKING BIT 7 RATE 0 1111111 127
CHEKING BIT 6 RATE  111111 63
CHEKING BIT 5 RATE 2485 11111 31
CHEKING BIT 4 RATE 0 101111 47
CHEKING BIT 3 RATE 2373 100111 39
CHEKING BIT 2 RATE 3 101011 43
CHEKING BIT 1 RATE 559 101001 41
CHEKING BIT 0 RATE 1756 101000 40
###########################4044 111111
>>>>> IP 192.168.1.145 Adder 2 Pixels 4 50%Eff 4044
CHEKING BIT 7 RATE 0 1111111 127
CHEKING BIT 6 RATE 0 111111 63
CHEKING BIT 5 RATE 2485 11111 31
CHEKING BIT 4 RATE 2485 101111 47
CHEKING BIT 3 RATE 0 110111 55
CHEKING BIT 2 RATE 899 110011 51
CHEKING BIT 1 RATE 2437 110001 49
CHEKING BIT 0 RATE 1965 110010 50
###########################5068 1111111
>>>>> IP 192.168.1.145 Adder 2 Pixels 5 50%Eff 5068
CHEKING BIT 7 RATE 0 1111111 127
CHEKING BIT 6 RATE 21 111111 63
CHEKING BIT 5 RATE 2485 11111 31
CHEKING BIT 4 RATE 2485 101111 47
CHEKING BIT 3 RATE 2485 110111 55
CHEKING BIT 2 RATE 2429 111011 59
CHEKING BIT 1 RATE 1182 111101 61
CHEKING BIT 0 RATE 2128 111100 60
###########################6093 11111111
>>>>> IP 192.168.1.145 Adder 2 Pixels 6 50%Eff 6093
