CHEKING BIT 7 RATE 0 1111111 127
CHEKING BIT 6 RATE 0 111111 63
CHEKING BIT 5 RATE 0 11111 31
CHEKING BIT 4 RATE 2485 1111 15
CHEKING BIT 3 RATE 31 10111 23
CHEKING BIT 2 RATE 2274 10011 19
CHEKING BIT 1 RATE 880 10101 21
CHEKING BIT 0 RATE 1736 10100 20
###########################2054 111
>>>>> IP 192.168.1.10 Adder 2 Pixels 1 50%Eff 2054
CHEKING BIT 7 RATE 0 1111111 127
CHEKING BIT 6 RATE 0 111111 63
CHEKING BIT 5 RATE 2485 11111 31
CHEKING BIT 4 RATE 0 101111 47
CHEKING BIT 3 RATE 1640 100111 39
CHEKING BIT 2 RATE 27 101011 43
CHEKING BIT 1 RATE 446 101001 41
CHEKING BIT 0 RATE 1063 101000 40
###########################3967 1111
>>>>> IP 192.168.1.10 Adder 2 Pixels 2 50%Eff 3967
CHEKING BIT 7 RATE 0 1111111 127
CHEKING BIT 6 RATE 28 111111 63
CHEKING BIT 5 RATE 2485 11111 31
CHEKING BIT 4 RATE 2485 101111 47
CHEKING BIT 3 RATE 2480 110111 55
CHEKING BIT 2 RATE 1447 111011 59
CHEKING BIT 1 RATE 353 111101 61
CHEKING BIT 0 RATE 858 111100 60
###########################5944 11111
>>>>> IP 192.168.1.10 Adder 2 Pixels 3 50%Eff 5944
CHEKING BIT 7 RATE 0 1111111 127
CHEKING BIT 6 RATE 2485 111111 63
CHEKING BIT 5 RATE 0 1011111 95
CHEKING BIT 4 RATE 1521 1001111 79
CHEKING BIT 3 RATE 0 1010111 87
CHEKING BIT 2 RATE 42 1010011 83
CHEKING BIT 1 RATE 461 1010001 81
CHEKING BIT 0 RATE 977 1010000 80
###########################7946 111111
>>>>> IP 192.168.1.10 Adder 2 Pixels 4 50%Eff 7946
CHEKING BIT 7 RATE 0 1111111 127
CHEKING BIT 6 RATE 2485 111111 63
CHEKING BIT 5 RATE 2454 1011111 95
CHEKING BIT 4 RATE 0 1101111 111
CHEKING BIT 3 RATE 21 1100111 103
CHEKING BIT 2 RATE 1269 1100011 99
CHEKING BIT 1 RATE 323 1100101 101
CHEKING BIT 0 RATE 715 1100100 100
###########################9880 1111111
>>>>> IP 192.168.1.10 Adder 2 Pixels 5 50%Eff 9880
CHEKING BIT 7 RATE 0 1111111 127
CHEKING BIT 6 RATE 2485 111111 63
CHEKING BIT 5 RATE 2485 1011111 95
CHEKING BIT 4 RATE 2484 1101111 111
CHEKING BIT 3 RATE 347 1110111 119
CHEKING BIT 2 RATE 2192 1110011 115
CHEKING BIT 1 RATE 1355 1110101 117
CHEKING BIT 0 RATE 748 1110110 118
###########################11720 11111111
>>>>> IP 192.168.1.10 Adder 2 Pixels 6 50%Eff 11720
