CHEKING BIT 7 RATE 0 1111111 127
CHEKING BIT 6 RATE 0 111111 63
CHEKING BIT 5 RATE 0 11111 31
CHEKING BIT 4 RATE 0 1111 15
CHEKING BIT 3 RATE 2478 111 7
CHEKING BIT 2 RATE 0 1011 11
CHEKING BIT 1 RATE 1000 1001 9
CHEKING BIT 0 RATE 2283 1000 8
###########################884 111
>>>>> IP 192.168.1.20 Adder 2 Pixels 1 50%Eff 884
CHEKING BIT 7 RATE 0 1111111 127
CHEKING BIT 6 RATE 0 111111 63
CHEKING BIT 5 RATE 0 11111 31
CHEKING BIT 4 RATE 2485 1111 15
CHEKING BIT 3 RATE 0 10111 23
CHEKING BIT 2 RATE 1797 10011 19
CHEKING BIT 1 RATE 38 10101 21
CHEKING BIT 0 RATE 521 10100 20
###########################1943 1111
>>>>> IP 192.168.1.20 Adder 2 Pixels 2 50%Eff 1943
CHEKING BIT 7 RATE 0 1111111 127
CHEKING BIT 6 RATE 0 111111 63
CHEKING BIT 5 RATE 96 11111 31
CHEKING BIT 4 RATE 2485 1111 15
CHEKING BIT 3 RATE 2485 10111 23
CHEKING BIT 2 RATE 2482 11011 27
CHEKING BIT 1 RATE 2069 11101 29
CHEKING BIT 0 RATE 830 11110 30
###########################2965 11111
>>>>> IP 192.168.1.20 Adder 2 Pixels 3 50%Eff 2965
CHEKING BIT 7 RATE 0 1111111 127
CHEKING BIT 6 RATE 0 111111 63
CHEKING BIT 5 RATE 2484 11111 31
CHEKING BIT 4 RATE 0 101111 47
CHEKING BIT 3 RATE 1834 100111 39
CHEKING BIT 2 RATE 0 101011 43
CHEKING BIT 1 RATE 118 101001 41
CHEKING BIT 0 RATE 757 101000 40
###########################3954 111111
>>>>> IP 192.168.1.20 Adder 2 Pixels 4 50%Eff 3954
CHEKING BIT 7 RATE 0 1111111 127
CHEKING BIT 6 RATE 0 111111 63
CHEKING BIT 5 RATE 2484 11111 31
CHEKING BIT 4 RATE 2480 101111 47
CHEKING BIT 3 RATE 0 110111 55
CHEKING BIT 2 RATE 68 110011 51
CHEKING BIT 1 RATE 1708 110001 49
CHEKING BIT 0 RATE 600 110010 50
###########################4941 1111111
>>>>> IP 192.168.1.20 Adder 2 Pixels 5 50%Eff 4941
CHEKING BIT 7 RATE 0 1111111 127
CHEKING BIT 6 RATE 0 111111 63
CHEKING BIT 5 RATE 2484 11111 31
CHEKING BIT 4 RATE 2485 101111 47
CHEKING BIT 3 RATE 2485 110111 55
CHEKING BIT 2 RATE 1290 111011 59
CHEKING BIT 1 RATE 47 111101 61
CHEKING BIT 0 RATE 404 111100 60
###########################5907 11111111
>>>>> IP 192.168.1.20 Adder 2 Pixels 6 50%Eff 5907
