CHEKING BIT 7 RATE 0 1111111 127
CHEKING BIT 6 RATE 0 111111 63
CHEKING BIT 5 RATE 0 11111 31
CHEKING BIT 4 RATE 0 1111 15
CHEKING BIT 3 RATE 1080 111 7
CHEKING BIT 2 RATE 2485 11 3
CHEKING BIT 1 RATE 2477 101 5
CHEKING BIT 0 RATE 2281 110 6
###########################685 111
>>>>> IP 192.168.1.74 Adder 2 Pixels 1 50%Eff 685
CHEKING BIT 7 RATE 0 1111111 127
CHEKING BIT 6 RATE 0 111111 63
CHEKING BIT 5 RATE 0 11111 31
CHEKING BIT 4 RATE 2485 1111 15
CHEKING BIT 3 RATE 0 10111 23
CHEKING BIT 2 RATE 493 10011 19
CHEKING BIT 1 RATE 2420 10001 17
CHEKING BIT 0 RATE 1714 10010 18
###########################1840 1111
>>>>> IP 192.168.1.74 Adder 2 Pixels 2 50%Eff 1840
CHEKING BIT 7 RATE 0 1111111 127
CHEKING BIT 6 RATE 0 111111 63
CHEKING BIT 5 RATE 107 11111 31
CHEKING BIT 4 RATE 2484 1111 15
CHEKING BIT 3 RATE 0 10111 23
CHEKING BIT 2 RATE 2485 10011 19
CHEKING BIT 1 RATE 2485 10101 21
CHEKING BIT 0 RATE 2484 10110 22
###########################-121200 11111
>>>>> IP 192.168.1.74 Adder 2 Pixels 3 50%Eff -121200
CHEKING BIT 7 RATE 0 1111111 127
CHEKING BIT 6 RATE 0 111111 63
CHEKING BIT 5 RATE 2485 11111 31
CHEKING BIT 4 RATE 0 101111 47
CHEKING BIT 3 RATE 2457 100111 39
CHEKING BIT 2 RATE 35 101011 43
CHEKING BIT 1 RATE 1281 101001 41
CHEKING BIT 0 RATE 358 101010 42
###########################4103 111111
>>>>> IP 192.168.1.74 Adder 2 Pixels 4 50%Eff 4103
CHEKING BIT 7 RATE 0 1111111 127
CHEKING BIT 6 RATE 0 111111 63
CHEKING BIT 5 RATE 2485 11111 31
CHEKING BIT 4 RATE 2484 101111 47
CHEKING BIT 3 RATE 1 110111 55
CHEKING BIT 2 RATE 2168 110011 51
CHEKING BIT 1 RATE 406 110101 53
CHEKING BIT 0 RATE 1286 110100 52
###########################5210 1111111
>>>>> IP 192.168.1.74 Adder 2 Pixels 5 50%Eff 5210
CHEKING BIT 7 RATE 0 1111111 127
CHEKING BIT 6 RATE 967 111111 63
CHEKING BIT 5 RATE 2485 11111 31
CHEKING BIT 4 RATE 2485 101111 47
CHEKING BIT 3 RATE 2485 110111 55
CHEKING BIT 2 RATE 2485 111011 59
CHEKING BIT 1 RATE 2393 111101 61
CHEKING BIT 0 RATE 1871 111110 62
###########################6266 11111111
>>>>> IP 192.168.1.74 Adder 2 Pixels 6 50%Eff 6266
