CHEKING BIT 7 RATE 0 1111111 127
CHEKING BIT 6 RATE 0 111111 63
CHEKING BIT 5 RATE 0 11111 31
CHEKING BIT 4 RATE 0 1111 15
CHEKING BIT 3 RATE 2055 111 7
CHEKING BIT 2 RATE 0 1011 11
CHEKING BIT 1 RATE 5 1001 9
CHEKING BIT 0 RATE 483 1000 8
###########################755 111
>>>>> IP 192.168.1.83 Adder 2 Pixels 1 50%Eff 755
CHEKING BIT 7 RATE 0 1111111 127
CHEKING BIT 6 RATE 0 111111 63
CHEKING BIT 5 RATE 0 11111 31
CHEKING BIT 4 RATE 2483 1111 15
CHEKING BIT 3 RATE 0 10111 23
CHEKING BIT 2 RATE 3 10011 19
CHEKING BIT 1 RATE 1567 10001 17
CHEKING BIT 0 RATE 211 10010 18
###########################1724 1111
>>>>> IP 192.168.1.83 Adder 2 Pixels 2 50%Eff 1724
CHEKING BIT 7 RATE 0 1111111 127
CHEKING BIT 6 RATE 0 111111 63
CHEKING BIT 5 RATE 0 11111 31
CHEKING BIT 4 RATE 2484 1111 15
CHEKING BIT 3 RATE 2485 10111 23
CHEKING BIT 2 RATE 341 11011 27
CHEKING BIT 1 RATE 2403 11001 25
CHEKING BIT 0 RATE 1616 11010 26
###########################2630 11111
>>>>> IP 192.168.1.83 Adder 2 Pixels 3 50%Eff 2630
CHEKING BIT 7 RATE 0 1111111 127
CHEKING BIT 6 RATE 0 111111 63
CHEKING BIT 5 RATE 2485 11111 31
CHEKING BIT 4 RATE 0 101111 47
CHEKING BIT 3 RATE 0 100111 39
CHEKING BIT 2 RATE 1703 100011 35
CHEKING BIT 1 RATE 21 100101 37
CHEKING BIT 0 RATE 445 100100 36
###########################3535 111111
>>>>> IP 192.168.1.83 Adder 2 Pixels 4 50%Eff 3535
CHEKING BIT 7 RATE 0 1111111 127
CHEKING BIT 6 RATE 0 111111 63
CHEKING BIT 5 RATE 2485 11111 31
CHEKING BIT 4 RATE 5 101111 47
CHEKING BIT 3 RATE 2485 100111 39
CHEKING BIT 2 RATE 2456 101011 43
CHEKING BIT 1 RATE 999 101101 45
CHEKING BIT 0 RATE 2115 101100 44
###########################4477 1111111
>>>>> IP 192.168.1.83 Adder 2 Pixels 5 50%Eff 4477
CHEKING BIT 7 RATE 0 1111111 127
CHEKING BIT 6 RATE 0 111111 63
CHEKING BIT 5 RATE 2485 11111 31
CHEKING BIT 4 RATE 2485 101111 47
CHEKING BIT 3 RATE 277 110111 55
CHEKING BIT 2 RATE 2484 110011 51
CHEKING BIT 1 RATE 2200 110101 53
CHEKING BIT 0 RATE 1124 110110 54
###########################5393 11111111
>>>>> IP 192.168.1.83 Adder 2 Pixels 6 50%Eff 5393
