CHEKING BIT 7 RATE 0 1111111 127
CHEKING BIT 6 RATE 0 111111 63
CHEKING BIT 5 RATE 0 11111 31
CHEKING BIT 4 RATE 0 1111 15
CHEKING BIT 3 RATE 2484 111 7
CHEKING BIT 2 RATE 1385 1011 11
CHEKING BIT 1 RATE 6 1101 13
CHEKING BIT 0 RATE 285 1100 12
###########################1113 111
>>>>> IP 192.168.1.135 Adder 2 Pixels 1 50%Eff 1113
CHEKING BIT 7 RATE 0 1111111 127
CHEKING BIT 6 RATE 0 111111 63
CHEKING BIT 5 RATE 0 11111 31
CHEKING BIT 4 RATE 2485 1111 15
CHEKING BIT 3 RATE 2166 10111 23
CHEKING BIT 2 RATE 1 11011 27
CHEKING BIT 1 RATE 212 11001 25
CHEKING BIT 0 RATE 1147 11000 24
###########################2392 1111
>>>>> IP 192.168.1.135 Adder 2 Pixels 2 50%Eff 2392
CHEKING BIT 7 RATE 0 1111111 127
CHEKING BIT 6 RATE 0 111111 63
CHEKING BIT 5 RATE 2485 11111 31
CHEKING BIT 4 RATE 0 101111 47
CHEKING BIT 3 RATE 4 100111 39
CHEKING BIT 2 RATE 2338 100011 35
CHEKING BIT 1 RATE 639 100101 37
CHEKING BIT 0 RATE 1669 100100 36
###########################3638 11111
>>>>> IP 192.168.1.135 Adder 2 Pixels 3 50%Eff 3638
CHEKING BIT 7 RATE 0 1111111 127
CHEKING BIT 6 RATE 0 111111 63
CHEKING BIT 5 RATE 2485 11111 31
CHEKING BIT 4 RATE 2285 101111 47
CHEKING BIT 3 RATE 0 110111 55
CHEKING BIT 2 RATE 4 110011 51
CHEKING BIT 1 RATE 598 110001 49
CHEKING BIT 0 RATE 1586 110000 48
###########################4837 111111
>>>>> IP 192.168.1.135 Adder 2 Pixels 4 50%Eff 4837
CHEKING BIT 7 RATE 0 1111111 127
CHEKING BIT 6 RATE 6 111111 63
CHEKING BIT 5 RATE 2485 11111 31
CHEKING BIT 4 RATE 2485 101111 47
CHEKING BIT 3 RATE 2485 110111 55
CHEKING BIT 2 RATE 2213 111011 59
CHEKING BIT 1 RATE 544 111101 61
CHEKING BIT 0 RATE 1487 111100 60
###########################6031 1111111
>>>>> IP 192.168.1.135 Adder 2 Pixels 5 50%Eff 6031
CHEKING BIT 7 RATE 0 1111111 127
CHEKING BIT 6 RATE 2485 111111 63
CHEKING BIT 5 RATE 0 1011111 95
CHEKING BIT 4 RATE 0 1001111 79
CHEKING BIT 3 RATE 2085 1000111 71
CHEKING BIT 2 RATE 2 1001011 75
CHEKING BIT 1 RATE 371 1001001 73
CHEKING BIT 0 RATE 1282 1001000 72
###########################7199 11111111
>>>>> IP 192.168.1.135 Adder 2 Pixels 6 50%Eff 7199
