CHEKING BIT 7 RATE 0 1111111 127
CHEKING BIT 6 RATE 0 111111 63
CHEKING BIT 5 RATE 0 11111 31
CHEKING BIT 4 RATE 0 1111 15
CHEKING BIT 3 RATE 2484 111 7
CHEKING BIT 2 RATE 2277 1011 11
CHEKING BIT 1 RATE 75 1101 13
CHEKING BIT 0 RATE 1036 1100 12
###########################1181 111
>>>>> IP 192.168.1.150 Adder 2 Pixels 1 50%Eff 1181
CHEKING BIT 7 RATE 0 1111111 127
CHEKING BIT 6 RATE 0 111111 63
CHEKING BIT 5 RATE 0 11111 31
CHEKING BIT 4 RATE 2485 1111 15
CHEKING BIT 3 RATE 14 10111 23
CHEKING BIT 2 RATE 2483 10011 19
CHEKING BIT 1 RATE 1741 10101 21
CHEKING BIT 0 RATE 387 10110 22
###########################2139 1111
>>>>> IP 192.168.1.150 Adder 2 Pixels 2 50%Eff 2139
CHEKING BIT 7 RATE 0 1111111 127
CHEKING BIT 6 RATE 0 111111 63
CHEKING BIT 5 RATE 2419 11111 31
CHEKING BIT 4 RATE 0 101111 47
CHEKING BIT 3 RATE 0 100111 39
CHEKING BIT 2 RATE 1 100011 35
CHEKING BIT 1 RATE 512 100001 33
CHEKING BIT 0 RATE 1766 100000 32
###########################3242 11111
>>>>> IP 192.168.1.150 Adder 2 Pixels 3 50%Eff 3242
CHEKING BIT 7 RATE 0 1111111 127
CHEKING BIT 6 RATE 0 111111 63
CHEKING BIT 5 RATE 2485 11111 31
CHEKING BIT 4 RATE 0 101111 47
CHEKING BIT 3 RATE 2485 100111 39
CHEKING BIT 2 RATE 1705 101011 43
CHEKING BIT 1 RATE 63 101101 45
CHEKING BIT 0 RATE 610 101100 44
###########################4342 111111
>>>>> IP 192.168.1.150 Adder 2 Pixels 4 50%Eff 4342
CHEKING BIT 7 RATE 0 1111111 127
CHEKING BIT 6 RATE 0 111111 63
CHEKING BIT 5 RATE 2485 11111 31
CHEKING BIT 4 RATE 2484 101111 47
CHEKING BIT 3 RATE 329 110111 55
CHEKING BIT 2 RATE 2483 110011 51
CHEKING BIT 1 RATE 2233 110101 53
CHEKING BIT 0 RATE 1357 110110 54
###########################5408 1111111
>>>>> IP 192.168.1.150 Adder 2 Pixels 5 50%Eff 5408
CHEKING BIT 7 RATE 0 1111111 127
CHEKING BIT 6 RATE 2340 111111 63
CHEKING BIT 5 RATE 0 1011111 95
CHEKING BIT 4 RATE 0 1001111 79
CHEKING BIT 3 RATE 0 1000111 71
CHEKING BIT 2 RATE 4 1000011 67
CHEKING BIT 1 RATE 705 1000001 65
CHEKING BIT 0 RATE 1799 1000000 64
###########################6451 11111111
>>>>> IP 192.168.1.150 Adder 2 Pixels 6 50%Eff 6451
