CHEKING BIT 7 RATE 0 1111111 127
CHEKING BIT 6 RATE 0 111111 63
CHEKING BIT 5 RATE 0 11111 31
CHEKING BIT 4 RATE 0 1111 15
CHEKING BIT 3 RATE 14 111 7
CHEKING BIT 2 RATE 2485 11 3
CHEKING BIT 1 RATE 2375 101 5
CHEKING BIT 0 RATE 830 110 6
###########################573 111
>>>>> IP 192.168.1.144 Adder 2 Pixels 1 50%Eff 573
CHEKING BIT 7 RATE 0 1111111 127
CHEKING BIT 6 RATE 0 111111 63
CHEKING BIT 5 RATE 0 11111 31
CHEKING BIT 4 RATE 192 1111 15
CHEKING BIT 3 RATE 2484 111 7
CHEKING BIT 2 RATE 2485 1011 11
CHEKING BIT 1 RATE 2462 1101 13
CHEKING BIT 0 RATE 1660 1110 14
###########################1427 1111
>>>>> IP 192.168.1.144 Adder 2 Pixels 2 50%Eff 1427
CHEKING BIT 7 RATE 0 1111111 127
CHEKING BIT 6 RATE 0 111111 63
CHEKING BIT 5 RATE 0 11111 31
CHEKING BIT 4 RATE 2485 1111 15
CHEKING BIT 3 RATE 503 10111 23
CHEKING BIT 2 RATE 2485 10011 19
CHEKING BIT 1 RATE 2466 10101 21
CHEKING BIT 0 RATE 1891 10110 22
###########################2247 11111
>>>>> IP 192.168.1.144 Adder 2 Pixels 3 50%Eff 2247
CHEKING BIT 7 RATE 0 1111111 127
CHEKING BIT 6 RATE 0 111111 63
CHEKING BIT 5 RATE 1566 11111 31
CHEKING BIT 4 RATE 0 101111 47
CHEKING BIT 3 RATE 0 100111 39
CHEKING BIT 2 RATE 0 100011 35
CHEKING BIT 1 RATE 15 100001 33
CHEKING BIT 0 RATE 341 100000 32
###########################3129 111111
>>>>> IP 192.168.1.144 Adder 2 Pixels 4 50%Eff 3129
CHEKING BIT 7 RATE 0 1111111 127
CHEKING BIT 6 RATE 0 111111 63
CHEKING BIT 5 RATE 2485 11111 31
CHEKING BIT 4 RATE 0 101111 47
CHEKING BIT 3 RATE 2163 100111 39
CHEKING BIT 2 RATE 0 101011 43
CHEKING BIT 1 RATE 176 101001 41
CHEKING BIT 0 RATE 1107 101000 40
###########################3991 1111111
>>>>> IP 192.168.1.144 Adder 2 Pixels 5 50%Eff 3991
CHEKING BIT 7 RATE 0 1111111 127
CHEKING BIT 6 RATE 0 111111 63
CHEKING BIT 5 RATE 2485 11111 31
CHEKING BIT 4 RATE 2430 101111 47
CHEKING BIT 3 RATE 0 110111 55
CHEKING BIT 2 RATE 2 110011 51
CHEKING BIT 1 RATE 919 110001 49
CHEKING BIT 0 RATE 1997 110000 48
###########################4873 11111111
>>>>> IP 192.168.1.144 Adder 2 Pixels 6 50%Eff 4873
