CHEKING BIT 7 RATE 0 1111111 127
CHEKING BIT 6 RATE 0 111111 63
CHEKING BIT 5 RATE 0 11111 31
CHEKING BIT 4 RATE 0 1111 15
CHEKING BIT 3 RATE  111 7
CHEKING BIT 2 RATE 2485 11 3
CHEKING BIT 1 RATE 2485 101 5
CHEKING BIT 0 RATE 2366 110 6
###########################685 111
>>>>> IP 192.168.1.130 Adder 2 Pixels 1 50%Eff 685
CHEKING BIT 7 RATE 0 1111111 127
CHEKING BIT 6 RATE 0 111111 63
CHEKING BIT 5 RATE 0 11111 31
CHEKING BIT 4 RATE 2469 1111 15
CHEKING BIT 3 RATE 0 10111 23
CHEKING BIT 2 RATE 0 10011 19
CHEKING BIT 1 RATE 680 10001 17
CHEKING BIT 0 RATE 2100 10000 16
###########################1659 1111
>>>>> IP 192.168.1.130 Adder 2 Pixels 2 50%Eff 1659
CHEKING BIT 7 RATE 0 1111111 127
CHEKING BIT 6 RATE 0 111111 63
CHEKING BIT 5 RATE 0 11111 31
CHEKING BIT 4 RATE 2484 1111 15
CHEKING BIT 3 RATE 2485 10111 23
CHEKING BIT 2 RATE 403 11011 27
CHEKING BIT 1 RATE 2406 11001 25
CHEKING BIT 0 RATE 1638 11010 26
###########################2633 11111
>>>>> IP 192.168.1.130 Adder 2 Pixels 3 50%Eff 2633
CHEKING BIT 7 RATE 0 1111111 127
CHEKING BIT 6 RATE 0 111111 63
CHEKING BIT 5 RATE 2485 11111 31
CHEKING BIT 4 RATE 0 101111 47
CHEKING BIT 3 RATE 0 100111 39
CHEKING BIT 2 RATE 2045 100011 35
CHEKING BIT 1 RATE 134 100101 37
CHEKING BIT 0 RATE 924 100100 36
###########################3572 111111
>>>>> IP 192.168.1.130 Adder 2 Pixels 4 50%Eff 3572
CHEKING BIT 7 RATE 0 1111111 127
CHEKING BIT 6 RATE 0 111111 63
CHEKING BIT 5 RATE 2485 11111 31
CHEKING BIT 4 RATE 24 101111 47
CHEKING BIT 3 RATE 2485 100111 39
CHEKING BIT 2 RATE 2475 101011 43
CHEKING BIT 1 RATE 1411 101101 45
CHEKING BIT 0 RATE 334 101110 46
###########################4517 1111111
>>>>> IP 192.168.1.130 Adder 2 Pixels 5 50%Eff 4517
CHEKING BIT 7 RATE 0 1111111 127
CHEKING BIT 6 RATE 0 111111 63
CHEKING BIT 5 RATE 2485 11111 31
CHEKING BIT 4 RATE 2485 101111 47
CHEKING BIT 3 RATE 870 110111 55
CHEKING BIT 2 RATE 2485 110011 51
CHEKING BIT 1 RATE 2413 110101 53
CHEKING BIT 0 RATE 1959 110110 54
###########################5466 11111111
>>>>> IP 192.168.1.130 Adder 2 Pixels 6 50%Eff 5466
