CHEKING BIT 7 RATE 0 1111111 127
CHEKING BIT 6 RATE 0 111111 63
CHEKING BIT 5 RATE 0 11111 31
CHEKING BIT 4 RATE 183 1111 15
CHEKING BIT 3 RATE 2485 111 7
CHEKING BIT 2 RATE 2484 1011 11
CHEKING BIT 1 RATE 2242 1101 13
CHEKING BIT 0 RATE 1188 1110 14
###########################1388 111
>>>>> IP 192.168.1.73 Adder 2 Pixels 1 50%Eff 1388
CHEKING BIT 7 RATE 0 1111111 127
CHEKING BIT 6 RATE 0 111111 63
CHEKING BIT 5 RATE 0 11111 31
CHEKING BIT 4 RATE 2484 1111 15
CHEKING BIT 3 RATE 2485 10111 23
CHEKING BIT 2 RATE 774 11011 27
CHEKING BIT 1 RATE 2417 11001 25
CHEKING BIT 0 RATE 1913 11010 26
###########################2659 1111
>>>>> IP 192.168.1.73 Adder 2 Pixels 2 50%Eff 2659
CHEKING BIT 7 RATE 0 1111111 127
CHEKING BIT 6 RATE 0 111111 63
CHEKING BIT 5 RATE 2485 11111 31
CHEKING BIT 4 RATE 0 101111 47
CHEKING BIT 3 RATE 1276 100111 39
CHEKING BIT 2 RATE 0 101011 43
CHEKING BIT 1 RATE 58 101001 41
CHEKING BIT 0 RATE 358 101000 40
###########################3901 11111
>>>>> IP 192.168.1.73 Adder 2 Pixels 3 50%Eff 3901
CHEKING BIT 7 RATE 0 1111111 127
CHEKING BIT 6 RATE 0 111111 63
CHEKING BIT 5 RATE 2485 11111 31
CHEKING BIT 4 RATE 2485 101111 47
CHEKING BIT 3 RATE 0 110111 55
CHEKING BIT 2 RATE 1537 110011 51
CHEKING BIT 1 RATE 93 110101 53
CHEKING BIT 0 RATE 598 110100 52
###########################5131 111111
>>>>> IP 192.168.1.73 Adder 2 Pixels 4 50%Eff 5131
CHEKING BIT 7 RATE 0 1111111 127
CHEKING BIT 6 RATE 1204 111111 63
CHEKING BIT 5 RATE 2485 11111 31
CHEKING BIT 4 RATE 2485 101111 47
CHEKING BIT 3 RATE 2484 110111 55
CHEKING BIT 2 RATE 2485 111011 59
CHEKING BIT 1 RATE 2419 111101 61
CHEKING BIT 0 RATE 2045 111110 62
###########################6293 1111111
>>>>> IP 192.168.1.73 Adder 2 Pixels 5 50%Eff 6293
CHEKING BIT 7 RATE 0 1111111 127
CHEKING BIT 6 RATE 2485 111111 63
CHEKING BIT 5 RATE 0 1011111 95
CHEKING BIT 4 RATE 0 1001111 79
CHEKING BIT 3 RATE 2482 1000111 71
CHEKING BIT 2 RATE 638 1001011 75
CHEKING BIT 1 RATE 2236 1001001 73
CHEKING BIT 0 RATE 1584 1001010 74
###########################7434 11111111
>>>>> IP 192.168.1.73 Adder 2 Pixels 6 50%Eff 7434
