CHEKING BIT 7 RATE 0 1111111 127
CHEKING BIT 6 RATE 0 111111 63
CHEKING BIT 5 RATE 0 11111 31
CHEKING BIT 4 RATE  1111 15
CHEKING BIT 3 RATE 0 111 7
CHEKING BIT 2 RATE 2474 11 3
CHEKING BIT 1 RATE 586 101 5
CHEKING BIT 0 RATE 2130 100 4
###########################459 111
>>>>> IP 192.168.1.149 Adder 2 Pixels 1 50%Eff 459
CHEKING BIT 7 RATE 0 1111111 127
CHEKING BIT 6 RATE 0 111111 63
CHEKING BIT 5 RATE 0 11111 31
CHEKING BIT 4 RATE 354 1111 15
CHEKING BIT 3 RATE 2485 111 7
CHEKING BIT 2 RATE 2484 1011 11
CHEKING BIT 1 RATE 2443 1101 13
CHEKING BIT 0 RATE 1747 1110 14
###########################1436 1111
>>>>> IP 192.168.1.149 Adder 2 Pixels 2 50%Eff 1436
CHEKING BIT 7 RATE 0 1111111 127
CHEKING BIT 6 RATE 0 111111 63
CHEKING BIT 5 RATE 0 11111 31
CHEKING BIT 4 RATE 2485 1111 15
CHEKING BIT 3 RATE 2395 10111 23
CHEKING BIT 2 RATE 0 11011 27
CHEKING BIT 1 RATE 487 11001 25
CHEKING BIT 0 RATE 1702 11000 24
###########################2439 11111
>>>>> IP 192.168.1.149 Adder 2 Pixels 3 50%Eff 2439
CHEKING BIT 7 RATE 0 1111111 127
CHEKING BIT 6 RATE 0 111111 63
CHEKING BIT 5 RATE 2485 11111 31
CHEKING BIT 4 RATE 0 101111 47
CHEKING BIT 3 RATE 0 100111 39
CHEKING BIT 2 RATE 545 100011 35
CHEKING BIT 1 RATE 2367 100001 33
CHEKING BIT 0 RATE 1622 100010 34
###########################3434 111111
>>>>> IP 192.168.1.149 Adder 2 Pixels 4 50%Eff 3434
CHEKING BIT 7 RATE 0 1111111 127
CHEKING BIT 6 RATE 0 111111 63
CHEKING BIT 5 RATE 2485 11111 31
CHEKING BIT 4 RATE 4 101111 47
CHEKING BIT 3 RATE 2484 100111 39
CHEKING BIT 2 RATE 2369 101011 43
CHEKING BIT 1 RATE 658 101101 45
CHEKING BIT 0 RATE 1729 101100 44
###########################4448 1111111
>>>>> IP 192.168.1.149 Adder 2 Pixels 5 50%Eff 4448
CHEKING BIT 7 RATE 0 1111111 127
CHEKING BIT 6 RATE 0 111111 63
CHEKING BIT 5 RATE 2485 11111 31
CHEKING BIT 4 RATE 2485 101111 47
CHEKING BIT 3 RATE 792 110111 55
CHEKING BIT 2 RATE 2485 110011 51
CHEKING BIT 1 RATE 2375 110101 53
CHEKING BIT 0 RATE 1862 110110 54
###########################5455 11111111
>>>>> IP 192.168.1.149 Adder 2 Pixels 6 50%Eff 5455
