CHEKING BIT 7 RATE 0 1111111 127
CHEKING BIT 6 RATE 0 111111 63
CHEKING BIT 5 RATE 0 11111 31
CHEKING BIT 4 RATE 0 1111 15
CHEKING BIT 3 RATE 0 111 7
CHEKING BIT 2 RATE 2480 11 3
CHEKING BIT 1 RATE 1017 101 5
CHEKING BIT 0 RATE 2290 100 4
###########################481 111
>>>>> IP 192.168.1.57 Adder 2 Pixels 1 50%Eff 481
CHEKING BIT 7 RATE 0 1111111 127
CHEKING BIT 6 RATE 0 111111 63
CHEKING BIT 5 RATE 0 11111 31
CHEKING BIT 4 RATE 2341 1111 15
CHEKING BIT 3 RATE 0 10111 23
CHEKING BIT 2 RATE 0 10011 19
CHEKING BIT 1 RATE 255 10001 17
CHEKING BIT 0 RATE 1433 10000 16
###########################1620 1111
>>>>> IP 192.168.1.57 Adder 2 Pixels 2 50%Eff 1620
CHEKING BIT 7 RATE 0 1111111 127
CHEKING BIT 6 RATE 0 111111 63
CHEKING BIT 5 RATE 0 11111 31
CHEKING BIT 4 RATE 2485 1111 15
CHEKING BIT 3 RATE 2484 10111 23
CHEKING BIT 2 RATE 1161 11011 27
CHEKING BIT 1 RATE 2472 11001 25
CHEKING BIT 0 RATE 2218 11010 26
###########################2697 11111
>>>>> IP 192.168.1.57 Adder 2 Pixels 3 50%Eff 2697
CHEKING BIT 7 RATE 0 1111111 127
CHEKING BIT 6 RATE 0 111111 63
CHEKING BIT 5 RATE 2485 11111 31
CHEKING BIT 4 RATE 0 101111 47
CHEKING BIT 3 RATE 201 100111 39
CHEKING BIT 2 RATE 2485 100011 35
CHEKING BIT 1 RATE 2095 100101 37
CHEKING BIT 0 RATE 1051 100110 38
###########################3783 111111
>>>>> IP 192.168.1.57 Adder 2 Pixels 4 50%Eff 3783
CHEKING BIT 7 RATE 0 1111111 127
CHEKING BIT 6 RATE 0 111111 63
CHEKING BIT 5 RATE 2485 11111 31
CHEKING BIT 4 RATE 2308 101111 47
CHEKING BIT 3 RATE 0 110111 55
CHEKING BIT 2 RATE 2 110011 51
CHEKING BIT 1 RATE 521 110001 49
CHEKING BIT 0 RATE 1579 110000 48
###########################4834 1111111
>>>>> IP 192.168.1.57 Adder 2 Pixels 5 50%Eff 4834
CHEKING BIT 7 RATE 0 1111111 127
CHEKING BIT 6 RATE 0 111111 63
CHEKING BIT 5 RATE 2485 11111 31
CHEKING BIT 4 RATE 2484 101111 47
CHEKING BIT 3 RATE 2485 110111 55
CHEKING BIT 2 RATE 832 111011 59
CHEKING BIT 1 RATE 2390 111001 57
CHEKING BIT 0 RATE 1803 111010 58
###########################5858 11111111
>>>>> IP 192.168.1.57 Adder 2 Pixels 6 50%Eff 5858
