CHEKING BIT 7 RATE 0 1111111 127
CHEKING BIT 6 RATE 0 111111 63
CHEKING BIT 5 RATE 0 11111 31
CHEKING BIT 4 RATE 0 1111 15
CHEKING BIT 3 RATE 2485 111 7
CHEKING BIT 2 RATE 242 1011 11
CHEKING BIT 1 RATE 2462 1001 9
CHEKING BIT 0 RATE 1649 1010 10
###########################1030 111
>>>>> IP 192.168.1.142 Adder 2 Pixels 1 50%Eff 1030
CHEKING BIT 7 RATE 0 1111111 127
CHEKING BIT 6 RATE 0 111111 63
CHEKING BIT 5 RATE 0 11111 31
CHEKING BIT 4 RATE 2485 1111 15
CHEKING BIT 3 RATE 0 10111 23
CHEKING BIT 2 RATE 2455 10011 19
CHEKING BIT 1 RATE 605 10101 21
CHEKING BIT 0 RATE 2001 10100 20
###########################2055 1111
>>>>> IP 192.168.1.142 Adder 2 Pixels 2 50%Eff 2055
CHEKING BIT 7 RATE 0 1111111 127
CHEKING BIT 6 RATE 0 111111 63
CHEKING BIT 5 RATE 585 11111 31
CHEKING BIT 4 RATE 2484 1111 15
CHEKING BIT 3 RATE 2485 10111 23
CHEKING BIT 2 RATE 2484 11011 27
CHEKING BIT 1 RATE 2448 11101 29
CHEKING BIT 0 RATE 1854 11110 30
###########################3049 11111
>>>>> IP 192.168.1.142 Adder 2 Pixels 3 50%Eff 3049
CHEKING BIT 7 RATE 0 1111111 127
CHEKING BIT 6 RATE 0 111111 63
CHEKING BIT 5 RATE 2485 11111 31
CHEKING BIT 4 RATE 0 101111 47
CHEKING BIT 3 RATE 2342 100111 39
CHEKING BIT 2 RATE 0 101011 43
CHEKING BIT 1 RATE 443 101001 41
CHEKING BIT 0 RATE 1597 101000 40
###########################4031 111111
>>>>> IP 192.168.1.142 Adder 2 Pixels 4 50%Eff 4031
CHEKING BIT 7 RATE 0 1111111 127
CHEKING BIT 6 RATE 0 111111 63
CHEKING BIT 5 RATE 2485 11111 31
CHEKING BIT 4 RATE 2485 101111 47
CHEKING BIT 3 RATE 0 110111 55
CHEKING BIT 2 RATE 429 110011 51
CHEKING BIT 1 RATE 2313 110001 49
CHEKING BIT 0 RATE 1478 110010 50
###########################5024 1111111
>>>>> IP 192.168.1.142 Adder 2 Pixels 5 50%Eff 5024
CHEKING BIT 7 RATE 0 1111111 127
CHEKING BIT 6 RATE 0 111111 63
CHEKING BIT 5 RATE 2485 11111 31
CHEKING BIT 4 RATE 2485 101111 47
CHEKING BIT 3 RATE 2485 110111 55
CHEKING BIT 2 RATE 2131 111011 59
CHEKING BIT 1 RATE 250 111101 61
CHEKING BIT 0 RATE 1187 111100 60
###########################5995 11111111
>>>>> IP 192.168.1.142 Adder 2 Pixels 6 50%Eff 5995
