CHEKING BIT 7 RATE 0 1111111 127
CHEKING BIT 6 RATE 0 111111 63
CHEKING BIT 5 RATE 0 11111 31
CHEKING BIT 4 RATE 15 1111 15
CHEKING BIT 3 RATE 2485 111 7
CHEKING BIT 2 RATE 2458 1011 11
CHEKING BIT 1 RATE 1342 1101 13
CHEKING BIT 0 RATE 367 1110 14
###########################1313 111
>>>>> IP 192.168.1.19 Adder 2 Pixels 1 50%Eff 1313
CHEKING BIT 7 RATE 0 1111111 127
CHEKING BIT 6 RATE 0 111111 63
CHEKING BIT 5 RATE 0 11111 31
CHEKING BIT 4 RATE 2485 1111 15
CHEKING BIT 3 RATE 2360 10111 23
CHEKING BIT 2 RATE 3 11011 27
CHEKING BIT 1 RATE 723 11001 25
CHEKING BIT 0 RATE 1740 11000 24
###########################2446 1111
>>>>> IP 192.168.1.19 Adder 2 Pixels 2 50%Eff 2446
CHEKING BIT 7 RATE 0 1111111 127
CHEKING BIT 6 RATE 0 111111 63
CHEKING BIT 5 RATE 2485 11111 31
CHEKING BIT 4 RATE 0 101111 47
CHEKING BIT 3 RATE 0 100111 39
CHEKING BIT 2 RATE 1336 100011 35
CHEKING BIT 1 RATE 73 100101 37
CHEKING BIT 0 RATE 543 100100 36
###########################3517 11111
>>>>> IP 192.168.1.19 Adder 2 Pixels 3 50%Eff 3517
CHEKING BIT 7 RATE 0 1111111 127
CHEKING BIT 6 RATE 0 111111 63
CHEKING BIT 5 RATE 2484 11111 31
CHEKING BIT 4 RATE 233 101111 47
CHEKING BIT 3 RATE 2485 100111 39
CHEKING BIT 2 RATE 2429 101011 43
CHEKING BIT 1 RATE 1377 101101 45
CHEKING BIT 0 RATE 665 101110 46
###########################4516 111111
>>>>> IP 192.168.1.19 Adder 2 Pixels 4 50%Eff 4516
CHEKING BIT 7 RATE 0 1111111 127
CHEKING BIT 6 RATE 0 111111 63
CHEKING BIT 5 RATE 2484 11111 31
CHEKING BIT 4 RATE 2485 101111 47
CHEKING BIT 3 RATE 1390 110111 55
CHEKING BIT 2 RATE 4 111011 59
CHEKING BIT 1 RATE 310 111001 57
CHEKING BIT 0 RATE 804 111000 56
###########################5527 1111111
>>>>> IP 192.168.1.19 Adder 2 Pixels 5 50%Eff 5527
CHEKING BIT 7 RATE 0 1111111 127
CHEKING BIT 6 RATE 2155 111111 63
CHEKING BIT 5 RATE 0 1011111 95
CHEKING BIT 4 RATE 0 1001111 79
CHEKING BIT 3 RATE 0 1000111 71
CHEKING BIT 2 RATE 217 1000011 67
CHEKING BIT 1 RATE 1177 1000001 65
CHEKING BIT 0 RATE 1692 1000000 64
###########################6484 11111111
>>>>> IP 192.168.1.19 Adder 2 Pixels 6 50%Eff 6484
