CHEKING BIT 7 RATE 0 1111111 127
CHEKING BIT 6 RATE 0 111111 63
CHEKING BIT 5 RATE 0 11111 31
CHEKING BIT 4 RATE 0 1111 15
CHEKING BIT 3 RATE 678 111 7
CHEKING BIT 2 RATE 2485 11 3
CHEKING BIT 1 RATE 2481 101 5
CHEKING BIT 0 RATE 2251 110 6
###########################663 111
>>>>> IP 192.168.1.30 Adder 2 Pixels 1 50%Eff 663
CHEKING BIT 7 RATE 0 1111111 127
CHEKING BIT 6 RATE 0 111111 63
CHEKING BIT 5 RATE 0 11111 31
CHEKING BIT 4 RATE 2367 1111 15
CHEKING BIT 3 RATE 0 10111 23
CHEKING BIT 2 RATE 0 10011 19
CHEKING BIT 1 RATE 149 10001 17
CHEKING BIT 0 RATE 1350 10000 16
###########################1612 1111
>>>>> IP 192.168.1.30 Adder 2 Pixels 2 50%Eff 1612
CHEKING BIT 7 RATE 0 1111111 127
CHEKING BIT 6 RATE 0 111111 63
CHEKING BIT 5 RATE 0 11111 31
CHEKING BIT 4 RATE 2485 1111 15
CHEKING BIT 3 RATE 2485 10111 23
CHEKING BIT 2 RATE 17 11011 27
CHEKING BIT 1 RATE 1838 11001 25
CHEKING BIT 0 RATE 499 11010 26
###########################2548 11111
>>>>> IP 192.168.1.30 Adder 2 Pixels 3 50%Eff 2548
CHEKING BIT 7 RATE 0 1111111 127
CHEKING BIT 6 RATE 0 111111 63
CHEKING BIT 5 RATE 2485 11111 31
CHEKING BIT 4 RATE 0 101111 47
CHEKING BIT 3 RATE 0 100111 39
CHEKING BIT 2 RATE 349 100011 35
CHEKING BIT 1 RATE 2389 100001 33
CHEKING BIT 0 RATE 1619 100010 34
###########################3427 111111
>>>>> IP 192.168.1.30 Adder 2 Pixels 4 50%Eff 3427
CHEKING BIT 7 RATE 0 1111111 127
CHEKING BIT 6 RATE 0 111111 63
CHEKING BIT 5 RATE 2485 11111 31
CHEKING BIT 4 RATE 0 101111 47
CHEKING BIT 3 RATE 2485 100111 39
CHEKING BIT 2 RATE 1310 101011 43
CHEKING BIT 1 RATE 12 101101 45
CHEKING BIT 0 RATE 257 101100 44
###########################4304 1111111
>>>>> IP 192.168.1.30 Adder 2 Pixels 5 50%Eff 4304
CHEKING BIT 7 RATE 0 1111111 127
CHEKING BIT 6 RATE 0 111111 63
CHEKING BIT 5 RATE 2485 11111 31
CHEKING BIT 4 RATE 2484 101111 47
CHEKING BIT 3 RATE 1 110111 55
CHEKING BIT 2 RATE 2155 110011 51
CHEKING BIT 1 RATE 227 110101 53
CHEKING BIT 0 RATE 1153 110100 52
###########################5189 11111111
>>>>> IP 192.168.1.30 Adder 2 Pixels 6 50%Eff 5189
