CHEKING BIT 7 RATE 0 1111111 127
CHEKING BIT 6 RATE 0 111111 63
CHEKING BIT 5 RATE 0 11111 31
CHEKING BIT 4 RATE 0 1111 15
CHEKING BIT 3 RATE 1908 111 7
CHEKING BIT 2 RATE 0 1011 11
CHEKING BIT 1 RATE 13 1001 9
CHEKING BIT 0 RATE 458 1000 8
###########################745 111
>>>>> IP 192.168.1.80 Adder 2 Pixels 1 50%Eff 745
CHEKING BIT 7 RATE 0 1111111 127
CHEKING BIT 6 RATE 0 111111 63
CHEKING BIT 5 RATE 0 11111 31
CHEKING BIT 4 RATE 2485 1111 15
CHEKING BIT 3 RATE 0 10111 23
CHEKING BIT 2 RATE 712 10011 19
CHEKING BIT 1 RATE 2455 10001 17
CHEKING BIT 0 RATE 1992 10010 18
###########################1856 1111
>>>>> IP 192.168.1.80 Adder 2 Pixels 2 50%Eff 1856
CHEKING BIT 7 RATE 0 1111111 127
CHEKING BIT 6 RATE 0 111111 63
CHEKING BIT 5 RATE 125 11111 31
CHEKING BIT 4 RATE 2485 1111 15
CHEKING BIT 3 RATE 2484 10111 23
CHEKING BIT 2 RATE 2485 11011 27
CHEKING BIT 1 RATE 2019 11101 29
CHEKING BIT 0 RATE 865 11110 30
###########################2968 11111
>>>>> IP 192.168.1.80 Adder 2 Pixels 3 50%Eff 2968
CHEKING BIT 7 RATE 0 1111111 127
CHEKING BIT 6 RATE 0 111111 63
CHEKING BIT 5 RATE 2485 11111 31
CHEKING BIT 4 RATE 0 101111 47
CHEKING BIT 3 RATE 2388 100111 39
CHEKING BIT 2 RATE 7 101011 43
CHEKING BIT 1 RATE 848 101001 41
CHEKING BIT 0 RATE 1951 101000 40
###########################4066 111111
>>>>> IP 192.168.1.80 Adder 2 Pixels 4 50%Eff 4066
CHEKING BIT 7 RATE 0 1111111 127
CHEKING BIT 6 RATE 0 111111 63
CHEKING BIT 5 RATE 2485 11111 31
CHEKING BIT 4 RATE 2485 101111 47
CHEKING BIT 3 RATE 0 110111 55
CHEKING BIT 2 RATE 1315 110011 51
CHEKING BIT 1 RATE 45 110101 53
CHEKING BIT 0 RATE 405 110100 52
###########################5111 1111111
>>>>> IP 192.168.1.80 Adder 2 Pixels 5 50%Eff 5111
CHEKING BIT 7 RATE 0 1111111 127
CHEKING BIT 6 RATE 56 111111 63
CHEKING BIT 5 RATE 2485 11111 31
CHEKING BIT 4 RATE 2484 101111 47
CHEKING BIT 3 RATE 2485 110111 55
CHEKING BIT 2 RATE 2445 111011 59
CHEKING BIT 1 RATE 1506 111101 61
CHEKING BIT 0 RATE 504 111110 62
###########################6125 11111111
>>>>> IP 192.168.1.80 Adder 2 Pixels 6 50%Eff 6125
